[2018-05-15 16:59:13][debug] begin notify
[2018-05-15 16:59:47][debug] begin notify
[2018-05-15 16:59:47][debug] call back:{"appid":"wxe1edbc4eebb13a88","attach":"test","bank_type":"CFT","cash_fee":"1","fee_type":"CNY","is_subscribe":"N","mch_id":"1486977852","nonce_str":"i07nz0e4qm6ryx1y9xups9bayqn822xr","openid":"o8JZ31tW7UwzYM6MLy9KYUVuFW4I","out_trade_no":"3217","result_code":"SUCCESS","return_code":"SUCCESS","sign":"D980D08993AF7BA799F4B3F58543565C","time_end":"20180515165946","total_fee":"1","trade_type":"NATIVE","transaction_id":"4200000140201805150312687020"}
[2018-05-15 16:59:47][debug] query:{"appid":"wxe1edbc4eebb13a88","attach":"test","bank_type":"CFT","cash_fee":"1","fee_type":"CNY","is_subscribe":"N","mch_id":"1486977852","nonce_str":"QnzurPt8dqpyMGqC","openid":"o8JZ31tW7UwzYM6MLy9KYUVuFW4I","out_trade_no":"3217","result_code":"SUCCESS","return_code":"SUCCESS","return_msg":"OK","sign":"F378EC44FBAAFDD7C98504E5A0C254E3","time_end":"20180515165946","total_fee":"1","trade_state":"SUCCESS","trade_state_desc":"\u652f\u4ed8\u6210\u529f","trade_type":"NATIVE","transaction_id":"4200000140201805150312687020"}
[2018-05-15 17:05:38][debug] begin notify
[2018-05-15 17:05:38][debug] call back:{"appid":"wxe1edbc4eebb13a88","attach":"test","bank_type":"CFT","cash_fee":"1","fee_type":"CNY","is_subscribe":"N","mch_id":"1486977852","nonce_str":"m1t050p7cxgqc1uqaxxildhlo6cu2c24","openid":"o8JZ31tW7UwzYM6MLy9KYUVuFW4I","out_trade_no":"20180515170528","result_code":"SUCCESS","return_code":"SUCCESS","sign":"E56622CFAFB7CEB5549A0EA1957AA9DB","time_end":"20180515170538","total_fee":"1","trade_type":"NATIVE","transaction_id":"4200000146201805150360539762"}
[2018-05-15 17:05:50][debug] begin notify
[2018-05-15 17:05:50][debug] call back:{"appid":"wxe1edbc4eebb13a88","attach":"test","bank_type":"CFT","cash_fee":"1","fee_type":"CNY","is_subscribe":"N","mch_id":"1486977852","nonce_str":"m1t050p7cxgqc1uqaxxildhlo6cu2c24","openid":"o8JZ31tW7UwzYM6MLy9KYUVuFW4I","out_trade_no":"20180515170528","result_code":"SUCCESS","return_code":"SUCCESS","sign":"E56622CFAFB7CEB5549A0EA1957AA9DB","time_end":"20180515170538","total_fee":"1","trade_type":"NATIVE","transaction_id":"4200000146201805150360539762"}
[2018-05-15 17:06:08][debug] begin notify
[2018-05-15 17:06:08][debug] call back:{"appid":"wxe1edbc4eebb13a88","attach":"test","bank_type":"CFT","cash_fee":"1","fee_type":"CNY","is_subscribe":"N","mch_id":"1486977852","nonce_str":"m1t050p7cxgqc1uqaxxildhlo6cu2c24","openid":"o8JZ31tW7UwzYM6MLy9KYUVuFW4I","out_trade_no":"20180515170528","result_code":"SUCCESS","return_code":"SUCCESS","sign":"E56622CFAFB7CEB5549A0EA1957AA9DB","time_end":"20180515170538","total_fee":"1","trade_type":"NATIVE","transaction_id":"4200000146201805150360539762"}
[2018-05-15 17:06:41][debug] begin notify
[2018-05-15 17:06:41][debug] call back:{"appid":"wxe1edbc4eebb13a88","attach":"test","bank_type":"CFT","cash_fee":"1","fee_type":"CNY","is_subscribe":"N","mch_id":"1486977852","nonce_str":"m1t050p7cxgqc1uqaxxildhlo6cu2c24","openid":"o8JZ31tW7UwzYM6MLy9KYUVuFW4I","out_trade_no":"20180515170528","result_code":"SUCCESS","return_code":"SUCCESS","sign":"E56622CFAFB7CEB5549A0EA1957AA9DB","time_end":"20180515170538","total_fee":"1","trade_type":"NATIVE","transaction_id":"4200000146201805150360539762"}
[2018-05-15 17:09:45][debug] begin notify
[2018-05-15 17:09:45][debug] call back:{"appid":"wxe1edbc4eebb13a88","attach":"test","bank_type":"CFT","cash_fee":"1","fee_type":"CNY","is_subscribe":"N","mch_id":"1486977852","nonce_str":"m1t050p7cxgqc1uqaxxildhlo6cu2c24","openid":"o8JZ31tW7UwzYM6MLy9KYUVuFW4I","out_trade_no":"20180515170528","result_code":"SUCCESS","return_code":"SUCCESS","sign":"E56622CFAFB7CEB5549A0EA1957AA9DB","time_end":"20180515170538","total_fee":"1","trade_type":"NATIVE","transaction_id":"4200000146201805150360539762"}
[2018-05-15 17:10:03][debug] begin notify
[2018-05-15 17:10:03][debug] call back:{"appid":"wxe1edbc4eebb13a88","attach":"test","bank_type":"CFT","cash_fee":"1","fee_type":"CNY","is_subscribe":"N","mch_id":"1486977852","nonce_str":"b35ws31y99uelyjyblw8bvvotjl6z084","openid":"o8JZ31tW7UwzYM6MLy9KYUVuFW4I","out_trade_no":"20180515170952","result_code":"SUCCESS","return_code":"SUCCESS","sign":"BA96E4F4663FF0C1DE9B956CB212F5F7","time_end":"20180515171002","total_fee":"1","trade_type":"NATIVE","transaction_id":"4200000140201805150184313086"}
[2018-05-15 17:10:18][debug] begin notify
[2018-05-15 17:10:18][debug] call back:{"appid":"wxe1edbc4eebb13a88","attach":"test","bank_type":"CFT","cash_fee":"1","fee_type":"CNY","is_subscribe":"N","mch_id":"1486977852","nonce_str":"b35ws31y99uelyjyblw8bvvotjl6z084","openid":"o8JZ31tW7UwzYM6MLy9KYUVuFW4I","out_trade_no":"20180515170952","result_code":"SUCCESS","return_code":"SUCCESS","sign":"BA96E4F4663FF0C1DE9B956CB212F5F7","time_end":"20180515171002","total_fee":"1","trade_type":"NATIVE","transaction_id":"4200000140201805150184313086"}
[2018-05-15 17:10:34][debug] begin notify
[2018-05-15 17:10:34][debug] call back:{"appid":"wxe1edbc4eebb13a88","attach":"test","bank_type":"CFT","cash_fee":"1","fee_type":"CNY","is_subscribe":"N","mch_id":"1486977852","nonce_str":"b35ws31y99uelyjyblw8bvvotjl6z084","openid":"o8JZ31tW7UwzYM6MLy9KYUVuFW4I","out_trade_no":"20180515170952","result_code":"SUCCESS","return_code":"SUCCESS","sign":"BA96E4F4663FF0C1DE9B956CB212F5F7","time_end":"20180515171002","total_fee":"1","trade_type":"NATIVE","transaction_id":"4200000140201805150184313086"}
[2018-05-15 17:11:04][debug] begin notify
[2018-05-15 17:11:04][debug] call back:{"appid":"wxe1edbc4eebb13a88","attach":"test","bank_type":"CFT","cash_fee":"1","fee_type":"CNY","is_subscribe":"N","mch_id":"1486977852","nonce_str":"b35ws31y99uelyjyblw8bvvotjl6z084","openid":"o8JZ31tW7UwzYM6MLy9KYUVuFW4I","out_trade_no":"20180515170952","result_code":"SUCCESS","return_code":"SUCCESS","sign":"BA96E4F4663FF0C1DE9B956CB212F5F7","time_end":"20180515171002","total_fee":"1","trade_type":"NATIVE","transaction_id":"4200000140201805150184313086"}
[2018-05-15 17:14:05][debug] begin notify
[2018-05-15 17:14:05][debug] call back:{"appid":"wxe1edbc4eebb13a88","attach":"test","bank_type":"CFT","cash_fee":"1","fee_type":"CNY","is_subscribe":"N","mch_id":"1486977852","nonce_str":"b35ws31y99uelyjyblw8bvvotjl6z084","openid":"o8JZ31tW7UwzYM6MLy9KYUVuFW4I","out_trade_no":"20180515170952","result_code":"SUCCESS","return_code":"SUCCESS","sign":"BA96E4F4663FF0C1DE9B956CB212F5F7","time_end":"20180515171002","total_fee":"1","trade_type":"NATIVE","transaction_id":"4200000140201805150184313086"}
[2018-05-15 17:14:15][debug] begin notify
[2018-05-15 17:14:15][debug] call back:{"appid":"wxe1edbc4eebb13a88","attach":"test","bank_type":"CFT","cash_fee":"1","fee_type":"CNY","is_subscribe":"N","mch_id":"1486977852","nonce_str":"5offt5ss3zf4r8rrmc7a8a0blx7xc4yz","openid":"o8JZ31tW7UwzYM6MLy9KYUVuFW4I","out_trade_no":"20180515171403","result_code":"SUCCESS","return_code":"SUCCESS","sign":"042DF20FD868D48314A34540FB44F950","time_end":"20180515171414","total_fee":"1","trade_type":"NATIVE","transaction_id":"4200000150201805159915321722"}
[2018-05-15 17:19:52][debug] begin notify
[2018-05-15 17:19:52][debug] call back:{"appid":"wxe1edbc4eebb13a88","attach":"test","bank_type":"CFT","cash_fee":"300","fee_type":"CNY","is_subscribe":"N","mch_id":"1486977852","nonce_str":"xxpik57yizyeukxntq5qgaeg1nu9y5k7","openid":"o8JZ31pnMBw2vm-IyRBuWJUwBOSo","out_trade_no":"612740","result_code":"SUCCESS","return_code":"SUCCESS","sign":"6FF2BE24D6486A152093B806F8BFD2D6","time_end":"20180515171952","total_fee":"300","trade_type":"NATIVE","transaction_id":"4200000156201805150460103469"}
[2018-05-15 17:20:35][debug] begin notify
[2018-05-15 17:20:35][debug] call back:{"appid":"wxe1edbc4eebb13a88","attach":"test","bank_type":"CCB_DEBIT","cash_fee":"8900","fee_type":"CNY","is_subscribe":"N","mch_id":"1486977852","nonce_str":"3t4vizyl3o4jw7h5gn4qurfpyii1aken","openid":"o8JZ31i2Zx-LBpsI-oVmrwQyRzvg","out_trade_no":"1475467","result_code":"SUCCESS","return_code":"SUCCESS","sign":"75252593C1D9037B7606D628348A8109","time_end":"20180515172034","total_fee":"8900","trade_type":"NATIVE","transaction_id":"4200000152201805150523326873"}
[2018-05-15 17:21:08][debug] begin notify
[2018-05-15 17:21:08][debug] call back:{"appid":"wxe1edbc4eebb13a88","attach":"test","bank_type":"CFT","cash_fee":"5000","fee_type":"CNY","is_subscribe":"N","mch_id":"1486977852","nonce_str":"w98lebed103a1gohpxw1swgyjquau84d","openid":"o8JZ31vveu7IH5chjVmkJTyfQ3Qk","out_trade_no":"1475466","result_code":"SUCCESS","return_code":"SUCCESS","sign":"97523EC7CB109D57C8F3F7F515987B73","time_end":"20180515172107","total_fee":"5000","trade_type":"NATIVE","transaction_id":"4200000156201805150409991422"}
[2018-05-15 17:21:46][debug] begin notify
[2018-05-15 17:21:46][debug] call back:{"appid":"wxe1edbc4eebb13a88","attach":"test","bank_type":"CFT","cash_fee":"5000","fee_type":"CNY","is_subscribe":"N","mch_id":"1486977852","nonce_str":"f6we3lfn61cfplurvv0zrivj9ba5acj5","openid":"o8JZ31mJm2GPB90aEyc1JEI8QXTA","out_trade_no":"612755","result_code":"SUCCESS","return_code":"SUCCESS","sign":"CAC3731AB146AFAC98B4E86C5FD300C8","time_end":"20180515172146","total_fee":"5000","trade_type":"NATIVE","transaction_id":"4200000149201805150353889439"}
[2018-05-15 17:22:21][debug] begin notify
[2018-05-15 17:22:21][debug] call back:{"appid":"wxe1edbc4eebb13a88","attach":"test","bank_type":"PSBC_DEBIT","cash_fee":"99986","coupon_count":"1","coupon_fee":"14","coupon_fee_0":"14","coupon_id_0":"2000000031767119020","fee_type":"CNY","is_subscribe":"N","mch_id":"1486977852","nonce_str":"haxk6psp4zjuyhuk7f2690z8qzh7ecol","openid":"o8JZ31vXFArdNhbCp_34ZttJJgVk","out_trade_no":"1475488","result_code":"SUCCESS","return_code":"SUCCESS","sign":"556494B91FA342AF2A132CDA4522FB75","time_end":"20180515172220","total_fee":"100000","trade_type":"NATIVE","transaction_id":"4200000156201805150451213153"}
[2018-05-15 17:23:11][debug] begin notify
[2018-05-15 17:23:11][debug] call back:{"appid":"wxe1edbc4eebb13a88","attach":"test","bank_type":"CCB_DEBIT","cash_fee":"20000","fee_type":"CNY","is_subscribe":"N","mch_id":"1486977852","nonce_str":"jpecb29z4m0e37k299cf3qznp9u01gxt","openid":"o8JZ31lIFAcZPxyrlBl_VTaJeDCY","out_trade_no":"1475499","result_code":"SUCCESS","return_code":"SUCCESS","sign":"194C1779150ECD32C1574E8CE3646CA3","time_end":"20180515172311","total_fee":"20000","trade_type":"NATIVE","transaction_id":"4200000146201805150480575001"}
[2018-05-15 17:23:33][debug] begin notify
[2018-05-15 17:23:33][debug] call back:{"appid":"wxe1edbc4eebb13a88","attach":"test","bank_type":"PSBC_DEBIT","cash_fee":"4900","fee_type":"CNY","is_subscribe":"N","mch_id":"1486977852","nonce_str":"mhu4nj3h2k7toz7qo701tj5qnnb3bdzf","openid":"o8JZ31hXDcwXQqkGPcWuGG2CVVkw","out_trade_no":"1475469","result_code":"SUCCESS","return_code":"SUCCESS","sign":"9AD794B09BB49D71DA72C850B73EF8CB","time_end":"20180515172333","total_fee":"4900","trade_type":"NATIVE","transaction_id":"4200000143201805150084613525"}
[2018-05-15 17:23:35][debug] begin notify
[2018-05-15 17:23:35][debug] call back:{"appid":"wxe1edbc4eebb13a88","attach":"test","bank_type":"CFT","cash_fee":"1700","fee_type":"CNY","is_subscribe":"N","mch_id":"1486977852","nonce_str":"grmsi89bnw3lay95idf8oz9gtg40hmf3","openid":"o8JZ31hqL2a0kcP3glqeLjgGQe_8","out_trade_no":"1475503","result_code":"SUCCESS","return_code":"SUCCESS","sign":"19105A356DB66F246B40588A664DF5B0","time_end":"20180515172335","total_fee":"1700","trade_type":"NATIVE","transaction_id":"4200000139201805150407232296"}
[2018-05-15 17:25:10][debug] begin notify
[2018-05-15 17:25:10][debug] call back:{"appid":"wxe1edbc4eebb13a88","attach":"test","bank_type":"CFT","cash_fee":"1200","fee_type":"CNY","is_subscribe":"N","mch_id":"1486977852","nonce_str":"kswrof7gwqq9kzn7umz1yzcdqwfvt575","openid":"o8JZ31pnkDzHRYv4Eabg6xFyzywA","out_trade_no":"1475528","result_code":"SUCCESS","return_code":"SUCCESS","sign":"803F9A2FCE51043EA63B53838CDD993A","time_end":"20180515172510","total_fee":"1200","trade_type":"NATIVE","transaction_id":"4200000145201805150381856965"}
[2018-05-15 17:25:59][debug] begin notify
[2018-05-15 17:25:59][debug] call back:{"appid":"wxe1edbc4eebb13a88","attach":"test","bank_type":"CFT","cash_fee":"200","fee_type":"CNY","is_subscribe":"N","mch_id":"1486977852","nonce_str":"bewdk456447a20mwc0sxxr360fj58d1z","openid":"o8JZ31txcn2BTyLnVz7_xZ_9A3RQ","out_trade_no":"612784","result_code":"SUCCESS","return_code":"SUCCESS","sign":"1DDA7E21B9F9E07E26AD77364857DC4C","time_end":"20180515172558","total_fee":"200","trade_type":"NATIVE","transaction_id":"4200000149201805150407290974"}
[2018-05-15 17:26:18][debug] begin notify
[2018-05-15 17:26:18][debug] call back:{"appid":"wxe1edbc4eebb13a88","attach":"test","bank_type":"ABC_DEBIT","cash_fee":"700","fee_type":"CNY","is_subscribe":"N","mch_id":"1486977852","nonce_str":"f5ktib6me1h3rg433p5s102aa4qxg8ur","openid":"o8JZ31qDOrKyteUym80C81GZBVJ4","out_trade_no":"1475551","result_code":"SUCCESS","return_code":"SUCCESS","sign":"03A57836B55F2D23E603F479C28AD710","time_end":"20180515172618","total_fee":"700","trade_type":"NATIVE","transaction_id":"4200000141201805150292004738"}
[2018-05-15 17:27:10][debug] begin notify
[2018-05-15 17:27:10][debug] call back:{"appid":"wxe1edbc4eebb13a88","attach":"test","bank_type":"CFT","cash_fee":"5000","fee_type":"CNY","is_subscribe":"N","mch_id":"1486977852","nonce_str":"irgczn0z33qwetx3e06c08n1ni90v7su","openid":"o8JZ31hZql1rAbjSfSbWvNERbttM","out_trade_no":"1475552","result_code":"SUCCESS","return_code":"SUCCESS","sign":"D91FA557B4F003477660794A03C64B20","time_end":"20180515172709","total_fee":"5000","trade_type":"NATIVE","transaction_id":"4200000157201805150554266558"}
[2018-05-15 17:37:10][debug] begin notify
[2018-05-15 17:37:10][debug] call back:{"appid":"wxe1edbc4eebb13a88","attach":"test","bank_type":"CMB_DEBIT","cash_fee":"1500","fee_type":"CNY","is_subscribe":"N","mch_id":"1486977852","nonce_str":"amyrm05lav94hru0u3gl5xqnud2yiznn","openid":"o8JZ31j2baDu-nZWfNGcC1s14ixE","out_trade_no":"1089675","result_code":"SUCCESS","return_code":"SUCCESS","sign":"DB4C8188C32B1C28A87F7E1E58BA54B5","time_end":"20180515173709","total_fee":"1500","trade_type":"NATIVE","transaction_id":"4200000155201805150282087018"}
[2018-05-15 17:37:33][debug] begin notify
[2018-05-15 17:37:33][debug] call back:{"appid":"wxe1edbc4eebb13a88","attach":"test","bank_type":"CFT","cash_fee":"200","fee_type":"CNY","is_subscribe":"N","mch_id":"1486977852","nonce_str":"l4bzf68vzgpcsoayuapt7cw3wjqr75um","openid":"o8JZ31gmHOe2-hfd-Ht78_HTVpBA","out_trade_no":"1089688","result_code":"SUCCESS","return_code":"SUCCESS","sign":"5608D4D0A4D0DE2D1230D15F541BC092","time_end":"20180515173732","total_fee":"200","trade_type":"NATIVE","transaction_id":"4200000155201805150451172485"}
[2018-05-15 17:39:31][debug] begin notify
[2018-05-15 17:39:31][debug] call back:{"appid":"wxe1edbc4eebb13a88","attach":"test","bank_type":"CFT","cash_fee":"100","fee_type":"CNY","is_subscribe":"N","mch_id":"1486977852","nonce_str":"5f03rh6is44enrh99otfcoa11s4mz3qu","openid":"o8JZ31kQNAZ_3zL4yl6xh8WlMylA","out_trade_no":"1089716","result_code":"SUCCESS","return_code":"SUCCESS","sign":"D5007EA583DAC639EEED9EBC04594E1F","time_end":"20180515173931","total_fee":"100","trade_type":"NATIVE","transaction_id":"4200000150201805150277476414"}
[2018-05-15 17:39:47][debug] begin notify
[2018-05-15 17:39:47][debug] call back:{"appid":"wxe1edbc4eebb13a88","attach":"test","bank_type":"CFT","cash_fee":"1","fee_type":"CNY","is_subscribe":"N","mch_id":"1486977852","nonce_str":"m1t050p7cxgqc1uqaxxildhlo6cu2c24","openid":"o8JZ31tW7UwzYM6MLy9KYUVuFW4I","out_trade_no":"20180515170528","result_code":"SUCCESS","return_code":"SUCCESS","sign":"E56622CFAFB7CEB5549A0EA1957AA9DB","time_end":"20180515170538","total_fee":"1","trade_type":"NATIVE","transaction_id":"4200000146201805150360539762"}
[2018-05-15 17:40:35][debug] begin notify
[2018-05-15 17:40:35][debug] call back:{"appid":"wxe1edbc4eebb13a88","attach":"test","bank_type":"ABC_DEBIT","cash_fee":"5000","fee_type":"CNY","is_subscribe":"N","mch_id":"1486977852","nonce_str":"0kmpkz0babhmjvthu0dqvclccr7093ev","openid":"o8JZ31m_0AKyRYXGC2OleAF7RXFM","out_trade_no":"1089739","result_code":"SUCCESS","return_code":"SUCCESS","sign":"915F820DB3207A540D2A6B27D12C5775","time_end":"20180515174035","total_fee":"5000","trade_type":"NATIVE","transaction_id":"4200000158201805150269765576"}
[2018-05-15 17:40:56][debug] begin notify
[2018-05-15 17:40:56][debug] call back:{"appid":"wxe1edbc4eebb13a88","attach":"test","bank_type":"COMM_DEBIT","cash_fee":"10000","fee_type":"CNY","is_subscribe":"N","mch_id":"1486977852","nonce_str":"h8vpx1v0yv7y31apuh3nacyddqcy3hs3","openid":"o8JZ31qW-ztJ-Jm46msSJ2kAHGUQ","out_trade_no":"1089745","result_code":"SUCCESS","return_code":"SUCCESS","sign":"B0458B2E7D6870A998474CE134F350D3","time_end":"20180515174056","total_fee":"10000","trade_type":"NATIVE","transaction_id":"4200000141201805150610486034"}
[2018-05-15 17:41:48][debug] begin notify
[2018-05-15 17:41:48][debug] call back:{"appid":"wxe1edbc4eebb13a88","attach":"test","bank_type":"CFT","cash_fee":"4000","fee_type":"CNY","is_subscribe":"N","mch_id":"1486977852","nonce_str":"w1b089i15zrh2kcms38hguoa57ghnm62","openid":"o8JZ31sOzE_5pCUPnnSc-04XIwR0","out_trade_no":"1089751","result_code":"SUCCESS","return_code":"SUCCESS","sign":"3C98670586C3ACFC4FCD3CDA0E1DD51D","time_end":"20180515174148","total_fee":"4000","trade_type":"NATIVE","transaction_id":"4200000145201805150532059402"}
[2018-05-15 17:43:22][debug] begin notify
[2018-05-15 17:43:22][debug] call back:{"appid":"wxe1edbc4eebb13a88","attach":"test","bank_type":"ICBC_DEBIT","cash_fee":"9886","coupon_count":"1","coupon_fee":"14","coupon_fee_0":"14","coupon_id_0":"2000000031776690215","fee_type":"CNY","is_subscribe":"N","mch_id":"1486977852","nonce_str":"le9r58r0zrqkd2tsnlebot0ujntx2s1d","openid":"o8JZ31tgSbeWyppT6amuys5eXwnc","out_trade_no":"1089782","result_code":"SUCCESS","return_code":"SUCCESS","sign":"852748DC963E72B94ADFBF8AAF9ACCFF","time_end":"20180515174322","total_fee":"9900","trade_type":"NATIVE","transaction_id":"4200000144201805150427607984"}
[2018-05-15 17:45:53][debug] begin notify
[2018-05-15 17:45:53][debug] call back:{"appid":"wxe1edbc4eebb13a88","attach":"test","bank_type":"ABC_DEBIT","cash_fee":"5000","fee_type":"CNY","is_subscribe":"Y","mch_id":"1486977852","nonce_str":"se0nnuoriabn6txca3vquxgqcumtjjwp","openid":"o8JZ31m_0AKyRYXGC2OleAF7RXFM","out_trade_no":"1089823","result_code":"SUCCESS","return_code":"SUCCESS","sign":"38DA0A537BE935D57B27C876D333A1C0","time_end":"20180515174553","total_fee":"5000","trade_type":"NATIVE","transaction_id":"4200000143201805150515480097"}
[2018-05-15 17:47:17][debug] begin notify
[2018-05-15 17:47:17][debug] call back:{"appid":"wxe1edbc4eebb13a88","attach":"test","bank_type":"ABC_DEBIT","cash_fee":"20000","fee_type":"CNY","is_subscribe":"N","mch_id":"1486977852","nonce_str":"l7h4tuv15olnxxbeguitm3295o9j1g7l","openid":"o8JZ31r9EayUb0dLwVWrbkp9KbJc","out_trade_no":"1089835","result_code":"SUCCESS","return_code":"SUCCESS","sign":"B0B057605BFDECD0C2A19BE78240C47F","time_end":"20180515174716","total_fee":"20000","trade_type":"NATIVE","transaction_id":"4200000148201805150438912803"}
[2018-05-15 17:47:21][debug] begin notify
[2018-05-15 17:47:21][debug] call back:{"appid":"wxe1edbc4eebb13a88","attach":"test","bank_type":"CFT","cash_fee":"1000","fee_type":"CNY","is_subscribe":"N","mch_id":"1486977852","nonce_str":"u3xepdtwd4x9jze8cndj75mmfrte14iv","openid":"o8JZ31mYDvcvaq6shiIy2jShT2Qk","out_trade_no":"1089822","result_code":"SUCCESS","return_code":"SUCCESS","sign":"5CE23F31DC9F31592AECAF7748EFFF52","time_end":"20180515174720","total_fee":"1000","trade_type":"NATIVE","transaction_id":"4200000144201805150555946755"}
[2018-05-15 17:47:36][debug] begin notify
[2018-05-15 17:47:36][debug] call back:{"appid":"wxe1edbc4eebb13a88","attach":"test","bank_type":"CFT","cash_fee":"2000","fee_type":"CNY","is_subscribe":"N","mch_id":"1486977852","nonce_str":"vvefoxf9apq6w20p3uo0umu1ls518bl8","openid":"o8JZ31jvZuhDrBctpyn5HSUIpOK0","out_trade_no":"1089841","result_code":"SUCCESS","return_code":"SUCCESS","sign":"B3C21D2BF61E0FE4E25B4AFC2C58904E","time_end":"20180515174735","total_fee":"2000","trade_type":"NATIVE","transaction_id":"4200000142201805150558885868"}
[2018-05-15 17:47:55][debug] begin notify
[2018-05-15 17:47:55][debug] call back:{"appid":"wxe1edbc4eebb13a88","attach":"test","bank_type":"CFT","cash_fee":"20000","fee_type":"CNY","is_subscribe":"N","mch_id":"1486977852","nonce_str":"fnwzwzqieyerapfkw62ruponiwomvf4w","openid":"o8JZ31s3HD1RFnD5jOXCp6thGuvg","out_trade_no":"1089849","result_code":"SUCCESS","return_code":"SUCCESS","sign":"D3ABA482A00A4021DFE7A6C4138D6B39","time_end":"20180515174754","total_fee":"20000","trade_type":"NATIVE","transaction_id":"4200000140201805150346940388"}
[2018-05-15 17:50:10][debug] begin notify
[2018-05-15 17:50:10][debug] call back:{"appid":"wxe1edbc4eebb13a88","attach":"test","bank_type":"CFT","cash_fee":"2000","fee_type":"CNY","is_subscribe":"N","mch_id":"1486977852","nonce_str":"vj2o3ctsq5swxnur4h1dvwwgdbrzr1i9","openid":"o8JZ31gj7Vo95E10z6S0HV2KmpWY","out_trade_no":"1089862","result_code":"SUCCESS","return_code":"SUCCESS","sign":"3EB02D37346A654A578CFB5333C5721A","time_end":"20180515175010","total_fee":"2000","trade_type":"NATIVE","transaction_id":"4200000154201805159966251649"}
[2018-05-15 17:50:15][debug] begin notify
[2018-05-15 17:50:15][debug] call back:{"appid":"wxe1edbc4eebb13a88","attach":"test","bank_type":"CCB_DEBIT","cash_fee":"3000","fee_type":"CNY","is_subscribe":"N","mch_id":"1486977852","nonce_str":"x7yw8te9j4b3aq4sd193eg6103sy0tg9","openid":"o8JZ31kGErvHuwsLNjLtlN97kzc0","out_trade_no":"1089866","result_code":"SUCCESS","return_code":"SUCCESS","sign":"49A44B8C10A0145775E3AD7726D08D32","time_end":"20180515175014","total_fee":"3000","trade_type":"NATIVE","transaction_id":"4200000139201805150381776294"}
[2018-05-15 17:50:40][debug] begin notify
[2018-05-15 17:50:40][debug] call back:{"appid":"wxe1edbc4eebb13a88","attach":"test","bank_type":"ICBC_DEBIT","cash_fee":"10000","fee_type":"CNY","is_subscribe":"N","mch_id":"1486977852","nonce_str":"pb0hvqaownjnzpw13vwa5xd4gvb18b5n","openid":"o8JZ31rEhzo9NL87X3ieNl36S1J0","out_trade_no":"1089872","result_code":"SUCCESS","return_code":"SUCCESS","sign":"2A19F37EA0276F76A68E4FB7C3BDEF0F","time_end":"20180515175039","total_fee":"10000","trade_type":"NATIVE","transaction_id":"4200000144201805150453690938"}
[2018-05-15 17:53:05][debug] begin notify
[2018-05-15 17:53:05][debug] call back:{"appid":"wxe1edbc4eebb13a88","attach":"test","bank_type":"PSBC_DEBIT","cash_fee":"5500","fee_type":"CNY","is_subscribe":"N","mch_id":"1486977852","nonce_str":"oi9p91jvpvknsv9m0meezwfrddddc397","openid":"o8JZ31mXwDp8UXmkgn5sewwUCcp0","out_trade_no":"1089930","result_code":"SUCCESS","return_code":"SUCCESS","sign":"C92B33075E00C3135884B91D634556A7","time_end":"20180515175305","total_fee":"5500","trade_type":"NATIVE","transaction_id":"4200000147201805150176691974"}
[2018-05-15 17:53:48][debug] begin notify
[2018-05-15 17:53:48][debug] call back:{"appid":"wxe1edbc4eebb13a88","attach":"test","bank_type":"CFT","cash_fee":"4000","fee_type":"CNY","is_subscribe":"N","mch_id":"1486977852","nonce_str":"l0eul7ielo41vcnrpbqv2fjlykspukqu","openid":"o8JZ31p0ATcorWpMxNbo6F2p_jA8","out_trade_no":"1089944","result_code":"SUCCESS","return_code":"SUCCESS","sign":"43CAFE15F6EEB5B641F3C5AB52D8A061","time_end":"20180515175348","total_fee":"4000","trade_type":"NATIVE","transaction_id":"4200000145201805150352420001"}
[2018-05-15 17:54:40][debug] begin notify
[2018-05-15 17:54:40][debug] call back:{"appid":"wxe1edbc4eebb13a88","attach":"test","bank_type":"CFT","cash_fee":"22000","fee_type":"CNY","is_subscribe":"N","mch_id":"1486977852","nonce_str":"fgewukp41iqh0rg6a3l5q3c2ebi8ota6","openid":"o8JZ31hGQErWaA7Dfb_m732YndFs","out_trade_no":"1089964","result_code":"SUCCESS","return_code":"SUCCESS","sign":"6D21D558546B00B557960799C7EFB958","time_end":"20180515175439","total_fee":"22000","trade_type":"NATIVE","transaction_id":"4200000150201805159883607994"}
[2018-05-15 17:56:34][debug] begin notify
[2018-05-15 17:56:34][debug] call back:{"appid":"wxe1edbc4eebb13a88","attach":"test","bank_type":"ICBC_DEBIT","cash_fee":"6000","fee_type":"CNY","is_subscribe":"N","mch_id":"1486977852","nonce_str":"u68v7thitdzwpf57d3jhayruu19haf6f","openid":"o8JZ31uu1znOGzF35bdFfmDMzOxU","out_trade_no":"1089998","result_code":"SUCCESS","return_code":"SUCCESS","sign":"2B769B32246D04197DB17BBEB2524DC3","time_end":"20180515175634","total_fee":"6000","trade_type":"NATIVE","transaction_id":"4200000145201805150311586754"}
[2018-05-15 17:57:36][debug] begin notify
[2018-05-15 17:57:36][debug] call back:{"appid":"wxe1edbc4eebb13a88","attach":"test","bank_type":"CCB_DEBIT","cash_fee":"10000","fee_type":"CNY","is_subscribe":"N","mch_id":"1486977852","nonce_str":"e10lqwe3lgyz52n50ufnt7ws30ysmdzs","openid":"o8JZ31hARCqpT_BlFKi59ErZ6Ly8","out_trade_no":"1089995","result_code":"SUCCESS","return_code":"SUCCESS","sign":"805F1C85063F049D9795FADA1ADB8D7A","time_end":"20180515175736","total_fee":"10000","trade_type":"NATIVE","transaction_id":"4200000157201805150548851588"}
[2018-05-15 17:58:29][debug] begin notify
[2018-05-15 17:58:29][debug] call back:{"appid":"wxe1edbc4eebb13a88","attach":"test","bank_type":"CFT","cash_fee":"4000","fee_type":"CNY","is_subscribe":"N","mch_id":"1486977852","nonce_str":"ohtd61pjxivqc0ot1i0cynyuj2leflh8","openid":"o8JZ31vFbFjoDKjQZj7i-93WiSc8","out_trade_no":"1090033","result_code":"SUCCESS","return_code":"SUCCESS","sign":"3610FE2643A2AE3CA70C4ECFC9D2A966","time_end":"20180515175829","total_fee":"4000","trade_type":"NATIVE","transaction_id":"4200000153201805150590370780"}
[2018-05-15 18:00:11][debug] begin notify
[2018-05-15 18:00:11][debug] call back:{"appid":"wxe1edbc4eebb13a88","attach":"test","bank_type":"ABC_DEBIT","cash_fee":"15000","fee_type":"CNY","is_subscribe":"N","mch_id":"1486977852","nonce_str":"xslskl303vwdz2ua17cfyhib3qnzp78w","openid":"o8JZ31qbJrwqVs6746mt4N8PfySM","out_trade_no":"1090047","result_code":"SUCCESS","return_code":"SUCCESS","sign":"4F8AF1A67980C9034029BE1BD518D2FD","time_end":"20180515180011","total_fee":"15000","trade_type":"NATIVE","transaction_id":"4200000139201805150409347327"}
[2018-05-15 18:00:13][debug] begin notify
[2018-05-15 18:00:13][debug] call back:{"appid":"wxe1edbc4eebb13a88","attach":"test","bank_type":"ICBC_DEBIT","cash_fee":"10000","fee_type":"CNY","is_subscribe":"Y","mch_id":"1486977852","nonce_str":"1q32pn85vqdjzjxct9555je7hmxepggr","openid":"o8JZ31uu1znOGzF35bdFfmDMzOxU","out_trade_no":"1090064","result_code":"SUCCESS","return_code":"SUCCESS","sign":"37A69A5589869667673E219B10829815","time_end":"20180515180012","total_fee":"10000","trade_type":"NATIVE","transaction_id":"4200000146201805150076398614"}
[2018-05-15 18:03:29][debug] begin notify
[2018-05-15 18:03:29][debug] call back:{"appid":"wxe1edbc4eebb13a88","attach":"test","bank_type":"CFT","cash_fee":"3000","fee_type":"CNY","is_subscribe":"N","mch_id":"1486977852","nonce_str":"yggnc72lnc8iasuls3hxk64o806x4hb8","openid":"o8JZ31gqlnPyvPjx1Fkwh7VGiL_k","out_trade_no":"1090086","result_code":"SUCCESS","return_code":"SUCCESS","sign":"DCA6849559BA8AA1F04348261C625A07","time_end":"20180515180329","total_fee":"3000","trade_type":"NATIVE","transaction_id":"4200000145201805150473246853"}
[2018-05-15 18:04:23][debug] begin notify
[2018-05-15 18:04:23][debug] call back:{"appid":"wxe1edbc4eebb13a88","attach":"test","bank_type":"CFT","cash_fee":"3000","fee_type":"CNY","is_subscribe":"N","mch_id":"1486977852","nonce_str":"ewg56dsfzwvvru1o4tvn6hklsc99sfwp","openid":"o8JZ31vFbFjoDKjQZj7i-93WiSc8","out_trade_no":"1090112","result_code":"SUCCESS","return_code":"SUCCESS","sign":"D445D26C23616AFD9FFA2C90D58CBFCA","time_end":"20180515180423","total_fee":"3000","trade_type":"NATIVE","transaction_id":"4200000156201805150546989035"}
[2018-05-15 18:04:25][debug] begin notify
[2018-05-15 18:04:25][debug] call back:{"appid":"wxe1edbc4eebb13a88","attach":"test","bank_type":"PSBC_DEBIT","cash_fee":"5000","fee_type":"CNY","is_subscribe":"N","mch_id":"1486977852","nonce_str":"il9a907copfbidcq3mq5nuen51r3gqr8","openid":"o8JZ31nc-OzUGzALn3jtdA6RHHSA","out_trade_no":"1090103","result_code":"SUCCESS","return_code":"SUCCESS","sign":"1DBDD18198869AA3BADEE6A2B984EA75","time_end":"20180515180424","total_fee":"5000","trade_type":"NATIVE","transaction_id":"4200000154201805150575465688"}
[2018-05-15 18:05:01][debug] begin notify
[2018-05-15 18:05:01][debug] call back:{"appid":"wxe1edbc4eebb13a88","attach":"test","bank_type":"ABC_DEBIT","cash_fee":"5000","fee_type":"CNY","is_subscribe":"Y","mch_id":"1486977852","nonce_str":"19gklcxnfpsdkhkr1xfjlskkc7bgje50","openid":"o8JZ31m_0AKyRYXGC2OleAF7RXFM","out_trade_no":"1090123","result_code":"SUCCESS","return_code":"SUCCESS","sign":"8F5250EF5FF81DAC622A8960A17D356E","time_end":"20180515180500","total_fee":"5000","trade_type":"NATIVE","transaction_id":"4200000157201805159925466115"}
[2018-05-15 18:10:08][debug] begin notify
[2018-05-15 18:10:08][debug] call back:{"appid":"wxe1edbc4eebb13a88","attach":"test","bank_type":"CFT","cash_fee":"10000","fee_type":"CNY","is_subscribe":"N","mch_id":"1486977852","nonce_str":"qr7ecogcmbywpq1i6qtcbheybq8btnx1","openid":"o8JZ31m3Ee57HdhgjUqsV5MIiV0A","out_trade_no":"1090180","result_code":"SUCCESS","return_code":"SUCCESS","sign":"7D16F3BE5F7BB81683F89B1A744E5124","time_end":"20180515181007","total_fee":"10000","trade_type":"NATIVE","transaction_id":"4200000157201805150384499148"}
[2018-05-15 18:13:11][debug] begin notify
[2018-05-15 18:13:11][debug] call back:{"appid":"wxe1edbc4eebb13a88","attach":"test","bank_type":"CFT","cash_fee":"2000","fee_type":"CNY","is_subscribe":"N","mch_id":"1486977852","nonce_str":"sc1qxpbzon25ouy99ee5fxot8e7sctax","openid":"o8JZ31sOzE_5pCUPnnSc-04XIwR0","out_trade_no":"1090205","result_code":"SUCCESS","return_code":"SUCCESS","sign":"EE4952B968D0E274B572844DFD051DB5","time_end":"20180515181311","total_fee":"2000","trade_type":"NATIVE","transaction_id":"4200000155201805150237649521"}
[2018-05-15 18:24:21][debug] begin notify
[2018-05-15 18:24:21][debug] call back:{"appid":"wxe1edbc4eebb13a88","attach":"test","bank_type":"CFT","cash_fee":"6000","fee_type":"CNY","is_subscribe":"N","mch_id":"1486977852","nonce_str":"x36xg99j3t4y1xdrh0rnr5a4vgh77zj1","openid":"o8JZ31q5IwLrh0qZ_38MumrPk4kw","out_trade_no":"1090390","result_code":"SUCCESS","return_code":"SUCCESS","sign":"90B76E00F3AF92353AAE7A00D0A69E73","time_end":"20180515182421","total_fee":"6000","trade_type":"NATIVE","transaction_id":"4200000148201805150501485461"}
[2018-05-15 18:24:45][debug] begin notify
[2018-05-15 18:24:45][debug] call back:{"appid":"wxe1edbc4eebb13a88","attach":"test","bank_type":"CFT","cash_fee":"1000","fee_type":"CNY","is_subscribe":"N","mch_id":"1486977852","nonce_str":"995qejpe6asv04kx9x4ly7ayds3gb27l","openid":"o8JZ31nWEMS7-EpDnObHBtPtrIJw","out_trade_no":"1090397","result_code":"SUCCESS","return_code":"SUCCESS","sign":"B89BD84BE056259AA0F8CD2964B27A9C","time_end":"20180515182445","total_fee":"1000","trade_type":"NATIVE","transaction_id":"4200000147201805159958984580"}
[2018-05-15 18:25:33][debug] begin notify
[2018-05-15 18:25:33][debug] call back:{"appid":"wxe1edbc4eebb13a88","attach":"test","bank_type":"CFT","cash_fee":"11000","fee_type":"CNY","is_subscribe":"N","mch_id":"1486977852","nonce_str":"1giraut3p3ddegzkd5cl345z5sodxb9e","openid":"o8JZ31sO_OQRERDt9FbFG9Vi0uTc","out_trade_no":"1090415","result_code":"SUCCESS","return_code":"SUCCESS","sign":"8017580C812CED86A2CF688CF066167F","time_end":"20180515182533","total_fee":"11000","trade_type":"NATIVE","transaction_id":"4200000156201805159834494321"}
[2018-05-15 18:26:27][debug] begin notify
[2018-05-15 18:26:27][debug] call back:{"appid":"wxe1edbc4eebb13a88","attach":"test","bank_type":"BOC_DEBIT","cash_fee":"2000","fee_type":"CNY","is_subscribe":"N","mch_id":"1486977852","nonce_str":"ienu1zdod1t16axrevety62601e41jdv","openid":"o8JZ31lsssvylgcJCrmK-vDAZxMA","out_trade_no":"1090435","result_code":"SUCCESS","return_code":"SUCCESS","sign":"13D59D83CEBDFA1B37B5B8D2B89FA878","time_end":"20180515182626","total_fee":"2000","trade_type":"NATIVE","transaction_id":"4200000142201805150576190058"}
[2018-05-15 18:26:29][debug] begin notify
[2018-05-15 18:26:29][debug] call back:{"appid":"wxe1edbc4eebb13a88","attach":"test","bank_type":"CFT","cash_fee":"2000","fee_type":"CNY","is_subscribe":"N","mch_id":"1486977852","nonce_str":"knldp7n38h66xuh2dxshomvmm7i72f3h","openid":"o8JZ31kLCiWP_Ja-v6fEKOS69BDI","out_trade_no":"1090430","result_code":"SUCCESS","return_code":"SUCCESS","sign":"8F33E1A20F0E9FEAED04E60226C6D19A","time_end":"20180515182629","total_fee":"2000","trade_type":"NATIVE","transaction_id":"4200000154201805150553498398"}
[2018-05-15 18:26:45][debug] begin notify
[2018-05-15 18:26:45][debug] call back:{"appid":"wxe1edbc4eebb13a88","attach":"test","bank_type":"CFT","cash_fee":"5000","fee_type":"CNY","is_subscribe":"N","mch_id":"1486977852","nonce_str":"qq9phfhepq21b4oftbarc11eak6qd6q8","openid":"o8JZ31vFbFjoDKjQZj7i-93WiSc8","out_trade_no":"1090423","result_code":"SUCCESS","return_code":"SUCCESS","sign":"83D689E8151B6F1C639D65A1A0BCC272","time_end":"20180515182645","total_fee":"5000","trade_type":"NATIVE","transaction_id":"4200000139201805159805897788"}
[2018-05-15 19:33:54][debug] begin notify
[2018-05-15 19:33:54][debug] call back:{"appid":"wxe1edbc4eebb13a88","attach":"test","bank_type":"CFT","cash_fee":"1000","fee_type":"CNY","is_subscribe":"N","mch_id":"1486977852","nonce_str":"m04wn8faq4moqwaunfu9vwof741djdoi","openid":"o8JZ31r_47bdVjCjF--zKyz7b0jE","out_trade_no":"1091232","result_code":"SUCCESS","return_code":"SUCCESS","sign":"BFF9DCD4EA9D454C3E8123EA45A8058D","time_end":"20180515193354","total_fee":"1000","trade_type":"NATIVE","transaction_id":"4200000139201805150382202047"}
[2018-05-15 19:34:52][debug] begin notify
[2018-05-15 19:34:52][debug] call back:{"appid":"wxe1edbc4eebb13a88","attach":"test","bank_type":"CFT","cash_fee":"15000","fee_type":"CNY","is_subscribe":"N","mch_id":"1486977852","nonce_str":"ucd32n2tb16yfi16d3dyzlx0fb5hgs26","openid":"o8JZ31rFFpONsrZLu1vwdF0dRKqQ","out_trade_no":"1091236","result_code":"SUCCESS","return_code":"SUCCESS","sign":"4C21B44258A8791BE64AB306DDB3C8FD","time_end":"20180515193452","total_fee":"15000","trade_type":"NATIVE","transaction_id":"4200000149201805150567776949"}
[2018-05-15 19:35:31][debug] begin notify
[2018-05-15 19:35:31][debug] call back:{"appid":"wxe1edbc4eebb13a88","attach":"test","bank_type":"CFT","cash_fee":"20000","fee_type":"CNY","is_subscribe":"N","mch_id":"1486977852","nonce_str":"k1o47pbunnuw7m163jvx39vke1rj6gvf","openid":"o8JZ31hSdUaMjkmYlWhkqQvSrABY","out_trade_no":"1091248","result_code":"SUCCESS","return_code":"SUCCESS","sign":"138616D1A364CEF1018D8784941C33D0","time_end":"20180515193530","total_fee":"20000","trade_type":"NATIVE","transaction_id":"4200000143201805150623995983"}
[2018-05-15 19:36:15][debug] begin notify
[2018-05-15 19:36:15][debug] call back:{"appid":"wxe1edbc4eebb13a88","attach":"test","bank_type":"CCB_DEBIT","cash_fee":"20000","fee_type":"CNY","is_subscribe":"N","mch_id":"1486977852","nonce_str":"wbxd0aqw366qitvnueqrq9y2bvq4brig","openid":"o8JZ31lTmKtmkQ2d7XxrzZxCbKi4","out_trade_no":"1091253","result_code":"SUCCESS","return_code":"SUCCESS","sign":"95D3A01F042F2CC7964D0CBD66FBFA18","time_end":"20180515193615","total_fee":"20000","trade_type":"NATIVE","transaction_id":"4200000155201805150162636031"}
[2018-05-15 19:36:24][debug] begin notify
[2018-05-15 19:36:24][debug] call back:{"appid":"wxe1edbc4eebb13a88","attach":"test","bank_type":"ABC_DEBIT","cash_fee":"2000","fee_type":"CNY","is_subscribe":"N","mch_id":"1486977852","nonce_str":"8m0r2p1gml38urpoiye5l31chh3jc0wv","openid":"o8JZ31qTOInYhHcudb5dxsiwFRj0","out_trade_no":"1091249","result_code":"SUCCESS","return_code":"SUCCESS","sign":"951F00EFC65F1DE2B8ED912AB91BE0A7","time_end":"20180515193623","total_fee":"2000","trade_type":"NATIVE","transaction_id":"4200000140201805150184973644"}
[2018-05-15 19:37:54][debug] begin notify
[2018-05-15 19:37:54][debug] call back:{"appid":"wxe1edbc4eebb13a88","attach":"test","bank_type":"CFT","cash_fee":"10000","fee_type":"CNY","is_subscribe":"N","mch_id":"1486977852","nonce_str":"skcw2f54vx30rg2zpjyi1ndzfstpjiq2","openid":"o8JZ31j2IkY3Xwr6WlW-OySxB1cM","out_trade_no":"1091280","result_code":"SUCCESS","return_code":"SUCCESS","sign":"CB50790B8D2EE005C8109FD7DD590E78","time_end":"20180515193754","total_fee":"10000","trade_type":"NATIVE","transaction_id":"4200000141201805150555652439"}
[2018-05-15 19:40:17][debug] begin notify
[2018-05-15 19:40:17][debug] call back:{"appid":"wxe1edbc4eebb13a88","attach":"test","bank_type":"CFT","cash_fee":"700","fee_type":"CNY","is_subscribe":"Y","mch_id":"1486977852","nonce_str":"io5rg4y7b475mzou8ui6m2ga12hudiok","openid":"o8JZ31r_47bdVjCjF--zKyz7b0jE","out_trade_no":"1091313","result_code":"SUCCESS","return_code":"SUCCESS","sign":"DA7E8CD6C68F077CF31DD7AF66E419A0","time_end":"20180515194017","total_fee":"700","trade_type":"NATIVE","transaction_id":"4200000154201805150658107033"}
[2018-05-15 19:40:44][debug] begin notify
[2018-05-15 19:40:44][debug] call back:{"appid":"wxe1edbc4eebb13a88","attach":"test","bank_type":"CFT","cash_fee":"10000","fee_type":"CNY","is_subscribe":"N","mch_id":"1486977852","nonce_str":"ylux1refvfuszq81iz7331dah8bg37ik","openid":"o8JZ31t8ibAa7N7quQpDrXQ2j-GI","out_trade_no":"1091319","result_code":"SUCCESS","return_code":"SUCCESS","sign":"6CA88ADE075C4EB666AF70CBB7372F3A","time_end":"20180515194043","total_fee":"10000","trade_type":"NATIVE","transaction_id":"4200000140201805150147505038"}
[2018-05-15 19:40:54][debug] begin notify
[2018-05-15 19:40:54][debug] call back:{"appid":"wxe1edbc4eebb13a88","attach":"test","bank_type":"CFT","cash_fee":"4000","fee_type":"CNY","is_subscribe":"Y","mch_id":"1486977852","nonce_str":"gnex07yi41vws3ve47itry4f36vcou9r","openid":"o8JZ31kGErvHuwsLNjLtlN97kzc0","out_trade_no":"1091322","result_code":"SUCCESS","return_code":"SUCCESS","sign":"22AEEE779E388823C0F34910BF2EC5E6","time_end":"20180515194053","total_fee":"4000","trade_type":"NATIVE","transaction_id":"4200000143201805150100250189"}
[2018-05-15 19:42:08][debug] begin notify
[2018-05-15 19:42:08][debug] call back:{"appid":"wxe1edbc4eebb13a88","attach":"test","bank_type":"ABC_DEBIT","cash_fee":"3800","fee_type":"CNY","is_subscribe":"N","mch_id":"1486977852","nonce_str":"p1pfubfxb8qtb8rhhykk1svhj7h256xc","openid":"o8JZ31sVbPXDeZeHI3MGzDZK4yME","out_trade_no":"1091318","result_code":"SUCCESS","return_code":"SUCCESS","sign":"4AA282DA68F738DAEE3FD51F47DC6068","time_end":"20180515194207","total_fee":"3800","trade_type":"NATIVE","transaction_id":"4200000152201805150480877739"}
[2018-05-15 19:42:50][debug] begin notify
[2018-05-15 19:42:50][debug] call back:{"appid":"wxe1edbc4eebb13a88","attach":"test","bank_type":"ICBC_DEBIT","cash_fee":"20000","fee_type":"CNY","is_subscribe":"N","mch_id":"1486977852","nonce_str":"9lnib99zyl3tnstk37kbbscu6p5styih","openid":"o8JZ31uvkVcy4qnfTh5gxblQkS6c","out_trade_no":"1091353","result_code":"SUCCESS","return_code":"SUCCESS","sign":"965CBBB7A2E6D23ADF1DED9E63F30FA6","time_end":"20180515194249","total_fee":"20000","trade_type":"NATIVE","transaction_id":"4200000145201805150477456179"}
[2018-05-15 19:43:02][debug] begin notify
[2018-05-15 19:43:02][debug] call back:{"appid":"wxe1edbc4eebb13a88","attach":"test","bank_type":"CFT","cash_fee":"500","fee_type":"CNY","is_subscribe":"N","mch_id":"1486977852","nonce_str":"3ix8j2jdzoha4vl6lnvzdme2axhn9zvw","openid":"o8JZ31rkV40h7b0SxFF12-X6znmg","out_trade_no":"1091345","result_code":"SUCCESS","return_code":"SUCCESS","sign":"976CC8B9AB1905F5CF1A2B61CD713274","time_end":"20180515194302","total_fee":"500","trade_type":"NATIVE","transaction_id":"4200000141201805150434525908"}
[2018-05-15 19:43:30][debug] begin notify
[2018-05-15 19:43:30][debug] call back:{"appid":"wxe1edbc4eebb13a88","attach":"test","bank_type":"CFT","cash_fee":"30000","fee_type":"CNY","is_subscribe":"N","mch_id":"1486977852","nonce_str":"nrt0uouq5tj8taslmnbab2gpewmiken0","openid":"o8JZ31puaGipHrqoI6bb_dtGEONM","out_trade_no":"1091360","result_code":"SUCCESS","return_code":"SUCCESS","sign":"E6F6EE2EA2BFA5DF443C2F8BA90C5E83","time_end":"20180515194329","total_fee":"30000","trade_type":"NATIVE","transaction_id":"4200000155201805150457428717"}
[2018-05-15 19:44:30][debug] begin notify
[2018-05-15 19:44:30][debug] call back:{"appid":"wxe1edbc4eebb13a88","attach":"test","bank_type":"CFT","cash_fee":"2000","fee_type":"CNY","is_subscribe":"N","mch_id":"1486977852","nonce_str":"zbpx2hva414nbydaem56tbzg5cj2bg33","openid":"o8JZ31pUKmUFks5Eyv7LESvk3aV8","out_trade_no":"1091375","result_code":"SUCCESS","return_code":"SUCCESS","sign":"5974D9E41B79DCE094070A7A98DAFD00","time_end":"20180515194429","total_fee":"2000","trade_type":"NATIVE","transaction_id":"4200000147201805150569696362"}
