[ 2018-06-25T01:32:03+08:00 ] 220.181.125.86 /index.php?m=shop&c=brand&a=list&m=shop&brand=335&area_id=2&order=2&key=2&type=0&gift=0
INFO: [ app_init ] --START--
INFO: Run Behavior\BuildLiteBehavior [ RunTime:0.000011s ]
INFO: [ app_init ] --END-- [ RunTime:0.000046s ]
ERR: 无法加载模块:Shop

[ 2018-06-25T01:32:41+08:00 ] 220.181.125.86 /index.php?m=shop&c=brand&a=list&m=shop&brand=335&area_id=3&order=2&key=2&type=1&gift=0
INFO: [ app_init ] --START--
INFO: Run Behavior\BuildLiteBehavior [ RunTime:0.000010s ]
INFO: [ app_init ] --END-- [ RunTime:0.000046s ]
ERR: 无法加载模块:Shop

[ 2018-06-25T01:33:23+08:00 ] 220.181.125.86 /index.php?m=shop&c=brand&a=list&m=shop&brand=187&order=1&key=2&area_id=14&gift=1&type=1
INFO: [ app_init ] --START--
INFO: Run Behavior\BuildLiteBehavior [ RunTime:0.000011s ]
INFO: [ app_init ] --END-- [ RunTime:0.000046s ]
ERR: 无法加载模块:Shop

[ 2018-06-25T01:36:55+08:00 ] 220.181.125.86 /index.php?m=shop&c=show_joinin&a=index
INFO: [ app_init ] --START--
INFO: Run Behavior\BuildLiteBehavior [ RunTime:0.000010s ]
INFO: [ app_init ] --END-- [ RunTime:0.000044s ]
ERR: 无法加载模块:Shop

[ 2018-06-25T01:37:50+08:00 ] 220.181.125.86 /index.php?m=shop&c=brand&a=list&m=shop&brand=335&area_id=17&order=2&key=2&gift=1
INFO: [ app_init ] --START--
INFO: Run Behavior\BuildLiteBehavior [ RunTime:0.000012s ]
INFO: [ app_init ] --END-- [ RunTime:0.000051s ]
ERR: 无法加载模块:Shop

[ 2018-06-25T01:38:21+08:00 ] 220.181.125.86 /index.php?m=shop&c=brand&a=list&m=shop&brand=335&area_id=33&order=1&key=2&type=1&gift=0
INFO: [ app_init ] --START--
INFO: Run Behavior\BuildLiteBehavior [ RunTime:0.000012s ]
INFO: [ app_init ] --END-- [ RunTime:0.000049s ]
ERR: 无法加载模块:Shop

[ 2018-06-25T01:38:48+08:00 ] 220.181.125.86 /index.php?m=shop&c=brand&a=list&m=shop&brand=317&area_id=5&type=1&order=1&key=1&gift=0
INFO: [ app_init ] --START--
INFO: Run Behavior\BuildLiteBehavior [ RunTime:0.000010s ]
INFO: [ app_init ] --END-- [ RunTime:0.000047s ]
ERR: 无法加载模块:Shop

[ 2018-06-25T01:39:12+08:00 ] 220.181.125.86 /index.php?m=shop&c=brand&a=list&m=shop&brand=196&area_id=33&key=0&order=0&gift=1
INFO: [ app_init ] --START--
INFO: Run Behavior\BuildLiteBehavior [ RunTime:0.000011s ]
INFO: [ app_init ] --END-- [ RunTime:0.000045s ]
ERR: 无法加载模块:Shop

[ 2018-06-25T01:39:36+08:00 ] 220.181.125.86 /index.php?m=shop&c=brand&a=list&m=shop&brand=96&area_id=33&key=2&order=2&gift=1
INFO: [ app_init ] --START--
INFO: Run Behavior\BuildLiteBehavior [ RunTime:0.000009s ]
INFO: [ app_init ] --END-- [ RunTime:0.000057s ]
ERR: 无法加载模块:Shop

[ 2018-06-25T01:39:59+08:00 ] 220.181.125.86 /index.php?m=shop&c=brand&a=list&m=shop&brand=129&area_id=22&order=2&key=3&type=1&gift=0
INFO: [ app_init ] --START--
INFO: Run Behavior\BuildLiteBehavior [ RunTime:0.000011s ]
INFO: [ app_init ] --END-- [ RunTime:0.000045s ]
ERR: 无法加载模块:Shop

[ 2018-06-25T01:40:21+08:00 ] 220.181.125.86 /index.php?m=shop&c=brand&a=list&m=shop&brand=305&key=3&order=2&area_id=28&type=0&gift=0
INFO: [ app_init ] --START--
INFO: Run Behavior\BuildLiteBehavior [ RunTime:0.000010s ]
INFO: [ app_init ] --END-- [ RunTime:0.000047s ]
ERR: 无法加载模块:Shop

[ 2018-06-25T01:40:43+08:00 ] 220.181.125.86 /index.php?m=shop&c=brand&a=list&m=shop&brand=306&area_id=33&gift=1&type=0&order=2&key=1
INFO: [ app_init ] --START--
INFO: Run Behavior\BuildLiteBehavior [ RunTime:0.000010s ]
INFO: [ app_init ] --END-- [ RunTime:0.000045s ]
ERR: 无法加载模块:Shop

[ 2018-06-25T01:41:03+08:00 ] 220.181.125.86 /index.php?m=shop&c=brand&a=list&m=shop&brand=277&order=2&key=1&area_id=12&gift=0
INFO: [ app_init ] --START--
INFO: Run Behavior\BuildLiteBehavior [ RunTime:0.000012s ]
INFO: [ app_init ] --END-- [ RunTime:0.000050s ]
ERR: 无法加载模块:Shop

[ 2018-06-25T01:41:23+08:00 ] 220.181.125.86 /index.php?m=shop&c=brand&a=list&m=shop&brand=305&key=3&order=2&area_id=32&type=0&gift=0
INFO: [ app_init ] --START--
INFO: Run Behavior\BuildLiteBehavior [ RunTime:0.000011s ]
INFO: [ app_init ] --END-- [ RunTime:0.000048s ]
ERR: 无法加载模块:Shop

[ 2018-06-25T01:41:41+08:00 ] 220.181.125.86 /index.php?m=shop&c=brand&a=list&m=shop&brand=305&key=2&order=2&area_id=34&type=1&gift=1
INFO: [ app_init ] --START--
INFO: Run Behavior\BuildLiteBehavior [ RunTime:0.000012s ]
INFO: [ app_init ] --END-- [ RunTime:0.000051s ]
ERR: 无法加载模块:Shop

[ 2018-06-25T01:42:01+08:00 ] 220.181.125.86 /index.php?m=shop&c=brand&a=list&m=shop&brand=129&area_id=14&order=2&key=3&type=1&gift=0
INFO: [ app_init ] --START--
INFO: Run Behavior\BuildLiteBehavior [ RunTime:0.000011s ]
INFO: [ app_init ] --END-- [ RunTime:0.000047s ]
ERR: 无法加载模块:Shop

[ 2018-06-25T01:42:19+08:00 ] 220.181.125.86 /index.php?m=shop&c=brand&a=list&m=shop&brand=359&area_id=28&key=2&order=2&gift=0&type=1
INFO: [ app_init ] --START--
INFO: Run Behavior\BuildLiteBehavior [ RunTime:0.000012s ]
INFO: [ app_init ] --END-- [ RunTime:0.000052s ]
ERR: 无法加载模块:Shop

[ 2018-06-25T01:42:39+08:00 ] 220.181.125.86 /index.php?m=shop&c=brand&a=list&m=shop&brand=317&area_id=19&type=1&order=1&key=1&gift=1
INFO: [ app_init ] --START--
INFO: Run Behavior\BuildLiteBehavior [ RunTime:0.000012s ]
INFO: [ app_init ] --END-- [ RunTime:0.000047s ]
ERR: 无法加载模块:Shop

[ 2018-06-25T01:42:57+08:00 ] 220.181.125.86 /index.php?m=shop&c=brand&a=list&m=shop&brand=129&area_id=2&order=2&key=3&type=1&gift=0
INFO: [ app_init ] --START--
INFO: Run Behavior\BuildLiteBehavior [ RunTime:0.000012s ]
INFO: [ app_init ] --END-- [ RunTime:0.000050s ]
ERR: 无法加载模块:Shop

[ 2018-06-25T01:43:14+08:00 ] 220.181.125.86 /index.php?m=shop&c=brand&a=list&m=shop&brand=317&area_id=22&type=1&order=1&key=3&gift=1
INFO: [ app_init ] --START--
INFO: Run Behavior\BuildLiteBehavior [ RunTime:0.000027s ]
INFO: [ app_init ] --END-- [ RunTime:0.000062s ]
ERR: 无法加载模块:Shop

[ 2018-06-25T01:43:30+08:00 ] 220.181.125.86 /index.php?m=shop&c=brand&a=list&m=shop&brand=335&area_id=26&key=3&order=1&gift=0
INFO: [ app_init ] --START--
INFO: Run Behavior\BuildLiteBehavior [ RunTime:0.000012s ]
INFO: [ app_init ] --END-- [ RunTime:0.000058s ]
ERR: 无法加载模块:Shop

[ 2018-06-25T01:43:49+08:00 ] 220.181.125.86 /index.php?m=shop&c=brand&a=list&m=shop&brand=89&key=1&order=2&area_id=27&gift=1&type=1
INFO: [ app_init ] --START--
INFO: Run Behavior\BuildLiteBehavior [ RunTime:0.000011s ]
INFO: [ app_init ] --END-- [ RunTime:0.000047s ]
ERR: 无法加载模块:Shop

[ 2018-06-25T01:44:06+08:00 ] 220.181.125.86 /index.php?m=shop&c=brand&a=list&m=shop&brand=303&area_id=4&gift=0&order=2&key=3&type=0
INFO: [ app_init ] --START--
INFO: Run Behavior\BuildLiteBehavior [ RunTime:0.000011s ]
INFO: [ app_init ] --END-- [ RunTime:0.000048s ]
ERR: 无法加载模块:Shop

[ 2018-06-25T01:44:23+08:00 ] 220.181.125.86 /index.php?m=shop&c=brand&a=list&m=shop&brand=335&area_id=2&key=3&order=1&gift=0
INFO: [ app_init ] --START--
INFO: Run Behavior\BuildLiteBehavior [ RunTime:0.000011s ]
INFO: [ app_init ] --END-- [ RunTime:0.000063s ]
ERR: 无法加载模块:Shop

[ 2018-06-25T01:44:41+08:00 ] 220.181.125.86 /index.php?m=shop&c=brand&a=list&m=shop&brand=335&area_id=21&key=0&order=0&type=1&gift=1
INFO: [ app_init ] --START--
INFO: Run Behavior\BuildLiteBehavior [ RunTime:0.000010s ]
INFO: [ app_init ] --END-- [ RunTime:0.000043s ]
ERR: 无法加载模块:Shop

[ 2018-06-25T01:44:58+08:00 ] 220.181.125.86 /index.php?m=shop&c=brand&a=list&m=shop&brand=317&area_id=24&type=0&gift=0&key=1&order=1
INFO: [ app_init ] --START--
INFO: Run Behavior\BuildLiteBehavior [ RunTime:0.000011s ]
INFO: [ app_init ] --END-- [ RunTime:0.000056s ]
ERR: 无法加载模块:Shop

[ 2018-06-25T01:45:14+08:00 ] 220.181.125.86 /index.php?m=shop&c=brand&a=list&m=shop&brand=348&area_id=23&order=1&key=1&gift=1&type=1
INFO: [ app_init ] --START--
INFO: Run Behavior\BuildLiteBehavior [ RunTime:0.000010s ]
INFO: [ app_init ] --END-- [ RunTime:0.000047s ]
ERR: 无法加载模块:Shop

[ 2018-06-25T01:45:32+08:00 ] 220.181.125.86 /index.php?m=shop&c=brand&a=list&m=shop&brand=335&area_id=18&key=3&order=1&type=0&gift=1
INFO: [ app_init ] --START--
INFO: Run Behavior\BuildLiteBehavior [ RunTime:0.000010s ]
INFO: [ app_init ] --END-- [ RunTime:0.000045s ]
ERR: 无法加载模块:Shop

[ 2018-06-25T01:45:48+08:00 ] 220.181.125.86 /index.php?m=shop&c=brand&a=list&m=shop&brand=317&area_id=27&type=0&gift=1&key=3&order=1
INFO: [ app_init ] --START--
INFO: Run Behavior\BuildLiteBehavior [ RunTime:0.000010s ]
INFO: [ app_init ] --END-- [ RunTime:0.000046s ]
ERR: 无法加载模块:Shop

[ 2018-06-25T01:46:06+08:00 ] 220.181.125.86 /index.php?m=shop&c=brand&a=list&m=shop&brand=317&area_id=6&type=0&order=1&key=2&gift=0
INFO: [ app_init ] --START--
INFO: Run Behavior\BuildLiteBehavior [ RunTime:0.000020s ]
INFO: [ app_init ] --END-- [ RunTime:0.000058s ]
ERR: 无法加载模块:Shop

[ 2018-06-25T01:46:26+08:00 ] 220.181.125.86 /index.php?m=shop&c=brand&a=list&m=shop&brand=317&area_id=18&type=1&gift=1&key=1&order=1
INFO: [ app_init ] --START--
INFO: Run Behavior\BuildLiteBehavior [ RunTime:0.000011s ]
INFO: [ app_init ] --END-- [ RunTime:0.000045s ]
ERR: 无法加载模块:Shop

[ 2018-06-25T01:46:42+08:00 ] 220.181.125.86 /index.php?m=shop&c=brand&a=list&m=shop&brand=348&area_id=9&order=1&key=3&gift=1&type=1
INFO: [ app_init ] --START--
INFO: Run Behavior\BuildLiteBehavior [ RunTime:0.000010s ]
INFO: [ app_init ] --END-- [ RunTime:0.000046s ]
ERR: 无法加载模块:Shop

[ 2018-06-25T01:47:00+08:00 ] 220.181.125.86 /index.php?m=shop&c=brand&a=list&m=shop&brand=89&area_id=0&order=0&key=0
INFO: [ app_init ] --START--
INFO: Run Behavior\BuildLiteBehavior [ RunTime:0.000011s ]
INFO: [ app_init ] --END-- [ RunTime:0.000047s ]
ERR: 无法加载模块:Shop

[ 2018-06-25T01:47:18+08:00 ] 220.181.125.86 /index.php?m=shop&c=brand&a=list&m=shop&brand=89&key=2&order=2&area_id=0
INFO: [ app_init ] --START--
INFO: Run Behavior\BuildLiteBehavior [ RunTime:0.000009s ]
INFO: [ app_init ] --END-- [ RunTime:0.000044s ]
ERR: 无法加载模块:Shop

[ 2018-06-25T01:47:38+08:00 ] 220.181.125.86 /index.php?m=shop&c=brand&a=list&m=shop&brand=89&key=2&order=2&area_id=5
INFO: [ app_init ] --START--
INFO: Run Behavior\BuildLiteBehavior [ RunTime:0.000009s ]
INFO: [ app_init ] --END-- [ RunTime:0.000044s ]
ERR: 无法加载模块:Shop

[ 2018-06-25T01:47:55+08:00 ] 220.181.125.86 /index.php?m=shop&c=brand&a=list&m=shop&brand=305&order=1&key=3&area_id=10
INFO: [ app_init ] --START--
INFO: Run Behavior\BuildLiteBehavior [ RunTime:0.000011s ]
INFO: [ app_init ] --END-- [ RunTime:0.000056s ]
ERR: 无法加载模块:Shop

[ 2018-06-25T01:48:08+08:00 ] 220.181.125.86 /index.php?m=shop&c=brand&a=list&m=shop&brand=306&area_id=29&key=2&order=2
INFO: [ app_init ] --START--
INFO: Run Behavior\BuildLiteBehavior [ RunTime:0.000011s ]
INFO: [ app_init ] --END-- [ RunTime:0.000057s ]
ERR: 无法加载模块:Shop

[ 2018-06-25T01:48:21+08:00 ] 220.181.125.86 /index.php?m=shop&c=brand&a=list&m=shop&brand=348&area_id=30&order=0&key=0
INFO: [ app_init ] --START--
INFO: Run Behavior\BuildLiteBehavior [ RunTime:0.000011s ]
INFO: [ app_init ] --END-- [ RunTime:0.000048s ]
ERR: 无法加载模块:Shop

[ 2018-06-25T01:48:36+08:00 ] 220.181.125.86 /index.php?m=shop&c=brand&a=list&m=shop&brand=359&type=1&area_id=17
INFO: [ app_init ] --START--
INFO: Run Behavior\BuildLiteBehavior [ RunTime:0.000012s ]
INFO: [ app_init ] --END-- [ RunTime:0.000050s ]
ERR: 无法加载模块:Shop

[ 2018-06-25T01:48:48+08:00 ] 220.181.125.86 /index.php?m=shop&c=brand&a=list&m=shop&brand=250&area_id=4&gift=1
INFO: [ app_init ] --START--
INFO: Run Behavior\BuildLiteBehavior [ RunTime:0.000013s ]
INFO: [ app_init ] --END-- [ RunTime:0.000070s ]
ERR: 无法加载模块:Shop

[ 2018-06-25T01:49:01+08:00 ] 220.181.125.86 /index.php?m=shop&c=brand&a=list&m=shop&brand=250&area_id=1&gift=1
INFO: [ app_init ] --START--
INFO: Run Behavior\BuildLiteBehavior [ RunTime:0.000015s ]
INFO: [ app_init ] --END-- [ RunTime:0.000066s ]
ERR: 无法加载模块:Shop

[ 2018-06-25T01:49:14+08:00 ] 220.181.125.86 /index.php?m=shop&c=brand&a=list&m=shop&brand=359&type=1&area_id=11
INFO: [ app_init ] --START--
INFO: Run Behavior\BuildLiteBehavior [ RunTime:0.000009s ]
INFO: [ app_init ] --END-- [ RunTime:0.000043s ]
ERR: 无法加载模块:Shop

[ 2018-06-25T01:49:27+08:00 ] 220.181.125.86 /index.php?m=shop&c=brand&a=list&brand=89
INFO: [ app_init ] --START--
INFO: Run Behavior\BuildLiteBehavior [ RunTime:0.000011s ]
INFO: [ app_init ] --END-- [ RunTime:0.000047s ]
ERR: 无法加载模块:Shop

[ 2018-06-25T01:49:39+08:00 ] 220.181.125.86 /index.php?m=shop&c=brand&a=list&m=shop&brand=359&area_id=26&gift=1
INFO: [ app_init ] --START--
INFO: Run Behavior\BuildLiteBehavior [ RunTime:0.000011s ]
INFO: [ app_init ] --END-- [ RunTime:0.000047s ]
ERR: 无法加载模块:Shop

[ 2018-06-25T01:49:51+08:00 ] 220.181.125.86 /index.php?m=shop&c=brand&a=list&m=shop&brand=279&area_id=20
INFO: [ app_init ] --START--
INFO: Run Behavior\BuildLiteBehavior [ RunTime:0.000010s ]
INFO: [ app_init ] --END-- [ RunTime:0.000045s ]
ERR: 无法加载模块:Shop

[ 2018-06-25T01:50:04+08:00 ] 220.181.125.86 /index.php?m=shop&c=brand&a=list&m=shop&brand=359&area_id=27
INFO: [ app_init ] --START--
INFO: Run Behavior\BuildLiteBehavior [ RunTime:0.000010s ]
INFO: [ app_init ] --END-- [ RunTime:0.000044s ]
ERR: 无法加载模块:Shop

[ 2018-06-25T01:50:16+08:00 ] 220.181.125.86 /index.php?m=shop&c=brand&a=list&m=shop&brand=359&area_id=31
INFO: [ app_init ] --START--
INFO: Run Behavior\BuildLiteBehavior [ RunTime:0.000010s ]
INFO: [ app_init ] --END-- [ RunTime:0.000047s ]
ERR: 无法加载模块:Shop

[ 2018-06-25T01:50:29+08:00 ] 220.181.125.86 /index.php?m=shop&c=show_groupbuy&a=vr_groupbuy_list&vr_class=7
INFO: [ app_init ] --START--
INFO: Run Behavior\BuildLiteBehavior [ RunTime:0.000010s ]
INFO: [ app_init ] --END-- [ RunTime:0.000044s ]
ERR: 无法加载模块:Shop

[ 2018-06-25T01:50:41+08:00 ] 220.181.125.86 /index.php?m=shop&c=brand&a=list&m=shop&brand=338&order=0&key=0&area_id=19
INFO: [ app_init ] --START--
INFO: Run Behavior\BuildLiteBehavior [ RunTime:0.000011s ]
INFO: [ app_init ] --END-- [ RunTime:0.000048s ]
ERR: 无法加载模块:Shop

[ 2018-06-25T01:50:54+08:00 ] 220.181.125.86 /index.php?m=shop&c=brand&a=list&m=shop&brand=305&key=3&order=2&type=1
INFO: [ app_init ] --START--
INFO: Run Behavior\BuildLiteBehavior [ RunTime:0.000012s ]
INFO: [ app_init ] --END-- [ RunTime:0.000048s ]
ERR: 无法加载模块:Shop

[ 2018-06-25T01:51:07+08:00 ] 220.181.125.86 /index.php?m=shop&c=brand&a=list&m=shop&brand=306&area_id=14&gift=0&type=1&key=3&order=2
INFO: [ app_init ] --START--
INFO: Run Behavior\BuildLiteBehavior [ RunTime:0.000012s ]
INFO: [ app_init ] --END-- [ RunTime:0.000047s ]
ERR: 无法加载模块:Shop

[ 2018-06-25T01:51:20+08:00 ] 220.181.125.86 /index.php?m=shop&c=brand&a=list&m=shop&brand=306&area_id=4&gift=0&type=1&key=3&order=2
INFO: [ app_init ] --START--
INFO: Run Behavior\BuildLiteBehavior [ RunTime:0.000010s ]
INFO: [ app_init ] --END-- [ RunTime:0.000046s ]
ERR: 无法加载模块:Shop

[ 2018-06-25T01:51:32+08:00 ] 220.181.125.86 /index.php?m=shop&c=brand&a=list&m=shop&brand=359&area_id=11&key=3&order=2
INFO: [ app_init ] --START--
INFO: Run Behavior\BuildLiteBehavior [ RunTime:0.000011s ]
INFO: [ app_init ] --END-- [ RunTime:0.000050s ]
ERR: 无法加载模块:Shop

[ 2018-06-25T01:51:45+08:00 ] 220.181.125.86 /index.php?m=shop&c=brand&a=list&m=shop&brand=348&area_id=29&order=0&key=0
INFO: [ app_init ] --START--
INFO: Run Behavior\BuildLiteBehavior [ RunTime:0.000010s ]
INFO: [ app_init ] --END-- [ RunTime:0.000047s ]
ERR: 无法加载模块:Shop

[ 2018-06-25T01:51:56+08:00 ] 220.181.125.86 /index.php?m=shop&c=brand&a=list&m=shop&brand=226&key=2&order=2&area_id=15
INFO: [ app_init ] --START--
INFO: Run Behavior\BuildLiteBehavior [ RunTime:0.000011s ]
INFO: [ app_init ] --END-- [ RunTime:0.000046s ]
ERR: 无法加载模块:Shop

[ 2018-06-25T01:52:09+08:00 ] 220.181.125.86 /index.php?m=shop&c=brand&a=list&m=shop&brand=96&area_id=3&key=3&order=1
INFO: [ app_init ] --START--
INFO: Run Behavior\BuildLiteBehavior [ RunTime:0.000009s ]
INFO: [ app_init ] --END-- [ RunTime:0.000045s ]
ERR: 无法加载模块:Shop

[ 2018-06-25T01:52:21+08:00 ] 220.181.125.86 /index.php?m=shop&c=brand&a=list&m=shop&brand=277&order=2&key=3&area_id=32
INFO: [ app_init ] --START--
INFO: Run Behavior\BuildLiteBehavior [ RunTime:0.000010s ]
INFO: [ app_init ] --END-- [ RunTime:0.000046s ]
ERR: 无法加载模块:Shop

[ 2018-06-25T01:52:35+08:00 ] 220.181.125.86 /index.php?m=shop&c=brand&a=list&m=shop&brand=359&type=1&key=1&order=2
INFO: [ app_init ] --START--
INFO: Run Behavior\BuildLiteBehavior [ RunTime:0.000011s ]
INFO: [ app_init ] --END-- [ RunTime:0.000046s ]
ERR: 无法加载模块:Shop

[ 2018-06-25T01:52:46+08:00 ] 220.181.125.86 /index.php?m=shop&c=brand&a=list&m=shop&brand=226&area_id=8&type=1
INFO: [ app_init ] --START--
INFO: Run Behavior\BuildLiteBehavior [ RunTime:0.000015s ]
INFO: [ app_init ] --END-- [ RunTime:0.000064s ]
ERR: 无法加载模块:Shop

[ 2018-06-25T01:52:58+08:00 ] 220.181.125.86 /index.php?m=shop&c=brand&a=list&m=shop&brand=226&area_id=24&type=1
INFO: [ app_init ] --START--
INFO: Run Behavior\BuildLiteBehavior [ RunTime:0.000011s ]
INFO: [ app_init ] --END-- [ RunTime:0.000046s ]
ERR: 无法加载模块:Shop

[ 2018-06-25T01:53:09+08:00 ] 220.181.125.86 /index.php?m=shop&c=brand&a=list&m=shop&brand=303&area_id=30&gift=1
INFO: [ app_init ] --START--
INFO: Run Behavior\BuildLiteBehavior [ RunTime:0.000011s ]
INFO: [ app_init ] --END-- [ RunTime:0.000048s ]
ERR: 无法加载模块:Shop

[ 2018-06-25T01:53:21+08:00 ] 220.181.125.86 /index.php?m=shop&c=brand&a=list&m=shop&brand=226&area_id=12&type=1
INFO: [ app_init ] --START--
INFO: Run Behavior\BuildLiteBehavior [ RunTime:0.000011s ]
INFO: [ app_init ] --END-- [ RunTime:0.000047s ]
ERR: 无法加载模块:Shop

[ 2018-06-25T01:53:34+08:00 ] 220.181.125.86 /index.php?m=shop&c=brand&a=list&m=shop&brand=359&area_id=33&gift=1
INFO: [ app_init ] --START--
INFO: Run Behavior\BuildLiteBehavior [ RunTime:0.000010s ]
INFO: [ app_init ] --END-- [ RunTime:0.000046s ]
ERR: 无法加载模块:Shop

[ 2018-06-25T01:53:46+08:00 ] 220.181.125.86 /index.php?m=shop&c=brand&a=list&m=shop&brand=306&area_id=18&key=3&order=1
INFO: [ app_init ] --START--
INFO: Run Behavior\BuildLiteBehavior [ RunTime:0.000010s ]
INFO: [ app_init ] --END-- [ RunTime:0.000046s ]
ERR: 无法加载模块:Shop

[ 2018-06-25T01:53:58+08:00 ] 220.181.125.86 /index.php?m=shop&c=brand&a=list&m=shop&brand=305&key=1&order=2&area_id=16
INFO: [ app_init ] --START--
INFO: Run Behavior\BuildLiteBehavior [ RunTime:0.000010s ]
INFO: [ app_init ] --END-- [ RunTime:0.000043s ]
ERR: 无法加载模块:Shop

[ 2018-06-25T01:54:10+08:00 ] 220.181.125.86 /index.php?m=shop&c=brand&a=list&m=shop&brand=335&area_id=29&key=2&order=2
INFO: [ app_init ] --START--
INFO: Run Behavior\BuildLiteBehavior [ RunTime:0.000011s ]
INFO: [ app_init ] --END-- [ RunTime:0.000048s ]
ERR: 无法加载模块:Shop

[ 2018-06-25T01:54:21+08:00 ] 220.181.125.86 /index.php?m=shop&c=brand&a=list&m=shop&brand=226&area_id=35&order=0&key=0
INFO: [ app_init ] --START--
INFO: Run Behavior\BuildLiteBehavior [ RunTime:0.000010s ]
INFO: [ app_init ] --END-- [ RunTime:0.000044s ]
ERR: 无法加载模块:Shop

[ 2018-06-25T01:54:33+08:00 ] 220.181.125.86 /index.php?m=shop&c=brand&a=list&m=shop&brand=317&area_id=12&type=0
INFO: [ app_init ] --START--
INFO: Run Behavior\BuildLiteBehavior [ RunTime:0.000011s ]
INFO: [ app_init ] --END-- [ RunTime:0.000048s ]
ERR: 无法加载模块:Shop

[ 2018-06-25T01:54:44+08:00 ] 220.181.125.86 /index.php?m=shop&c=brand&a=list&m=shop&brand=335&area_id=28
INFO: [ app_init ] --START--
INFO: Run Behavior\BuildLiteBehavior [ RunTime:0.000011s ]
INFO: [ app_init ] --END-- [ RunTime:0.000046s ]
ERR: 无法加载模块:Shop

[ 2018-06-25T01:54:55+08:00 ] 220.181.125.86 /index.php?m=shop&c=brand&a=list&m=shop&brand=317&area_id=25
INFO: [ app_init ] --START--
INFO: Run Behavior\BuildLiteBehavior [ RunTime:0.000010s ]
INFO: [ app_init ] --END-- [ RunTime:0.000043s ]
ERR: 无法加载模块:Shop

[ 2018-06-25T01:55:06+08:00 ] 220.181.125.86 /index.php?m=shop&c=brand&a=list&m=shop&brand=129&area_id=33
INFO: [ app_init ] --START--
INFO: Run Behavior\BuildLiteBehavior [ RunTime:0.000011s ]
INFO: [ app_init ] --END-- [ RunTime:0.000048s ]
ERR: 无法加载模块:Shop

[ 2018-06-25T01:55:17+08:00 ] 220.181.125.86 /index.php?m=shop&c=brand&a=list&m=shop&brand=348&area_id=17
INFO: [ app_init ] --START--
INFO: Run Behavior\BuildLiteBehavior [ RunTime:0.000010s ]
INFO: [ app_init ] --END-- [ RunTime:0.000047s ]
ERR: 无法加载模块:Shop

[ 2018-06-25T01:55:28+08:00 ] 220.181.125.86 /index.php?m=shop&c=brand&a=list&m=shop&brand=359&area_id=24
INFO: [ app_init ] --START--
INFO: Run Behavior\BuildLiteBehavior [ RunTime:0.000010s ]
INFO: [ app_init ] --END-- [ RunTime:0.000047s ]
ERR: 无法加载模块:Shop

[ 2018-06-25T01:55:40+08:00 ] 220.181.125.86 /index.php?m=shop&c=brand&a=list&m=shop&brand=276&area_id=11
INFO: [ app_init ] --START--
INFO: Run Behavior\BuildLiteBehavior [ RunTime:0.000012s ]
INFO: [ app_init ] --END-- [ RunTime:0.000046s ]
ERR: 无法加载模块:Shop

[ 2018-06-25T01:55:50+08:00 ] 220.181.125.86 /index.php?m=shop&c=brand&a=list&m=shop&brand=279&area_id=14
INFO: [ app_init ] --START--
INFO: Run Behavior\BuildLiteBehavior [ RunTime:0.000013s ]
INFO: [ app_init ] --END-- [ RunTime:0.000063s ]
ERR: 无法加载模块:Shop

[ 2018-06-25T01:56:01+08:00 ] 220.181.125.86 /index.php?m=shop&c=brand&a=list&m=shop&brand=268&area_id=34
INFO: [ app_init ] --START--
INFO: Run Behavior\BuildLiteBehavior [ RunTime:0.000011s ]
INFO: [ app_init ] --END-- [ RunTime:0.000044s ]
ERR: 无法加载模块:Shop

[ 2018-06-25T01:56:13+08:00 ] 220.181.125.86 /index.php?m=shop&c=brand&a=list&m=shop&brand=187&order=2&key=3&area_id=13&gift=1&type=1
INFO: [ app_init ] --START--
INFO: Run Behavior\BuildLiteBehavior [ RunTime:0.000011s ]
INFO: [ app_init ] --END-- [ RunTime:0.000048s ]
ERR: 无法加载模块:Shop

[ 2018-06-25T01:56:23+08:00 ] 220.181.125.86 /index.php?m=shop&c=brand&a=list&m=shop&brand=187&order=2&key=3&area_id=30&gift=0&type=1
INFO: [ app_init ] --START--
INFO: Run Behavior\BuildLiteBehavior [ RunTime:0.000014s ]
INFO: [ app_init ] --END-- [ RunTime:0.000064s ]
ERR: 无法加载模块:Shop

[ 2018-06-25T01:56:33+08:00 ] 220.181.125.86 /index.php?m=shop&c=brand&a=list&m=shop&brand=335&area_id=4&order=0&key=0&gift=0&type=0
INFO: [ app_init ] --START--
INFO: Run Behavior\BuildLiteBehavior [ RunTime:0.000014s ]
INFO: [ app_init ] --END-- [ RunTime:0.000062s ]
ERR: 无法加载模块:Shop

[ 2018-06-25T01:56:44+08:00 ] 220.181.125.86 /index.php?m=shop&c=brand&a=list&m=shop&brand=187&order=2&key=3&area_id=31&gift=0&type=0
INFO: [ app_init ] --START--
INFO: Run Behavior\BuildLiteBehavior [ RunTime:0.000012s ]
INFO: [ app_init ] --END-- [ RunTime:0.000061s ]
ERR: 无法加载模块:Shop

[ 2018-06-25T01:56:54+08:00 ] 220.181.125.86 /index.php?m=shop&c=brand&a=list&m=shop&brand=335&area_id=10&key=0&order=0&type=1&gift=0
INFO: [ app_init ] --START--
INFO: Run Behavior\BuildLiteBehavior [ RunTime:0.000010s ]
INFO: [ app_init ] --END-- [ RunTime:0.000043s ]
ERR: 无法加载模块:Shop

[ 2018-06-25T01:57:04+08:00 ] 220.181.125.86 /index.php?m=shop&c=brand&a=list&m=shop&brand=317&area_id=35&type=1&order=2&key=1&gift=1
INFO: [ app_init ] --START--
INFO: Run Behavior\BuildLiteBehavior [ RunTime:0.000011s ]
INFO: [ app_init ] --END-- [ RunTime:0.000047s ]
ERR: 无法加载模块:Shop

[ 2018-06-25T01:57:15+08:00 ] 220.181.125.86 /index.php?m=shop&c=brand&a=list&m=shop&brand=335&area_id=15&order=2&key=2&gift=0
INFO: [ app_init ] --START--
INFO: Run Behavior\BuildLiteBehavior [ RunTime:0.000014s ]
INFO: [ app_init ] --END-- [ RunTime:0.000062s ]
ERR: 无法加载模块:Shop

[ 2018-06-25T01:57:25+08:00 ] 220.181.125.86 /index.php?m=shop&c=brand&a=list&m=shop&brand=317&area_id=17&type=0&order=2&key=1&gift=1
INFO: [ app_init ] --START--
INFO: Run Behavior\BuildLiteBehavior [ RunTime:0.000012s ]
INFO: [ app_init ] --END-- [ RunTime:0.000059s ]
ERR: 无法加载模块:Shop

[ 2018-06-25T01:57:35+08:00 ] 220.181.125.86 /index.php?m=shop&c=brand&a=list&m=shop&brand=317&area_id=31&type=1&order=2&key=1&gift=0
INFO: [ app_init ] --START--
INFO: Run Behavior\BuildLiteBehavior [ RunTime:0.000014s ]
INFO: [ app_init ] --END-- [ RunTime:0.000063s ]
ERR: 无法加载模块:Shop

[ 2018-06-25T01:57:46+08:00 ] 220.181.125.86 /index.php?m=shop&c=brand&a=list&m=shop&brand=317&area_id=29&type=0&order=0&key=0&gift=0
INFO: [ app_init ] --START--
INFO: Run Behavior\BuildLiteBehavior [ RunTime:0.000011s ]
INFO: [ app_init ] --END-- [ RunTime:0.000056s ]
ERR: 无法加载模块:Shop

[ 2018-06-25T01:57:56+08:00 ] 220.181.125.86 /index.php?m=shop&c=brand&a=list&m=shop&brand=187&order=2&key=3&area_id=30&gift=1&type=1
INFO: [ app_init ] --START--
INFO: Run Behavior\BuildLiteBehavior [ RunTime:0.000009s ]
INFO: [ app_init ] --END-- [ RunTime:0.000044s ]
ERR: 无法加载模块:Shop

[ 2018-06-25T01:58:06+08:00 ] 220.181.125.86 /index.php?m=shop&c=brand&a=list&m=shop&brand=317&area_id=7&type=0&order=2&key=2&gift=1
INFO: [ app_init ] --START--
INFO: Run Behavior\BuildLiteBehavior [ RunTime:0.000010s ]
INFO: [ app_init ] --END-- [ RunTime:0.000054s ]
ERR: 无法加载模块:Shop

[ 2018-06-25T01:58:17+08:00 ] 220.181.125.86 /index.php?m=shop&c=brand&a=list&m=shop&brand=317&area_id=10&type=1&gift=0&key=2&order=2
INFO: [ app_init ] --START--
INFO: Run Behavior\BuildLiteBehavior [ RunTime:0.000010s ]
INFO: [ app_init ] --END-- [ RunTime:0.000044s ]
ERR: 无法加载模块:Shop

[ 2018-06-25T01:58:27+08:00 ] 220.181.125.86 /index.php?m=shop&c=brand&a=list&m=shop&brand=96&area_id=32
INFO: [ app_init ] --START--
INFO: Run Behavior\BuildLiteBehavior [ RunTime:0.000010s ]
INFO: [ app_init ] --END-- [ RunTime:0.000044s ]
ERR: 无法加载模块:Shop

[ 2018-06-25T01:58:37+08:00 ] 220.181.125.86 /index.php?m=shop&c=brand&a=list&m=shop&brand=187&order=2&key=1&area_id=16&gift=1&type=0
INFO: [ app_init ] --START--
INFO: Run Behavior\BuildLiteBehavior [ RunTime:0.000010s ]
INFO: [ app_init ] --END-- [ RunTime:0.000046s ]
ERR: 无法加载模块:Shop

[ 2018-06-25T01:58:48+08:00 ] 220.181.125.86 /index.php?m=shop&c=brand&a=list&m=shop&brand=317&area_id=23&type=1&gift=0&key=1&order=2
INFO: [ app_init ] --START--
INFO: Run Behavior\BuildLiteBehavior [ RunTime:0.000011s ]
INFO: [ app_init ] --END-- [ RunTime:0.000047s ]
ERR: 无法加载模块:Shop

[ 2018-06-25T01:58:58+08:00 ] 220.181.125.86 /index.php?m=shop&c=brand&a=list&m=shop&brand=187&order=0&key=0&area_id=12&gift=0&type=1
INFO: [ app_init ] --START--
INFO: Run Behavior\BuildLiteBehavior [ RunTime:0.000014s ]
INFO: [ app_init ] --END-- [ RunTime:0.000065s ]
ERR: 无法加载模块:Shop

[ 2018-06-25T01:59:08+08:00 ] 220.181.125.86 /index.php?m=shop&c=brand&a=list&m=shop&brand=277&order=0&key=0&area_id=31&gift=1
INFO: [ app_init ] --START--
INFO: Run Behavior\BuildLiteBehavior [ RunTime:0.000010s ]
INFO: [ app_init ] --END-- [ RunTime:0.000044s ]
ERR: 无法加载模块:Shop

[ 2018-06-25T01:59:19+08:00 ] 220.181.125.86 /index.php?m=shop&c=brand&a=list&m=shop&brand=335&area_id=19&key=1&order=2&type=1&gift=1
INFO: [ app_init ] --START--
INFO: Run Behavior\BuildLiteBehavior [ RunTime:0.000010s ]
INFO: [ app_init ] --END-- [ RunTime:0.000042s ]
ERR: 无法加载模块:Shop

[ 2018-06-25T01:59:29+08:00 ] 220.181.125.86 /index.php?m=shop&c=brand&a=list&m=shop&brand=187&order=0&key=0&area_id=26&gift=0&type=1
INFO: [ app_init ] --START--
INFO: Run Behavior\BuildLiteBehavior [ RunTime:0.000011s ]
INFO: [ app_init ] --END-- [ RunTime:0.000047s ]
ERR: 无法加载模块:Shop

[ 2018-06-25T01:59:39+08:00 ] 220.181.125.86 /index.php?m=shop&c=brand&a=list&m=shop&brand=317&area_id=25&type=1&order=2&key=1&gift=0
INFO: [ app_init ] --START--
INFO: Run Behavior\BuildLiteBehavior [ RunTime:0.000014s ]
INFO: [ app_init ] --END-- [ RunTime:0.000058s ]
ERR: 无法加载模块:Shop

[ 2018-06-25T01:59:49+08:00 ] 220.181.125.86 /index.php?m=shop&c=brand&a=list&m=shop&brand=359&area_id=30&key=1&order=1&gift=0&type=0
INFO: [ app_init ] --START--
INFO: Run Behavior\BuildLiteBehavior [ RunTime:0.000010s ]
INFO: [ app_init ] --END-- [ RunTime:0.000047s ]
ERR: 无法加载模块:Shop

[ 2018-06-25T01:59:59+08:00 ] 220.181.125.86 /index.php?m=shop&c=brand&a=list&m=shop&brand=187&order=2&key=2&area_id=25&gift=1&type=0
INFO: [ app_init ] --START--
INFO: Run Behavior\BuildLiteBehavior [ RunTime:0.000011s ]
INFO: [ app_init ] --END-- [ RunTime:0.000046s ]
ERR: 无法加载模块:Shop

[ 2018-06-25T02:00:09+08:00 ] 220.181.125.86 /index.php?m=shop&c=brand&a=list&m=shop&brand=317&area_id=4&type=1&gift=0&key=1&order=2
INFO: [ app_init ] --START--
INFO: Run Behavior\BuildLiteBehavior [ RunTime:0.000011s ]
INFO: [ app_init ] --END-- [ RunTime:0.000046s ]
ERR: 无法加载模块:Shop

[ 2018-06-25T02:00:20+08:00 ] 220.181.125.86 /index.php?m=shop&c=brand&a=list&m=shop&brand=187&order=1&key=1&area_id=15&gift=0&type=0
INFO: [ app_init ] --START--
INFO: Run Behavior\BuildLiteBehavior [ RunTime:0.000009s ]
INFO: [ app_init ] --END-- [ RunTime:0.000049s ]
ERR: 无法加载模块:Shop

[ 2018-06-25T02:00:30+08:00 ] 220.181.125.86 /index.php?m=shop&c=brand&a=list&m=shop&brand=335&area_id=32&order=2&key=2&gift=0
INFO: [ app_init ] --START--
INFO: Run Behavior\BuildLiteBehavior [ RunTime:0.000011s ]
INFO: [ app_init ] --END-- [ RunTime:0.000045s ]
ERR: 无法加载模块:Shop

[ 2018-06-25T02:00:40+08:00 ] 220.181.125.86 /index.php?m=shop&c=brand&a=list&m=shop&brand=317&area_id=24&type=0&order=1&key=2&gift=1
INFO: [ app_init ] --START--
INFO: Run Behavior\BuildLiteBehavior [ RunTime:0.000010s ]
INFO: [ app_init ] --END-- [ RunTime:0.000055s ]
ERR: 无法加载模块:Shop

[ 2018-06-25T02:00:50+08:00 ] 220.181.125.86 /index.php?m=shop&c=brand&a=list&m=shop&brand=359&area_id=8&key=1&order=1&gift=0&type=0
INFO: [ app_init ] --START--
INFO: Run Behavior\BuildLiteBehavior [ RunTime:0.000012s ]
INFO: [ app_init ] --END-- [ RunTime:0.000047s ]
ERR: 无法加载模块:Shop

[ 2018-06-25T02:01:00+08:00 ] 220.181.125.86 /index.php?m=shop&c=brand&a=list&m=shop&brand=187&order=2&key=3&area_id=7&gift=0&type=1
INFO: [ app_init ] --START--
INFO: Run Behavior\BuildLiteBehavior [ RunTime:0.000022s ]
INFO: [ app_init ] --END-- [ RunTime:0.000058s ]
ERR: 无法加载模块:Shop

[ 2018-06-25T02:01:10+08:00 ] 220.181.125.86 /index.php?m=shop&c=brand&a=list&m=shop&brand=335&area_id=11&order=2&key=2&gift=0
INFO: [ app_init ] --START--
INFO: Run Behavior\BuildLiteBehavior [ RunTime:0.000011s ]
INFO: [ app_init ] --END-- [ RunTime:0.000047s ]
ERR: 无法加载模块:Shop

[ 2018-06-25T02:01:20+08:00 ] 220.181.125.86 /index.php?m=shop&c=brand&a=list&m=shop&brand=359&area_id=8&key=3&order=2&gift=1&type=0
INFO: [ app_init ] --START--
INFO: Run Behavior\BuildLiteBehavior [ RunTime:0.000012s ]
INFO: [ app_init ] --END-- [ RunTime:0.000048s ]
ERR: 无法加载模块:Shop

[ 2018-06-25T02:01:30+08:00 ] 220.181.125.86 /index.php?m=shop&c=brand&a=list&m=shop&brand=187&order=0&key=0&area_id=3&gift=0&type=1
INFO: [ app_init ] --START--
INFO: Run Behavior\BuildLiteBehavior [ RunTime:0.000010s ]
INFO: [ app_init ] --END-- [ RunTime:0.000048s ]
ERR: 无法加载模块:Shop

[ 2018-06-25T02:01:40+08:00 ] 220.181.125.86 /index.php?m=shop&c=brand&a=list&m=shop&brand=335&area_id=12&order=0&key=0&gift=1&type=0
INFO: [ app_init ] --START--
INFO: Run Behavior\BuildLiteBehavior [ RunTime:0.000011s ]
INFO: [ app_init ] --END-- [ RunTime:0.000048s ]
ERR: 无法加载模块:Shop

[ 2018-06-25T02:01:51+08:00 ] 220.181.125.86 /index.php?m=shop&c=brand&a=list&m=shop&brand=317&area_id=28&type=1&gift=0&key=1&order=2
INFO: [ app_init ] --START--
INFO: Run Behavior\BuildLiteBehavior [ RunTime:0.000010s ]
INFO: [ app_init ] --END-- [ RunTime:0.000046s ]
ERR: 无法加载模块:Shop

[ 2018-06-25T02:02:01+08:00 ] 220.181.125.86 /index.php?m=shop&c=brand&a=list&m=shop&brand=335&area_id=21&order=1&key=3&gift=0&type=0
INFO: [ app_init ] --START--
INFO: Run Behavior\BuildLiteBehavior [ RunTime:0.000010s ]
INFO: [ app_init ] --END-- [ RunTime:0.000058s ]
ERR: 无法加载模块:Shop

[ 2018-06-25T02:02:11+08:00 ] 220.181.125.86 /index.php?m=shop&c=brand&a=list&m=shop&brand=277&order=0&key=0&area_id=32&gift=1
INFO: [ app_init ] --START--
INFO: Run Behavior\BuildLiteBehavior [ RunTime:0.000014s ]
INFO: [ app_init ] --END-- [ RunTime:0.000061s ]
ERR: 无法加载模块:Shop

[ 2018-06-25T02:02:22+08:00 ] 220.181.125.86 /index.php?m=shop&c=brand&a=list&m=shop&brand=335&area_id=28&key=1&order=2&type=1&gift=1
INFO: [ app_init ] --START--
INFO: Run Behavior\BuildLiteBehavior [ RunTime:0.000010s ]
INFO: [ app_init ] --END-- [ RunTime:0.000045s ]
ERR: 无法加载模块:Shop

[ 2018-06-25T02:02:32+08:00 ] 220.181.125.86 /index.php?m=shop&c=brand&a=list&m=shop&brand=187&order=1&key=1&area_id=35&gift=0&type=0
INFO: [ app_init ] --START--
INFO: Run Behavior\BuildLiteBehavior [ RunTime:0.000013s ]
INFO: [ app_init ] --END-- [ RunTime:0.000065s ]
ERR: 无法加载模块:Shop

[ 2018-06-25T02:02:43+08:00 ] 220.181.125.86 /index.php?m=shop&c=brand&a=list&m=shop&brand=335&area_id=18&order=1&key=3&type=1&gift=0
INFO: [ app_init ] --START--
INFO: Run Behavior\BuildLiteBehavior [ RunTime:0.000011s ]
INFO: [ app_init ] --END-- [ RunTime:0.000046s ]
ERR: 无法加载模块:Shop

[ 2018-06-25T02:02:53+08:00 ] 220.181.125.86 /index.php?m=shop&c=brand&a=list&m=shop&brand=335&area_id=6&order=1&key=3&type=1&gift=0
INFO: [ app_init ] --START--
INFO: Run Behavior\BuildLiteBehavior [ RunTime:0.000011s ]
INFO: [ app_init ] --END-- [ RunTime:0.000046s ]
ERR: 无法加载模块:Shop

[ 2018-06-25T02:03:04+08:00 ] 220.181.125.86 /index.php?m=shop&c=brand&a=list&m=shop&brand=317&area_id=35&type=0&order=2&key=2&gift=1
INFO: [ app_init ] --START--
INFO: Run Behavior\BuildLiteBehavior [ RunTime:0.000010s ]
INFO: [ app_init ] --END-- [ RunTime:0.000055s ]
ERR: 无法加载模块:Shop

[ 2018-06-25T02:03:14+08:00 ] 220.181.125.86 /index.php?m=shop&c=brand&a=list&m=shop&brand=317&area_id=17&type=0&order=0&key=0&gift=0
INFO: [ app_init ] --START--
INFO: Run Behavior\BuildLiteBehavior [ RunTime:0.000015s ]
INFO: [ app_init ] --END-- [ RunTime:0.000068s ]
ERR: 无法加载模块:Shop

[ 2018-06-25T02:03:24+08:00 ] 220.181.125.86 /index.php?m=shop&c=brand&a=list&m=shop&brand=187&order=2&key=2&area_id=24&gift=1&type=0
INFO: [ app_init ] --START--
INFO: Run Behavior\BuildLiteBehavior [ RunTime:0.000014s ]
INFO: [ app_init ] --END-- [ RunTime:0.000056s ]
ERR: 无法加载模块:Shop

[ 2018-06-25T02:03:35+08:00 ] 220.181.125.86 /index.php?m=shop&c=brand&a=list&m=shop&brand=317&area_id=18&type=0&order=0&key=0&gift=0
INFO: [ app_init ] --START--
INFO: Run Behavior\BuildLiteBehavior [ RunTime:0.000011s ]
INFO: [ app_init ] --END-- [ RunTime:0.000047s ]
ERR: 无法加载模块:Shop

[ 2018-06-25T02:03:46+08:00 ] 220.181.125.86 /index.php?m=shop&c=brand&a=list&m=shop&brand=187&order=0&key=0&area_id=7&gift=0&type=1
INFO: [ app_init ] --START--
INFO: Run Behavior\BuildLiteBehavior [ RunTime:0.000012s ]
INFO: [ app_init ] --END-- [ RunTime:0.000050s ]
ERR: 无法加载模块:Shop

[ 2018-06-25T02:03:56+08:00 ] 220.181.125.86 /index.php?m=shop&c=brand&a=list&m=shop&brand=187&order=2&key=3&area_id=9&gift=0&type=1
INFO: [ app_init ] --START--
INFO: Run Behavior\BuildLiteBehavior [ RunTime:0.000011s ]
INFO: [ app_init ] --END-- [ RunTime:0.000048s ]
ERR: 无法加载模块:Shop

[ 2018-06-25T15:18:27+08:00 ] 220.181.125.86 /index.php?m=shop&c=brand&a=list&m=shop&brand=317&area_id=24&type=0&order=2&key=3&gift=1
INFO: [ app_init ] --START--
INFO: Run Behavior\BuildLiteBehavior [ RunTime:0.000010s ]
INFO: [ app_init ] --END-- [ RunTime:0.000047s ]
ERR: 无法加载模块:Shop

[ 2018-06-25T15:18:38+08:00 ] 220.181.125.86 /index.php?m=shop&c=brand&a=list&m=shop&brand=335&area_id=3&key=2&order=2&type=1&gift=1
INFO: [ app_init ] --START--
INFO: Run Behavior\BuildLiteBehavior [ RunTime:0.000014s ]
INFO: [ app_init ] --END-- [ RunTime:0.000059s ]
ERR: 无法加载模块:Shop

[ 2018-06-25T15:18:50+08:00 ] 220.181.125.86 /index.php?m=shop&c=brand&a=list&m=shop&brand=317&area_id=13&type=1&gift=0&key=1&order=2
INFO: [ app_init ] --START--
INFO: Run Behavior\BuildLiteBehavior [ RunTime:0.000010s ]
INFO: [ app_init ] --END-- [ RunTime:0.000048s ]
ERR: 无法加载模块:Shop

[ 2018-06-25T15:19:03+08:00 ] 220.181.125.86 /index.php?m=shop&c=brand&a=list&m=shop&brand=335&area_id=28&order=2&key=2&gift=0
INFO: [ app_init ] --START--
INFO: Run Behavior\BuildLiteBehavior [ RunTime:0.000011s ]
INFO: [ app_init ] --END-- [ RunTime:0.000046s ]
ERR: 无法加载模块:Shop

[ 2018-06-25T15:19:18+08:00 ] 220.181.125.86 /index.php?m=shop&c=brand&a=list&m=shop&brand=187&order=0&key=0&area_id=6&gift=0&type=1
INFO: [ app_init ] --START--
INFO: Run Behavior\BuildLiteBehavior [ RunTime:0.000011s ]
INFO: [ app_init ] --END-- [ RunTime:0.000046s ]
ERR: 无法加载模块:Shop

[ 2018-06-25T15:19:35+08:00 ] 220.181.125.86 /index.php?m=shop&c=brand&a=list&m=shop&brand=187&order=0&key=0&area_id=15&gift=0&type=1
INFO: [ app_init ] --START--
INFO: Run Behavior\BuildLiteBehavior [ RunTime:0.000010s ]
INFO: [ app_init ] --END-- [ RunTime:0.000046s ]
ERR: 无法加载模块:Shop

[ 2018-06-25T15:19:52+08:00 ] 220.181.125.86 /index.php?m=shop&c=brand&a=list&m=shop&brand=359&area_id=14&key=3&order=2&gift=1&type=0
INFO: [ app_init ] --START--
INFO: Run Behavior\BuildLiteBehavior [ RunTime:0.000011s ]
INFO: [ app_init ] --END-- [ RunTime:0.000048s ]
ERR: 无法加载模块:Shop

[ 2018-06-25T15:20:10+08:00 ] 220.181.125.86 /index.php?m=shop&c=brand&a=list&m=shop&brand=317&area_id=1&type=0&order=2&key=2&gift=1
INFO: [ app_init ] --START--
INFO: Run Behavior\BuildLiteBehavior [ RunTime:0.000010s ]
INFO: [ app_init ] --END-- [ RunTime:0.000044s ]
ERR: 无法加载模块:Shop

[ 2018-06-25T15:20:29+08:00 ] 220.181.125.86 /index.php?m=shop&c=brand&a=list&m=shop&brand=317&area_id=5&type=0&order=1&key=3&gift=0
INFO: [ app_init ] --START--
INFO: Run Behavior\BuildLiteBehavior [ RunTime:0.000010s ]
INFO: [ app_init ] --END-- [ RunTime:0.000045s ]
ERR: 无法加载模块:Shop

[ 2018-06-25T15:20:51+08:00 ] 220.181.125.86 /index.php?m=shop&c=brand&a=list&m=shop&brand=359&area_id=17&key=3&order=2&gift=1&type=0
INFO: [ app_init ] --START--
INFO: Run Behavior\BuildLiteBehavior [ RunTime:0.000010s ]
INFO: [ app_init ] --END-- [ RunTime:0.000046s ]
ERR: 无法加载模块:Shop

[ 2018-06-25T15:22:54+08:00 ] 220.181.125.86 /index.php?m=shop&c=brand&a=list&m=shop&brand=187&order=1&key=3&area_id=1&gift=0&type=1
INFO: [ app_init ] --START--
INFO: Run Behavior\BuildLiteBehavior [ RunTime:0.000010s ]
INFO: [ app_init ] --END-- [ RunTime:0.000044s ]
ERR: 无法加载模块:Shop

[ 2018-06-25T15:23:19+08:00 ] 220.181.125.86 /index.php?m=shop&c=brand&a=list&m=shop&brand=277&order=0&key=0&area_id=30&gift=1&type=1
INFO: [ app_init ] --START--
INFO: Run Behavior\BuildLiteBehavior [ RunTime:0.000010s ]
INFO: [ app_init ] --END-- [ RunTime:0.000047s ]
ERR: 无法加载模块:Shop

[ 2018-06-25T15:23:38+08:00 ] 220.181.125.86 /index.php?m=shop&c=brand&a=list&m=shop&brand=335&area_id=17&order=2&key=3&gift=1&type=0
INFO: [ app_init ] --START--
INFO: Run Behavior\BuildLiteBehavior [ RunTime:0.000010s ]
INFO: [ app_init ] --END-- [ RunTime:0.000043s ]
ERR: 无法加载模块:Shop

[ 2018-06-25T15:23:56+08:00 ] 220.181.125.86 /index.php?m=shop&c=brand&a=list&m=shop&brand=305&area_id=14&key=2&order=2&type=0&gift=0
INFO: [ app_init ] --START--
INFO: Run Behavior\BuildLiteBehavior [ RunTime:0.000010s ]
INFO: [ app_init ] --END-- [ RunTime:0.000046s ]
ERR: 无法加载模块:Shop

[ 2018-06-25T15:24:13+08:00 ] 220.181.125.86 /index.php?m=shop&c=brand&a=list&m=shop&brand=317&area_id=23&type=1&gift=1&key=1&order=1
INFO: [ app_init ] --START--
INFO: Run Behavior\BuildLiteBehavior [ RunTime:0.000010s ]
INFO: [ app_init ] --END-- [ RunTime:0.000044s ]
ERR: 无法加载模块:Shop

[ 2018-06-25T15:24:30+08:00 ] 220.181.125.86 /index.php?m=shop&c=brand&a=list&m=shop&brand=277&order=2&key=2&area_id=9&gift=1&type=1
INFO: [ app_init ] --START--
INFO: Run Behavior\BuildLiteBehavior [ RunTime:0.000010s ]
INFO: [ app_init ] --END-- [ RunTime:0.000050s ]
ERR: 无法加载模块:Shop

[ 2018-06-25T15:24:47+08:00 ] 220.181.125.86 /index.php?m=shop&c=brand&a=list&m=shop&brand=335&area_id=25&key=3&order=2&type=0&gift=0
INFO: [ app_init ] --START--
INFO: Run Behavior\BuildLiteBehavior [ RunTime:0.000021s ]
INFO: [ app_init ] --END-- [ RunTime:0.000057s ]
ERR: 无法加载模块:Shop

[ 2018-06-25T15:25:03+08:00 ] 220.181.125.86 /index.php?m=shop&c=brand&a=list&m=shop&brand=335&area_id=15&key=3&order=1&gift=0
INFO: [ app_init ] --START--
INFO: Run Behavior\BuildLiteBehavior [ RunTime:0.000011s ]
INFO: [ app_init ] --END-- [ RunTime:0.000048s ]
ERR: 无法加载模块:Shop

[ 2018-06-25T15:25:18+08:00 ] 220.181.125.86 /index.php?m=shop&c=brand&a=list&m=shop&brand=89&key=1&order=2&area_id=19&gift=0&type=1
INFO: [ app_init ] --START--
INFO: Run Behavior\BuildLiteBehavior [ RunTime:0.000015s ]
INFO: [ app_init ] --END-- [ RunTime:0.000075s ]
ERR: 无法加载模块:Shop

[ 2018-06-25T15:25:33+08:00 ] 220.181.125.86 /index.php?m=shop&c=brand&a=list&m=shop&brand=335&area_id=22&key=3&order=2&type=0
INFO: [ app_init ] --START--
INFO: Run Behavior\BuildLiteBehavior [ RunTime:0.000010s ]
INFO: [ app_init ] --END-- [ RunTime:0.000046s ]
ERR: 无法加载模块:Shop

[ 2018-06-25T15:25:49+08:00 ] 220.181.125.86 /index.php?m=shop&c=brand&a=list&m=shop&brand=89&key=0&order=0&area_id=23&gift=0&type=1
INFO: [ app_init ] --START--
INFO: Run Behavior\BuildLiteBehavior [ RunTime:0.000009s ]
INFO: [ app_init ] --END-- [ RunTime:0.000044s ]
ERR: 无法加载模块:Shop

[ 2018-06-25T15:26:04+08:00 ] 220.181.125.86 /index.php?m=shop&c=brand&a=list&m=shop&brand=335&area_id=20&key=0&order=0&type=0&gift=0
INFO: [ app_init ] --START--
INFO: Run Behavior\BuildLiteBehavior [ RunTime:0.000011s ]
INFO: [ app_init ] --END-- [ RunTime:0.000051s ]
ERR: 无法加载模块:Shop

[ 2018-06-25T15:26:18+08:00 ] 220.181.125.86 /index.php?m=shop&c=brand&a=list&m=shop&brand=187&order=1&key=3&area_id=11&gift=0&type=0
INFO: [ app_init ] --START--
INFO: Run Behavior\BuildLiteBehavior [ RunTime:0.000013s ]
INFO: [ app_init ] --END-- [ RunTime:0.000066s ]
ERR: 无法加载模块:Shop

[ 2018-06-25T15:26:32+08:00 ] 220.181.125.86 /index.php?m=shop&c=brand&a=list&m=shop&brand=348&area_id=28&order=1&key=3&gift=1&type=1
INFO: [ app_init ] --START--
INFO: Run Behavior\BuildLiteBehavior [ RunTime:0.000011s ]
INFO: [ app_init ] --END-- [ RunTime:0.000047s ]
ERR: 无法加载模块:Shop

[ 2018-06-25T15:26:45+08:00 ] 220.181.125.86 /index.php?m=shop&c=brand&a=list&m=shop&brand=335&area_id=27&key=3&order=1&type=0&gift=1
INFO: [ app_init ] --START--
INFO: Run Behavior\BuildLiteBehavior [ RunTime:0.000011s ]
INFO: [ app_init ] --END-- [ RunTime:0.000044s ]
ERR: 无法加载模块:Shop

[ 2018-06-25T15:27:00+08:00 ] 220.181.125.86 /index.php?m=shop&c=brand&a=list&m=shop&brand=335&area_id=15&key=0&order=0&type=0
INFO: [ app_init ] --START--
INFO: Run Behavior\BuildLiteBehavior [ RunTime:0.000010s ]
INFO: [ app_init ] --END-- [ RunTime:0.000045s ]
ERR: 无法加载模块:Shop

[ 2018-06-25T15:27:12+08:00 ] 220.181.125.86 /index.php?m=shop&c=brand&a=list&m=shop&brand=277&order=2&key=3&area_id=10&gift=1&type=1
INFO: [ app_init ] --START--
INFO: Run Behavior\BuildLiteBehavior [ RunTime:0.000010s ]
INFO: [ app_init ] --END-- [ RunTime:0.000046s ]
ERR: 无法加载模块:Shop

[ 2018-06-25T15:27:24+08:00 ] 220.181.125.86 /index.php?m=shop&c=brand&a=list&m=shop&brand=335&area_id=25&key=1&order=2&gift=0
INFO: [ app_init ] --START--
INFO: Run Behavior\BuildLiteBehavior [ RunTime:0.000010s ]
INFO: [ app_init ] --END-- [ RunTime:0.000043s ]
ERR: 无法加载模块:Shop

[ 2018-06-25T15:27:36+08:00 ] 220.181.125.86 /index.php?m=shop&c=brand&a=list&m=shop&brand=335&area_id=13&key=0&order=0&type=0&gift=0
INFO: [ app_init ] --START--
INFO: Run Behavior\BuildLiteBehavior [ RunTime:0.000009s ]
INFO: [ app_init ] --END-- [ RunTime:0.000051s ]
ERR: 无法加载模块:Shop

[ 2018-06-25T15:27:49+08:00 ] 220.181.125.86 /index.php?m=shop&c=brand&a=list&m=shop&brand=335&area_id=31&key=0&order=0&type=0
INFO: [ app_init ] --START--
INFO: Run Behavior\BuildLiteBehavior [ RunTime:0.000010s ]
INFO: [ app_init ] --END-- [ RunTime:0.000045s ]
ERR: 无法加载模块:Shop

[ 2018-06-25T15:28:01+08:00 ] 220.181.125.86 /index.php?m=shop&c=brand&a=list&m=shop&brand=335&area_id=9&key=2&order=2&type=1&gift=0
INFO: [ app_init ] --START--
INFO: Run Behavior\BuildLiteBehavior [ RunTime:0.000010s ]
INFO: [ app_init ] --END-- [ RunTime:0.000043s ]
ERR: 无法加载模块:Shop

[ 2018-06-25T15:28:13+08:00 ] 220.181.125.86 /index.php?m=shop&c=brand&a=list&m=shop&brand=317&area_id=10&type=1&gift=1&key=1&order=1
INFO: [ app_init ] --START--
INFO: Run Behavior\BuildLiteBehavior [ RunTime:0.000011s ]
INFO: [ app_init ] --END-- [ RunTime:0.000047s ]
ERR: 无法加载模块:Shop

[ 2018-06-25T15:28:24+08:00 ] 220.181.125.86 /index.php?m=shop&c=brand&a=list&m=shop&brand=317&area_id=21&type=0&gift=1&key=1&order=1
INFO: [ app_init ] --START--
INFO: Run Behavior\BuildLiteBehavior [ RunTime:0.000011s ]
INFO: [ app_init ] --END-- [ RunTime:0.000047s ]
ERR: 无法加载模块:Shop

[ 2018-06-25T15:28:36+08:00 ] 220.181.125.86 /index.php?m=shop&c=brand&a=list&m=shop&brand=317&area_id=21&type=1&gift=1&key=1&order=2
INFO: [ app_init ] --START--
INFO: Run Behavior\BuildLiteBehavior [ RunTime:0.000009s ]
INFO: [ app_init ] --END-- [ RunTime:0.000044s ]
ERR: 无法加载模块:Shop

[ 2018-06-25T15:28:46+08:00 ] 220.181.125.86 /index.php?m=shop&c=brand&a=list&m=shop&brand=89&key=0&order=0&area_id=27&gift=0&type=1
INFO: [ app_init ] --START--
INFO: Run Behavior\BuildLiteBehavior [ RunTime:0.000012s ]
INFO: [ app_init ] --END-- [ RunTime:0.000047s ]
ERR: 无法加载模块:Shop

[ 2018-06-25T15:28:57+08:00 ] 220.181.125.86 /index.php?m=shop&c=brand&a=list&m=shop&brand=277&order=2&key=2&area_id=32&gift=1&type=1
INFO: [ app_init ] --START--
INFO: Run Behavior\BuildLiteBehavior [ RunTime:0.000011s ]
INFO: [ app_init ] --END-- [ RunTime:0.000045s ]
ERR: 无法加载模块:Shop

[ 2018-06-25T15:29:08+08:00 ] 220.181.125.86 /index.php?m=shop&c=brand&a=list&m=shop&brand=317&area_id=23&type=0&gift=1&key=0&order=0
INFO: [ app_init ] --START--
INFO: Run Behavior\BuildLiteBehavior [ RunTime:0.000011s ]
INFO: [ app_init ] --END-- [ RunTime:0.000048s ]
ERR: 无法加载模块:Shop

[ 2018-06-25T15:29:20+08:00 ] 220.181.125.86 /index.php?m=shop&c=brand&a=list&m=shop&brand=317&area_id=19&type=1&gift=0&key=3&order=1
INFO: [ app_init ] --START--
INFO: Run Behavior\BuildLiteBehavior [ RunTime:0.000011s ]
INFO: [ app_init ] --END-- [ RunTime:0.000047s ]
ERR: 无法加载模块:Shop

[ 2018-06-25T15:29:31+08:00 ] 220.181.125.86 /index.php?m=shop&c=brand&a=list&m=shop&brand=317&area_id=25&type=1&gift=1&key=3&order=1
INFO: [ app_init ] --START--
INFO: Run Behavior\BuildLiteBehavior [ RunTime:0.000009s ]
INFO: [ app_init ] --END-- [ RunTime:0.000043s ]
ERR: 无法加载模块:Shop

[ 2018-06-25T15:29:42+08:00 ] 220.181.125.86 /index.php?m=shop&c=brand&a=list&m=shop&brand=335&area_id=28&key=3&order=2&type=0&gift=0
INFO: [ app_init ] --START--
INFO: Run Behavior\BuildLiteBehavior [ RunTime:0.000010s ]
INFO: [ app_init ] --END-- [ RunTime:0.000045s ]
ERR: 无法加载模块:Shop

[ 2018-06-25T15:29:52+08:00 ] 220.181.125.86 /index.php?m=shop&c=brand&a=list&m=shop&brand=196&area_id=28&gift=0&key=3&order=2
INFO: [ app_init ] --START--
INFO: Run Behavior\BuildLiteBehavior [ RunTime:0.000012s ]
INFO: [ app_init ] --END-- [ RunTime:0.000049s ]
ERR: 无法加载模块:Shop

[ 2018-06-25T15:30:02+08:00 ] 220.181.125.86 /index.php?m=shop&c=brand&a=list&m=shop&brand=196&area_id=16&gift=0&key=1&order=2
INFO: [ app_init ] --START--
INFO: Run Behavior\BuildLiteBehavior [ RunTime:0.000010s ]
INFO: [ app_init ] --END-- [ RunTime:0.000044s ]
ERR: 无法加载模块:Shop

[ 2018-06-25T15:30:12+08:00 ] 220.181.125.86 /index.php?m=shop&c=brand&a=list&m=shop&brand=333&order=1&key=3&area_id=27&gift=0&type=1
INFO: [ app_init ] --START--
INFO: Run Behavior\BuildLiteBehavior [ RunTime:0.000012s ]
INFO: [ app_init ] --END-- [ RunTime:0.000047s ]
ERR: 无法加载模块:Shop

[ 2018-06-25T15:30:22+08:00 ] 220.181.125.86 /index.php?m=shop&c=brand&a=list&m=shop&brand=89&key=0&order=0&area_id=10&gift=0&type=1
INFO: [ app_init ] --START--
INFO: Run Behavior\BuildLiteBehavior [ RunTime:0.000012s ]
INFO: [ app_init ] --END-- [ RunTime:0.000050s ]
ERR: 无法加载模块:Shop

[ 2018-06-25T15:30:32+08:00 ] 220.181.125.86 /index.php?m=shop&c=brand&a=list&m=shop&brand=187&order=0&key=0&area_id=33&gift=1&type=1
INFO: [ app_init ] --START--
INFO: Run Behavior\BuildLiteBehavior [ RunTime:0.000011s ]
INFO: [ app_init ] --END-- [ RunTime:0.000045s ]
ERR: 无法加载模块:Shop

[ 2018-06-25T15:30:42+08:00 ] 220.181.125.86 /index.php?m=shop&c=brand&a=list&m=shop&brand=317&area_id=25&type=1&order=1&key=2&gift=1
INFO: [ app_init ] --START--
INFO: Run Behavior\BuildLiteBehavior [ RunTime:0.000011s ]
INFO: [ app_init ] --END-- [ RunTime:0.000047s ]
ERR: 无法加载模块:Shop

[ 2018-06-25T15:30:52+08:00 ] 220.181.125.86 /index.php?m=shop&c=brand&a=list&m=shop&brand=335&area_id=28&key=0&order=0&type=0
INFO: [ app_init ] --START--
INFO: Run Behavior\BuildLiteBehavior [ RunTime:0.000014s ]
INFO: [ app_init ] --END-- [ RunTime:0.000066s ]
ERR: 无法加载模块:Shop

[ 2018-06-25T15:31:02+08:00 ] 220.181.125.86 /index.php?m=shop&c=brand&a=list&m=shop&brand=317&area_id=26&type=1&order=1&key=2&gift=1
INFO: [ app_init ] --START--
INFO: Run Behavior\BuildLiteBehavior [ RunTime:0.000010s ]
INFO: [ app_init ] --END-- [ RunTime:0.000044s ]
ERR: 无法加载模块:Shop

[ 2018-06-25T15:31:12+08:00 ] 220.181.125.86 /index.php?m=shop&c=brand&a=list&m=shop&brand=317&area_id=10&type=0&gift=0&key=1&order=1
INFO: [ app_init ] --START--
INFO: Run Behavior\BuildLiteBehavior [ RunTime:0.000011s ]
INFO: [ app_init ] --END-- [ RunTime:0.000059s ]
ERR: 无法加载模块:Shop

[ 2018-06-25T15:31:22+08:00 ] 220.181.125.86 /index.php?m=shop&c=brand&a=list&m=shop&brand=335&area_id=35&key=0&order=0&type=0
INFO: [ app_init ] --START--
INFO: Run Behavior\BuildLiteBehavior [ RunTime:0.000027s ]
INFO: [ app_init ] --END-- [ RunTime:0.000084s ]
ERR: 无法加载模块:Shop

[ 2018-06-25T15:31:32+08:00 ] 220.181.125.86 /index.php?m=shop&c=brand&a=list&m=shop&brand=277&order=2&key=2&area_id=17&gift=1&type=1
INFO: [ app_init ] --START--
INFO: Run Behavior\BuildLiteBehavior [ RunTime:0.000010s ]
INFO: [ app_init ] --END-- [ RunTime:0.000047s ]
ERR: 无法加载模块:Shop

[ 2018-06-25T15:31:42+08:00 ] 220.181.125.86 /index.php?m=shop&c=brand&a=list&m=shop&brand=317&area_id=27&type=1&gift=0&key=3&order=1
INFO: [ app_init ] --START--
INFO: Run Behavior\BuildLiteBehavior [ RunTime:0.000011s ]
INFO: [ app_init ] --END-- [ RunTime:0.000046s ]
ERR: 无法加载模块:Shop

[ 2018-06-25T15:31:52+08:00 ] 220.181.125.86 /index.php?m=shop&c=brand&a=list&m=shop&brand=335&area_id=34&key=1&order=2&gift=0
INFO: [ app_init ] --START--
INFO: Run Behavior\BuildLiteBehavior [ RunTime:0.000012s ]
INFO: [ app_init ] --END-- [ RunTime:0.000049s ]
ERR: 无法加载模块:Shop

[ 2018-06-25T15:32:02+08:00 ] 220.181.125.86 /index.php?m=shop&c=brand&a=list&m=shop&brand=196&area_id=32&gift=0&key=2&order=2
INFO: [ app_init ] --START--
INFO: Run Behavior\BuildLiteBehavior [ RunTime:0.000011s ]
INFO: [ app_init ] --END-- [ RunTime:0.000047s ]
ERR: 无法加载模块:Shop

[ 2018-06-25T15:32:12+08:00 ] 220.181.125.86 /index.php?m=shop&c=show_groupbuy&a=vr_groupbuy_list&vr_class=26
INFO: [ app_init ] --START--
INFO: Run Behavior\BuildLiteBehavior [ RunTime:0.000011s ]
INFO: [ app_init ] --END-- [ RunTime:0.000048s ]
ERR: 无法加载模块:Shop

[ 2018-06-25T15:32:22+08:00 ] 220.181.125.86 /index.php?m=shop&c=brand&a=list&m=shop&brand=359&area_id=24&key=3&order=2&type=1
INFO: [ app_init ] --START--
INFO: Run Behavior\BuildLiteBehavior [ RunTime:0.000010s ]
INFO: [ app_init ] --END-- [ RunTime:0.000047s ]
ERR: 无法加载模块:Shop

[ 2018-06-25T15:32:32+08:00 ] 220.181.125.86 /index.php?m=shop&c=brand&a=list&m=shop&brand=305&key=3&order=2&area_id=28&type=1
INFO: [ app_init ] --START--
INFO: Run Behavior\BuildLiteBehavior [ RunTime:0.000011s ]
INFO: [ app_init ] --END-- [ RunTime:0.000046s ]
ERR: 无法加载模块:Shop

[ 2018-06-25T15:32:42+08:00 ] 220.181.125.86 /index.php?m=shop&c=brand&a=list&m=shop&brand=268&key=3&order=2&gift=1&area_id=7
INFO: [ app_init ] --START--
INFO: Run Behavior\BuildLiteBehavior [ RunTime:0.000011s ]
INFO: [ app_init ] --END-- [ RunTime:0.000046s ]
ERR: 无法加载模块:Shop

[ 2018-06-25T15:32:52+08:00 ] 220.181.125.86 /index.php?m=shop&c=brand&a=list&m=shop&brand=338&order=0&key=0&area_id=19&type=1
INFO: [ app_init ] --START--
INFO: Run Behavior\BuildLiteBehavior [ RunTime:0.000010s ]
INFO: [ app_init ] --END-- [ RunTime:0.000044s ]
ERR: 无法加载模块:Shop

[ 2018-06-25T15:33:02+08:00 ] 220.181.125.86 /index.php?m=shop&c=brand&a=list&m=shop&brand=345&type=1&area_id=24&key=2&order=2
INFO: [ app_init ] --START--
INFO: Run Behavior\BuildLiteBehavior [ RunTime:0.000010s ]
INFO: [ app_init ] --END-- [ RunTime:0.000047s ]
ERR: 无法加载模块:Shop

[ 2018-06-25T15:33:12+08:00 ] 220.181.125.86 /index.php?m=shop&c=brand&a=list&m=shop&brand=335&area_id=9&order=0&key=0
INFO: [ app_init ] --START--
INFO: Run Behavior\BuildLiteBehavior [ RunTime:0.000012s ]
INFO: [ app_init ] --END-- [ RunTime:0.000047s ]
ERR: 无法加载模块:Shop

[ 2018-06-25T15:33:23+08:00 ] 220.181.125.86 /index.php?m=shop&c=brand&a=list&m=shop&brand=250&area_id=27
INFO: [ app_init ] --START--
INFO: Run Behavior\BuildLiteBehavior [ RunTime:0.000010s ]
INFO: [ app_init ] --END-- [ RunTime:0.000044s ]
ERR: 无法加载模块:Shop

[ 2018-06-25T15:33:35+08:00 ] 220.181.125.86 /index.php?m=shop&c=brand&a=list&m=shop&brand=305&area_id=10
INFO: [ app_init ] --START--
INFO: Run Behavior\BuildLiteBehavior [ RunTime:0.000010s ]
INFO: [ app_init ] --END-- [ RunTime:0.000044s ]
ERR: 无法加载模块:Shop

[ 2018-06-25T15:33:48+08:00 ] 220.181.125.86 /index.php?m=shop&c=brand&a=list&m=shop&brand=323&area_id=24
INFO: [ app_init ] --START--
INFO: Run Behavior\BuildLiteBehavior [ RunTime:0.000011s ]
INFO: [ app_init ] --END-- [ RunTime:0.000045s ]
ERR: 无法加载模块:Shop

[ 2018-06-25T15:34:03+08:00 ] 220.181.125.86 /index.php?m=shop&c=brand&a=list&m=shop&brand=309&area_id=15
INFO: [ app_init ] --START--
INFO: Run Behavior\BuildLiteBehavior [ RunTime:0.000011s ]
INFO: [ app_init ] --END-- [ RunTime:0.000049s ]
ERR: 无法加载模块:Shop

[ 2018-06-25T15:34:18+08:00 ] 220.181.125.86 /index.php?m=shop&c=brand&a=list&m=shop&brand=250&area_id=25
INFO: [ app_init ] --START--
INFO: Run Behavior\BuildLiteBehavior [ RunTime:0.000011s ]
INFO: [ app_init ] --END-- [ RunTime:0.000045s ]
ERR: 无法加载模块:Shop

[ 2018-06-25T15:34:35+08:00 ] 220.181.125.86 /index.php?m=shop&c=brand&a=list&m=shop&brand=209&area_id=2&order=0&key=0
INFO: [ app_init ] --START--
INFO: Run Behavior\BuildLiteBehavior [ RunTime:0.000011s ]
INFO: [ app_init ] --END-- [ RunTime:0.000048s ]
ERR: 无法加载模块:Shop

[ 2018-06-25T15:34:53+08:00 ] 220.181.125.86 /index.php?m=shop&c=brand&a=list&m=shop&brand=89&key=2&order=2&area_id=30
INFO: [ app_init ] --START--
INFO: Run Behavior\BuildLiteBehavior [ RunTime:0.000010s ]
INFO: [ app_init ] --END-- [ RunTime:0.000047s ]
ERR: 无法加载模块:Shop

[ 2018-06-25T15:35:14+08:00 ] 220.181.125.86 /index.php?m=shop&c=brand&a=list&m=shop&brand=96&area_id=4&key=3&order=2
INFO: [ app_init ] --START--
INFO: Run Behavior\BuildLiteBehavior [ RunTime:0.000011s ]
INFO: [ app_init ] --END-- [ RunTime:0.000045s ]
ERR: 无法加载模块:Shop

[ 2018-06-25T15:35:34+08:00 ] 220.181.125.86 /index.php?m=shop&c=brand&a=list&m=shop&brand=89&key=1&order=2&area_id=3
INFO: [ app_init ] --START--
INFO: Run Behavior\BuildLiteBehavior [ RunTime:0.000010s ]
INFO: [ app_init ] --END-- [ RunTime:0.000047s ]
ERR: 无法加载模块:Shop

[ 2018-06-25T15:35:57+08:00 ] 220.181.125.86 /index.php?m=shop&c=brand&a=list&m=shop&brand=278&area_id=33
INFO: [ app_init ] --START--
INFO: Run Behavior\BuildLiteBehavior [ RunTime:0.000011s ]
INFO: [ app_init ] --END-- [ RunTime:0.000048s ]
ERR: 无法加载模块:Shop

[ 2018-06-25T15:36:19+08:00 ] 220.181.125.86 /index.php?m=shop&c=brand&a=list&m=shop&brand=305&area_id=30
INFO: [ app_init ] --START--
INFO: Run Behavior\BuildLiteBehavior [ RunTime:0.000010s ]
INFO: [ app_init ] --END-- [ RunTime:0.000045s ]
ERR: 无法加载模块:Shop

[ 2018-06-25T15:38:03+08:00 ] 220.181.125.86 /index.php?m=shop&c=brand&a=list&m=shop&brand=335&area_id=13
INFO: [ app_init ] --START--
INFO: Run Behavior\BuildLiteBehavior [ RunTime:0.000013s ]
INFO: [ app_init ] --END-- [ RunTime:0.000059s ]
ERR: 无法加载模块:Shop

[ 2018-06-25T15:38:28+08:00 ] 220.181.125.86 /index.php?m=shop&c=brand&a=list&m=shop&brand=261&area_id=26
INFO: [ app_init ] --START--
INFO: Run Behavior\BuildLiteBehavior [ RunTime:0.000010s ]
INFO: [ app_init ] --END-- [ RunTime:0.000041s ]
ERR: 无法加载模块:Shop

[ 2018-06-25T15:38:47+08:00 ] 220.181.125.86 /index.php?m=shop&c=brand&a=list&m=shop&brand=248&area_id=15
INFO: [ app_init ] --START--
INFO: Run Behavior\BuildLiteBehavior [ RunTime:0.000011s ]
INFO: [ app_init ] --END-- [ RunTime:0.000069s ]
ERR: 无法加载模块:Shop

[ 2018-06-25T15:39:07+08:00 ] 220.181.125.86 /index.php?m=shop&c=brand&a=list&m=shop&brand=309&area_id=10
INFO: [ app_init ] --START--
INFO: Run Behavior\BuildLiteBehavior [ RunTime:0.000036s ]
INFO: [ app_init ] --END-- [ RunTime:0.000085s ]
ERR: 无法加载模块:Shop

[ 2018-06-25T15:39:24+08:00 ] 220.181.125.86 /index.php?m=shop&c=brand&a=list&m=shop&brand=268&area_id=32
INFO: [ app_init ] --START--
INFO: Run Behavior\BuildLiteBehavior [ RunTime:0.000011s ]
INFO: [ app_init ] --END-- [ RunTime:0.000044s ]
ERR: 无法加载模块:Shop

[ 2018-06-25T15:39:40+08:00 ] 220.181.125.86 /index.php?m=shop&c=brand&a=list&m=shop&brand=345&area_id=21
INFO: [ app_init ] --START--
INFO: Run Behavior\BuildLiteBehavior [ RunTime:0.000010s ]
INFO: [ app_init ] --END-- [ RunTime:0.000047s ]
ERR: 无法加载模块:Shop

[ 2018-06-25T15:39:58+08:00 ] 220.181.125.86 /index.php?m=shop&c=brand&a=list&m=shop&brand=309&area_id=23
INFO: [ app_init ] --START--
INFO: Run Behavior\BuildLiteBehavior [ RunTime:0.000012s ]
INFO: [ app_init ] --END-- [ RunTime:0.000049s ]
ERR: 无法加载模块:Shop

[ 2018-06-25T15:40:13+08:00 ] 220.181.125.86 /index.php?m=shop&c=brand&a=list&m=shop&brand=278&area_id=21
INFO: [ app_init ] --START--
INFO: Run Behavior\BuildLiteBehavior [ RunTime:0.000011s ]
INFO: [ app_init ] --END-- [ RunTime:0.000049s ]
ERR: 无法加载模块:Shop

[ 2018-06-25T15:40:29+08:00 ] 220.181.125.86 /index.php?m=shop&c=brand&a=list&m=shop&brand=326&area_id=33
INFO: [ app_init ] --START--
INFO: Run Behavior\BuildLiteBehavior [ RunTime:0.000012s ]
INFO: [ app_init ] --END-- [ RunTime:0.000047s ]
ERR: 无法加载模块:Shop

[ 2018-06-25T15:40:44+08:00 ] 220.181.125.86 /index.php?m=shop&c=brand&a=list&m=shop&brand=333&area_id=14
INFO: [ app_init ] --START--
INFO: Run Behavior\BuildLiteBehavior [ RunTime:0.000011s ]
INFO: [ app_init ] --END-- [ RunTime:0.000044s ]
ERR: 无法加载模块:Shop

[ 2018-06-25T15:40:59+08:00 ] 220.181.125.86 /index.php?m=shop&c=brand&a=list&m=shop&brand=277&area_id=20
INFO: [ app_init ] --START--
INFO: Run Behavior\BuildLiteBehavior [ RunTime:0.000011s ]
INFO: [ app_init ] --END-- [ RunTime:0.000046s ]
ERR: 无法加载模块:Shop

[ 2018-06-25T15:41:15+08:00 ] 220.181.125.86 /index.php?m=shop&c=brand&a=list&m=shop&brand=277&area_id=18
INFO: [ app_init ] --START--
INFO: Run Behavior\BuildLiteBehavior [ RunTime:0.000010s ]
INFO: [ app_init ] --END-- [ RunTime:0.000048s ]
ERR: 无法加载模块:Shop

[ 2018-06-25T15:41:29+08:00 ] 220.181.125.86 /index.php?m=shop&c=brand&a=list&m=shop&brand=268&area_id=28
INFO: [ app_init ] --START--
INFO: Run Behavior\BuildLiteBehavior [ RunTime:0.000012s ]
INFO: [ app_init ] --END-- [ RunTime:0.000044s ]
ERR: 无法加载模块:Shop

[ 2018-06-25T15:41:41+08:00 ] 220.181.125.86 /index.php?m=shop&c=brand&a=list&m=shop&brand=303&area_id=18
INFO: [ app_init ] --START--
INFO: Run Behavior\BuildLiteBehavior [ RunTime:0.000010s ]
INFO: [ app_init ] --END-- [ RunTime:0.000044s ]
ERR: 无法加载模块:Shop

[ 2018-06-25T15:41:56+08:00 ] 220.181.125.86 /index.php?m=shop&c=brand&a=list&m=shop&brand=261&area_id=33
INFO: [ app_init ] --START--
INFO: Run Behavior\BuildLiteBehavior [ RunTime:0.000010s ]
INFO: [ app_init ] --END-- [ RunTime:0.000046s ]
ERR: 无法加载模块:Shop

[ 2018-06-25T15:42:09+08:00 ] 220.181.125.86 /index.php?m=shop&c=brand&a=list&m=shop&brand=345&area_id=19
INFO: [ app_init ] --START--
INFO: Run Behavior\BuildLiteBehavior [ RunTime:0.000011s ]
INFO: [ app_init ] --END-- [ RunTime:0.000048s ]
ERR: 无法加载模块:Shop

[ 2018-06-25T15:42:22+08:00 ] 220.181.125.86 /index.php?m=shop&c=brand&a=list&m=shop&brand=250&area_id=33
INFO: [ app_init ] --START--
INFO: Run Behavior\BuildLiteBehavior [ RunTime:0.000010s ]
INFO: [ app_init ] --END-- [ RunTime:0.000044s ]
ERR: 无法加载模块:Shop

[ 2018-06-25T15:42:36+08:00 ] 220.181.125.86 /index.php?m=shop&c=brand&a=list&m=shop&brand=226&area_id=31
INFO: [ app_init ] --START--
INFO: Run Behavior\BuildLiteBehavior [ RunTime:0.000011s ]
INFO: [ app_init ] --END-- [ RunTime:0.000047s ]
ERR: 无法加载模块:Shop

[ 2018-06-25T15:42:49+08:00 ] 220.181.125.86 /index.php?m=shop&c=brand&a=list&m=shop&brand=345&type=1
INFO: [ app_init ] --START--
INFO: Run Behavior\BuildLiteBehavior [ RunTime:0.000010s ]
INFO: [ app_init ] --END-- [ RunTime:0.000054s ]
ERR: 无法加载模块:Shop

[ 2018-06-25T15:43:02+08:00 ] 220.181.125.86 /index.php?m=shop&c=brand&a=list&m=shop&brand=333&order=0&key=0
INFO: [ app_init ] --START--
INFO: Run Behavior\BuildLiteBehavior [ RunTime:0.000011s ]
INFO: [ app_init ] --END-- [ RunTime:0.000046s ]
ERR: 无法加载模块:Shop

[ 2018-06-25T15:43:14+08:00 ] 220.181.125.86 /index.php?m=shop&c=brand&a=list&m=shop&brand=89&key=2&order=2&area_id=23
INFO: [ app_init ] --START--
INFO: Run Behavior\BuildLiteBehavior [ RunTime:0.000025s ]
INFO: [ app_init ] --END-- [ RunTime:0.000061s ]
ERR: 无法加载模块:Shop

[ 2018-06-25T15:43:27+08:00 ] 220.181.125.86 /index.php?m=shop&c=brand&a=list&m=shop&brand=89&key=2&order=2&area_id=27
INFO: [ app_init ] --START--
INFO: Run Behavior\BuildLiteBehavior [ RunTime:0.000011s ]
INFO: [ app_init ] --END-- [ RunTime:0.000047s ]
ERR: 无法加载模块:Shop

[ 2018-06-25T15:43:39+08:00 ] 220.181.125.86 /index.php?m=shop&c=brand&a=list&m=shop&brand=305&order=0&key=0&area_id=2
INFO: [ app_init ] --START--
INFO: Run Behavior\BuildLiteBehavior [ RunTime:0.000010s ]
INFO: [ app_init ] --END-- [ RunTime:0.000044s ]
ERR: 无法加载模块:Shop

[ 2018-06-25T15:43:51+08:00 ] 220.181.125.86 /index.php?m=shop&c=brand&a=list&m=shop&brand=278&area_id=8&order=0&key=0
INFO: [ app_init ] --START--
INFO: Run Behavior\BuildLiteBehavior [ RunTime:0.000013s ]
INFO: [ app_init ] --END-- [ RunTime:0.000063s ]
ERR: 无法加载模块:Shop

[ 2018-06-25T15:44:03+08:00 ] 220.181.125.86 /index.php?m=shop&c=brand&a=list&m=shop&brand=89&area_id=3&order=0&key=0
INFO: [ app_init ] --START--
INFO: Run Behavior\BuildLiteBehavior [ RunTime:0.000021s ]
INFO: [ app_init ] --END-- [ RunTime:0.000059s ]
ERR: 无法加载模块:Shop

[ 2018-06-25T15:44:15+08:00 ] 220.181.125.86 /index.php?m=shop&c=brand&a=list&m=shop&brand=261&area_id=2&key=2&order=2
INFO: [ app_init ] --START--
INFO: Run Behavior\BuildLiteBehavior [ RunTime:0.000011s ]
INFO: [ app_init ] --END-- [ RunTime:0.000047s ]
ERR: 无法加载模块:Shop

[ 2018-06-25T15:44:27+08:00 ] 220.181.125.86 /index.php?m=shop&c=show_groupbuy&a=vr_groupbuy_list&m=shop&vr_class=26&groupbuy_price=0&groupbuy_order_key=1&groupbuy_order=2&vr_s_class=40
INFO: [ app_init ] --START--
INFO: Run Behavior\BuildLiteBehavior [ RunTime:0.000010s ]
INFO: [ app_init ] --END-- [ RunTime:0.000046s ]
ERR: 无法加载模块:Shop

[ 2018-06-25T15:44:39+08:00 ] 220.181.125.86 /index.php?m=shop&c=show_groupbuy&a=groupbuy_list&class=3
INFO: [ app_init ] --START--
INFO: Run Behavior\BuildLiteBehavior [ RunTime:0.000009s ]
INFO: [ app_init ] --END-- [ RunTime:0.000042s ]
ERR: 无法加载模块:Shop

[ 2018-06-25T15:44:51+08:00 ] 220.181.125.86 /index.php?m=shop&c=brand&a=list&m=shop&brand=96&area_id=32&key=3&order=2
INFO: [ app_init ] --START--
INFO: Run Behavior\BuildLiteBehavior [ RunTime:0.000011s ]
INFO: [ app_init ] --END-- [ RunTime:0.000047s ]
ERR: 无法加载模块:Shop

[ 2018-06-25T15:45:02+08:00 ] 220.181.125.86 /index.php?m=shop&c=brand&a=list&m=shop&brand=333&order=0&key=0&area_id=9
INFO: [ app_init ] --START--
INFO: Run Behavior\BuildLiteBehavior [ RunTime:0.000011s ]
INFO: [ app_init ] --END-- [ RunTime:0.000047s ]
ERR: 无法加载模块:Shop

[ 2018-06-25T15:45:13+08:00 ] 220.181.125.86 /index.php?m=shop&c=brand&a=list&m=shop&brand=305&order=0&key=0&area_id=9
INFO: [ app_init ] --START--
INFO: Run Behavior\BuildLiteBehavior [ RunTime:0.000011s ]
INFO: [ app_init ] --END-- [ RunTime:0.000049s ]
ERR: 无法加载模块:Shop

[ 2018-06-25T15:45:23+08:00 ] 220.181.125.86 /index.php?m=shop&c=brand&a=list&m=shop&brand=306&area_id=9&key=3&order=1
INFO: [ app_init ] --START--
INFO: Run Behavior\BuildLiteBehavior [ RunTime:0.000010s ]
INFO: [ app_init ] --END-- [ RunTime:0.000046s ]
ERR: 无法加载模块:Shop

[ 2018-06-25T15:45:34+08:00 ] 220.181.125.86 /index.php?m=shop&c=brand&a=list&m=shop&brand=250&area_id=9&key=3&order=2
INFO: [ app_init ] --START--
INFO: Run Behavior\BuildLiteBehavior [ RunTime:0.000010s ]
INFO: [ app_init ] --END-- [ RunTime:0.000046s ]
ERR: 无法加载模块:Shop

[ 2018-06-25T15:45:46+08:00 ] 220.181.125.86 /index.php?m=shop&c=brand&a=list&m=shop&brand=261&area_id=4&key=2&order=2
INFO: [ app_init ] --START--
INFO: Run Behavior\BuildLiteBehavior [ RunTime:0.000012s ]
INFO: [ app_init ] --END-- [ RunTime:0.000047s ]
ERR: 无法加载模块:Shop

[ 2018-06-25T15:45:56+08:00 ] 220.181.125.86 /index.php?m=shop&c=brand&a=list&m=shop&brand=248&area_id=1&order=0&key=0
INFO: [ app_init ] --START--
INFO: Run Behavior\BuildLiteBehavior [ RunTime:0.000022s ]
INFO: [ app_init ] --END-- [ RunTime:0.000068s ]
ERR: 无法加载模块:Shop

[ 2018-06-25T15:46:06+08:00 ] 220.181.125.86 /index.php?m=shop&c=brand&a=list&m=shop&brand=121&area_id=5&key=0&order=0
INFO: [ app_init ] --START--
INFO: Run Behavior\BuildLiteBehavior [ RunTime:0.000010s ]
INFO: [ app_init ] --END-- [ RunTime:0.000047s ]
ERR: 无法加载模块:Shop

[ 2018-06-25T15:46:17+08:00 ] 220.181.125.86 /index.php?m=shop&c=brand&a=list&m=shop&brand=250&area_id=5&order=0&key=0
INFO: [ app_init ] --START--
INFO: Run Behavior\BuildLiteBehavior [ RunTime:0.000011s ]
INFO: [ app_init ] --END-- [ RunTime:0.000046s ]
ERR: 无法加载模块:Shop

[ 2018-06-25T15:46:27+08:00 ] 220.181.125.86 /index.php?m=shop&c=brand&a=list&m=shop&brand=306&area_id=3
INFO: [ app_init ] --START--
INFO: Run Behavior\BuildLiteBehavior [ RunTime:0.000012s ]
INFO: [ app_init ] --END-- [ RunTime:0.000061s ]
ERR: 无法加载模块:Shop

[ 2018-06-25T15:46:38+08:00 ] 220.181.125.86 /index.php?m=shop&c=brand&a=list&m=shop&brand=348&area_id=35&order=2&key=1
INFO: [ app_init ] --START--
INFO: Run Behavior\BuildLiteBehavior [ RunTime:0.000010s ]
INFO: [ app_init ] --END-- [ RunTime:0.000044s ]
ERR: 无法加载模块:Shop

[ 2018-06-25T15:46:49+08:00 ] 220.181.125.86 /index.php?m=shop&c=brand&a=list&m=shop&brand=317&area_id=35&type=1&gift=0
INFO: [ app_init ] --START--
INFO: Run Behavior\BuildLiteBehavior [ RunTime:0.000013s ]
INFO: [ app_init ] --END-- [ RunTime:0.000056s ]
ERR: 无法加载模块:Shop

[ 2018-06-25T15:47:00+08:00 ] 220.181.125.86 /index.php?m=shop&c=brand&a=list&m=shop&brand=89&area_id=8&order=0&key=0&type=1&gift=0
INFO: [ app_init ] --START--
INFO: Run Behavior\BuildLiteBehavior [ RunTime:0.000011s ]
INFO: [ app_init ] --END-- [ RunTime:0.000050s ]
ERR: 无法加载模块:Shop

