[ 2018-06-24T02:29:52+08:00 ] 220.181.125.86 /index.php?m=shop&c=brand&a=list&m=shop&brand=277&gift=0&area_id=19&key=1&order=1&type=1
INFO: [ app_init ] --START--
INFO: Run Behavior\BuildLiteBehavior [ RunTime:0.000009s ]
INFO: [ app_init ] --END-- [ RunTime:0.000044s ]
ERR: 无法加载模块:Shop

[ 2018-06-24T02:30:07+08:00 ] 220.181.125.86 /index.php?m=shop&c=brand&a=list&m=shop&brand=335&area_id=20&key=3&order=1&gift=1
INFO: [ app_init ] --START--
INFO: Run Behavior\BuildLiteBehavior [ RunTime:0.000010s ]
INFO: [ app_init ] --END-- [ RunTime:0.000046s ]
ERR: 无法加载模块:Shop

[ 2018-06-24T02:30:25+08:00 ] 220.181.125.86 /index.php?m=shop&c=brand&a=list&m=shop&brand=335&area_id=24&order=2&key=2&type=1&gift=0
INFO: [ app_init ] --START--
INFO: Run Behavior\BuildLiteBehavior [ RunTime:0.000011s ]
INFO: [ app_init ] --END-- [ RunTime:0.000046s ]
ERR: 无法加载模块:Shop

[ 2018-06-24T02:30:44+08:00 ] 220.181.125.86 /index.php?m=shop&c=brand&a=list&m=shop&brand=335&area_id=7&key=3&order=1&gift=1
INFO: [ app_init ] --START--
INFO: Run Behavior\BuildLiteBehavior [ RunTime:0.000010s ]
INFO: [ app_init ] --END-- [ RunTime:0.000057s ]
ERR: 无法加载模块:Shop

[ 2018-06-24T02:31:01+08:00 ] 220.181.125.86 /index.php?m=shop&c=brand&a=list&m=shop&brand=129&area_id=3&order=2&key=1&type=0&gift=1
INFO: [ app_init ] --START--
INFO: Run Behavior\BuildLiteBehavior [ RunTime:0.000011s ]
INFO: [ app_init ] --END-- [ RunTime:0.000044s ]
ERR: 无法加载模块:Shop

[ 2018-06-24T02:31:23+08:00 ] 220.181.125.86 /index.php?m=shop&c=brand&a=list&m=shop&brand=359&type=1&key=0&order=0&area_id=9&gift=0
INFO: [ app_init ] --START--
INFO: Run Behavior\BuildLiteBehavior [ RunTime:0.000011s ]
INFO: [ app_init ] --END-- [ RunTime:0.000047s ]
ERR: 无法加载模块:Shop

[ 2018-06-24T02:31:46+08:00 ] 220.181.125.86 /index.php?m=shop&c=brand&a=list&m=shop&brand=277&order=0&key=0&area_id=29&type=0&gift=1
INFO: [ app_init ] --START--
INFO: Run Behavior\BuildLiteBehavior [ RunTime:0.000018s ]
INFO: [ app_init ] --END-- [ RunTime:0.000064s ]
ERR: 无法加载模块:Shop

[ 2018-06-24T02:32:11+08:00 ] 220.181.125.86 /index.php?m=shop&c=brand&a=list&m=shop&brand=345&type=1&area_id=32&key=0&order=0&gift=1
INFO: [ app_init ] --START--
INFO: Run Behavior\BuildLiteBehavior [ RunTime:0.000010s ]
INFO: [ app_init ] --END-- [ RunTime:0.000045s ]
ERR: 无法加载模块:Shop

[ 2018-06-24T02:32:40+08:00 ] 220.181.125.86 /index.php?m=shop&c=brand&a=list&m=shop&brand=129&area_id=7&order=1&key=1&type=0&gift=1
INFO: [ app_init ] --START--
INFO: Run Behavior\BuildLiteBehavior [ RunTime:0.000010s ]
INFO: [ app_init ] --END-- [ RunTime:0.000046s ]
ERR: 无法加载模块:Shop

[ 2018-06-24T02:35:01+08:00 ] 220.181.125.86 /index.php?m=shop&c=brand&a=list&m=shop&brand=129&area_id=9&order=0&key=0&type=0&gift=0
INFO: [ app_init ] --START--
INFO: Run Behavior\BuildLiteBehavior [ RunTime:0.000010s ]
INFO: [ app_init ] --END-- [ RunTime:0.000048s ]
ERR: 无法加载模块:Shop

[ 2018-06-24T02:35:33+08:00 ] 220.181.125.86 /index.php?m=shop&c=brand&a=list&m=shop&brand=335&area_id=27&key=2&order=2&gift=1
INFO: [ app_init ] --START--
INFO: Run Behavior\BuildLiteBehavior [ RunTime:0.000011s ]
INFO: [ app_init ] --END-- [ RunTime:0.000046s ]
ERR: 无法加载模块:Shop

[ 2018-06-24T02:36:07+08:00 ] 220.181.125.86 /index.php?m=shop&c=brand&a=list&m=shop&brand=129&area_id=18&order=0&key=0&type=0&gift=0
INFO: [ app_init ] --START--
INFO: Run Behavior\BuildLiteBehavior [ RunTime:0.000014s ]
INFO: [ app_init ] --END-- [ RunTime:0.000062s ]
ERR: 无法加载模块:Shop

[ 2018-06-24T02:36:39+08:00 ] 220.181.125.86 /index.php?m=shop&c=brand&a=list&m=shop&brand=335&area_id=0&order=0&key=0&type=1&gift=1
INFO: [ app_init ] --START--
INFO: Run Behavior\BuildLiteBehavior [ RunTime:0.000010s ]
INFO: [ app_init ] --END-- [ RunTime:0.000045s ]
ERR: 无法加载模块:Shop

[ 2018-06-24T02:37:11+08:00 ] 220.181.125.86 /index.php?m=shop&c=brand&a=list&m=shop&brand=277&order=1&key=2&area_id=32&gift=1
INFO: [ app_init ] --START--
INFO: Run Behavior\BuildLiteBehavior [ RunTime:0.000015s ]
INFO: [ app_init ] --END-- [ RunTime:0.000068s ]
ERR: 无法加载模块:Shop

[ 2018-06-24T02:37:48+08:00 ] 220.181.125.86 /index.php?m=shop&c=brand&a=list&m=shop&brand=333&order=2&key=2&area_id=15&gift=1&type=1
INFO: [ app_init ] --START--
INFO: Run Behavior\BuildLiteBehavior [ RunTime:0.000011s ]
INFO: [ app_init ] --END-- [ RunTime:0.000045s ]
ERR: 无法加载模块:Shop

[ 2018-06-24T02:38:25+08:00 ] 220.181.125.86 /index.php?m=shop&c=brand&a=list&m=shop&brand=359&type=1&key=0&order=0&area_id=26&gift=0
INFO: [ app_init ] --START--
INFO: Run Behavior\BuildLiteBehavior [ RunTime:0.000014s ]
INFO: [ app_init ] --END-- [ RunTime:0.000062s ]
ERR: 无法加载模块:Shop

[ 2018-06-24T02:39:04+08:00 ] 220.181.125.86 /index.php?m=shop&c=brand&a=list&m=shop&brand=277&order=2&key=2&area_id=16&gift=1&type=1
INFO: [ app_init ] --START--
INFO: Run Behavior\BuildLiteBehavior [ RunTime:0.000014s ]
INFO: [ app_init ] --END-- [ RunTime:0.000072s ]
ERR: 无法加载模块:Shop

[ 2018-06-24T02:41:29+08:00 ] 220.181.125.86 /index.php?m=shop&c=brand&a=list&m=shop&brand=129&area_id=31&order=1&key=1&type=1&gift=0
INFO: [ app_init ] --START--
INFO: Run Behavior\BuildLiteBehavior [ RunTime:0.000011s ]
INFO: [ app_init ] --END-- [ RunTime:0.000047s ]
ERR: 无法加载模块:Shop

[ 2018-06-24T02:42:12+08:00 ] 220.181.125.86 /index.php?m=shop&c=brand&a=list&m=shop&brand=129&area_id=29&order=1&key=1&type=0&gift=1
INFO: [ app_init ] --START--
INFO: Run Behavior\BuildLiteBehavior [ RunTime:0.000011s ]
INFO: [ app_init ] --END-- [ RunTime:0.000047s ]
ERR: 无法加载模块:Shop

[ 2018-06-24T02:42:46+08:00 ] 220.181.125.86 /index.php?m=shop&c=brand&a=list&m=shop&brand=333&order=2&key=2&area_id=0&gift=1&type=1
INFO: [ app_init ] --START--
INFO: Run Behavior\BuildLiteBehavior [ RunTime:0.000011s ]
INFO: [ app_init ] --END-- [ RunTime:0.000047s ]
ERR: 无法加载模块:Shop

[ 2018-06-24T02:43:17+08:00 ] 220.181.125.86 /index.php?m=shop&c=brand&a=list&m=shop&brand=333&order=2&key=1&area_id=9&gift=0&type=1
INFO: [ app_init ] --START--
INFO: Run Behavior\BuildLiteBehavior [ RunTime:0.000019s ]
INFO: [ app_init ] --END-- [ RunTime:0.000054s ]
ERR: 无法加载模块:Shop

[ 2018-06-24T02:43:49+08:00 ] 220.181.125.86 /index.php?m=shop&c=brand&a=list&m=shop&brand=129&area_id=1&order=1&key=1&type=1&gift=0
INFO: [ app_init ] --START--
INFO: Run Behavior\BuildLiteBehavior [ RunTime:0.000010s ]
INFO: [ app_init ] --END-- [ RunTime:0.000054s ]
ERR: 无法加载模块:Shop

[ 2018-06-24T02:44:17+08:00 ] 220.181.125.86 /index.php?m=shop&c=brand&a=list&m=shop&brand=345&type=1&area_id=23&key=0&order=0&gift=1
INFO: [ app_init ] --START--
INFO: Run Behavior\BuildLiteBehavior [ RunTime:0.000009s ]
INFO: [ app_init ] --END-- [ RunTime:0.000043s ]
ERR: 无法加载模块:Shop

[ 2018-06-24T02:44:46+08:00 ] 220.181.125.86 /index.php?m=shop&c=brand&a=list&m=shop&brand=277&order=0&key=0&area_id=12&type=0
INFO: [ app_init ] --START--
INFO: Run Behavior\BuildLiteBehavior [ RunTime:0.000011s ]
INFO: [ app_init ] --END-- [ RunTime:0.000060s ]
ERR: 无法加载模块:Shop

[ 2018-06-24T02:45:11+08:00 ] 220.181.125.86 /index.php?m=shop&c=brand&a=list&m=shop&brand=335&area_id=33&order=2&key=3&type=1&gift=1
INFO: [ app_init ] --START--
INFO: Run Behavior\BuildLiteBehavior [ RunTime:0.000011s ]
INFO: [ app_init ] --END-- [ RunTime:0.000059s ]
ERR: 无法加载模块:Shop

[ 2018-06-24T02:45:35+08:00 ] 220.181.125.86 /index.php?m=shop&c=brand&a=list&m=shop&brand=333&order=2&key=1&area_id=14&gift=0&type=1
INFO: [ app_init ] --START--
INFO: Run Behavior\BuildLiteBehavior [ RunTime:0.000012s ]
INFO: [ app_init ] --END-- [ RunTime:0.000052s ]
ERR: 无法加载模块:Shop

[ 2018-06-24T02:45:58+08:00 ] 220.181.125.86 /index.php?m=shop&c=brand&a=list&m=shop&brand=277&order=2&key=1&area_id=27&type=0&gift=1
INFO: [ app_init ] --START--
INFO: Run Behavior\BuildLiteBehavior [ RunTime:0.000011s ]
INFO: [ app_init ] --END-- [ RunTime:0.000047s ]
ERR: 无法加载模块:Shop

[ 2018-06-24T02:46:21+08:00 ] 220.181.125.86 /index.php?m=shop&c=brand&a=list&m=shop&brand=335&area_id=33&order=0&key=0&type=1&gift=1
INFO: [ app_init ] --START--
INFO: Run Behavior\BuildLiteBehavior [ RunTime:0.000014s ]
INFO: [ app_init ] --END-- [ RunTime:0.000061s ]
ERR: 无法加载模块:Shop

[ 2018-06-24T02:46:44+08:00 ] 220.181.125.86 /index.php?m=shop&c=brand&a=list&m=shop&brand=359&type=1&key=0&order=0&area_id=35&gift=0
INFO: [ app_init ] --START--
INFO: Run Behavior\BuildLiteBehavior [ RunTime:0.000010s ]
INFO: [ app_init ] --END-- [ RunTime:0.000044s ]
ERR: 无法加载模块:Shop

[ 2018-06-24T02:47:08+08:00 ] 220.181.125.86 /index.php?m=shop&c=brand&a=list&m=shop&brand=335&area_id=29&order=2&key=3&type=1&gift=1
INFO: [ app_init ] --START--
INFO: Run Behavior\BuildLiteBehavior [ RunTime:0.000010s ]
INFO: [ app_init ] --END-- [ RunTime:0.000045s ]
ERR: 无法加载模块:Shop

[ 2018-06-24T02:47:30+08:00 ] 220.181.125.86 /index.php?m=shop&c=brand&a=list&m=shop&brand=335&area_id=9&key=3&order=1&gift=1
INFO: [ app_init ] --START--
INFO: Run Behavior\BuildLiteBehavior [ RunTime:0.000008s ]
INFO: [ app_init ] --END-- [ RunTime:0.000044s ]
ERR: 无法加载模块:Shop

[ 2018-06-24T02:47:51+08:00 ] 220.181.125.86 /index.php?m=shop&c=brand&a=list&m=shop&brand=335&area_id=2&key=1&order=2&type=0&gift=1
INFO: [ app_init ] --START--
INFO: Run Behavior\BuildLiteBehavior [ RunTime:0.000011s ]
INFO: [ app_init ] --END-- [ RunTime:0.000046s ]
ERR: 无法加载模块:Shop

[ 2018-06-24T02:48:12+08:00 ] 220.181.125.86 /index.php?m=shop&c=brand&a=list&m=shop&brand=277&order=0&key=0&area_id=1&type=0&gift=1
INFO: [ app_init ] --START--
INFO: Run Behavior\BuildLiteBehavior [ RunTime:0.000010s ]
INFO: [ app_init ] --END-- [ RunTime:0.000045s ]
ERR: 无法加载模块:Shop

[ 2018-06-24T02:48:32+08:00 ] 220.181.125.86 /index.php?m=shop&c=brand&a=list&m=shop&brand=129&area_id=5&order=1&key=1&type=0&gift=1
INFO: [ app_init ] --START--
INFO: Run Behavior\BuildLiteBehavior [ RunTime:0.000009s ]
INFO: [ app_init ] --END-- [ RunTime:0.000044s ]
ERR: 无法加载模块:Shop

[ 2018-06-24T02:48:52+08:00 ] 220.181.125.86 /index.php?m=shop&c=brand&a=list&m=shop&brand=345&type=1&area_id=21&key=0&order=0&gift=1
INFO: [ app_init ] --START--
INFO: Run Behavior\BuildLiteBehavior [ RunTime:0.000010s ]
INFO: [ app_init ] --END-- [ RunTime:0.000045s ]
ERR: 无法加载模块:Shop

[ 2018-06-24T02:49:11+08:00 ] 220.181.125.86 /index.php?m=shop&c=brand&a=list&m=shop&brand=335&area_id=23&order=0&key=0&type=1&gift=0
INFO: [ app_init ] --START--
INFO: Run Behavior\BuildLiteBehavior [ RunTime:0.000012s ]
INFO: [ app_init ] --END-- [ RunTime:0.000049s ]
ERR: 无法加载模块:Shop

[ 2018-06-24T02:49:31+08:00 ] 220.181.125.86 /index.php?m=shop&c=brand&a=list&m=shop&brand=306&area_id=18&key=1&order=2&gift=0
INFO: [ app_init ] --START--
INFO: Run Behavior\BuildLiteBehavior [ RunTime:0.000012s ]
INFO: [ app_init ] --END-- [ RunTime:0.000047s ]
ERR: 无法加载模块:Shop

[ 2018-06-24T02:49:50+08:00 ] 220.181.125.86 /index.php?m=shop&c=brand&a=list&m=shop&brand=335&area_id=17&key=1&order=2&type=0&gift=1
INFO: [ app_init ] --START--
INFO: Run Behavior\BuildLiteBehavior [ RunTime:0.000009s ]
INFO: [ app_init ] --END-- [ RunTime:0.000046s ]
ERR: 无法加载模块:Shop

[ 2018-06-24T02:50:09+08:00 ] 220.181.125.86 /index.php?m=shop&c=brand&a=list&m=shop&brand=335&area_id=3&order=0&key=0&type=1&gift=0
INFO: [ app_init ] --START--
INFO: Run Behavior\BuildLiteBehavior [ RunTime:0.000010s ]
INFO: [ app_init ] --END-- [ RunTime:0.000043s ]
ERR: 无法加载模块:Shop

[ 2018-06-24T02:50:28+08:00 ] 220.181.125.86 /index.php?m=shop&c=brand&a=list&m=shop&brand=277&order=2&key=3&area_id=12&type=0&gift=1
INFO: [ app_init ] --START--
INFO: Run Behavior\BuildLiteBehavior [ RunTime:0.000011s ]
INFO: [ app_init ] --END-- [ RunTime:0.000050s ]
ERR: 无法加载模块:Shop

[ 2018-06-24T02:50:46+08:00 ] 220.181.125.86 /index.php?m=shop&c=brand&a=list&m=shop&brand=89&area_id=1&order=2&key=3&gift=1&type=0
INFO: [ app_init ] --START--
INFO: Run Behavior\BuildLiteBehavior [ RunTime:0.000012s ]
INFO: [ app_init ] --END-- [ RunTime:0.000048s ]
ERR: 无法加载模块:Shop

[ 2018-06-24T02:51:05+08:00 ] 220.181.125.86 /index.php?m=shop&c=brand&a=list&m=shop&brand=335&area_id=32&key=1&order=2&type=0&gift=1
INFO: [ app_init ] --START--
INFO: Run Behavior\BuildLiteBehavior [ RunTime:0.000012s ]
INFO: [ app_init ] --END-- [ RunTime:0.000069s ]
ERR: 无法加载模块:Shop

[ 2018-06-24T02:51:22+08:00 ] 220.181.125.86 /index.php?m=shop&c=brand&a=list&m=shop&brand=129&area_id=18&order=1&key=1&type=1&gift=1
INFO: [ app_init ] --START--
INFO: Run Behavior\BuildLiteBehavior [ RunTime:0.000010s ]
INFO: [ app_init ] --END-- [ RunTime:0.000044s ]
ERR: 无法加载模块:Shop

[ 2018-06-24T02:51:40+08:00 ] 220.181.125.86 /index.php?m=shop&c=brand&a=list&m=shop&brand=345&type=1&area_id=19&key=1&order=2&gift=1
INFO: [ app_init ] --START--
INFO: Run Behavior\BuildLiteBehavior [ RunTime:0.000009s ]
INFO: [ app_init ] --END-- [ RunTime:0.000043s ]
ERR: 无法加载模块:Shop

[ 2018-06-24T02:51:58+08:00 ] 220.181.125.86 /index.php?m=shop&c=brand&a=list&m=shop&brand=359&area_id=10&key=1&order=2&gift=0&type=1
INFO: [ app_init ] --START--
INFO: Run Behavior\BuildLiteBehavior [ RunTime:0.000015s ]
INFO: [ app_init ] --END-- [ RunTime:0.000067s ]
ERR: 无法加载模块:Shop

[ 2018-06-24T02:52:16+08:00 ] 220.181.125.86 /index.php?m=shop&c=brand&a=list&m=shop&brand=306&area_id=13&key=2&order=1&gift=0
INFO: [ app_init ] --START--
INFO: Run Behavior\BuildLiteBehavior [ RunTime:0.000010s ]
INFO: [ app_init ] --END-- [ RunTime:0.000045s ]
ERR: 无法加载模块:Shop

[ 2018-06-24T02:52:33+08:00 ] 220.181.125.86 /index.php?m=shop&c=brand&a=list&m=shop&brand=335&area_id=12&order=2&key=2&type=1&gift=0
INFO: [ app_init ] --START--
INFO: Run Behavior\BuildLiteBehavior [ RunTime:0.000022s ]
INFO: [ app_init ] --END-- [ RunTime:0.000058s ]
ERR: 无法加载模块:Shop

[ 2018-06-24T02:52:53+08:00 ] 220.181.125.86 /index.php?m=shop&c=brand&a=list&m=shop&brand=335&area_id=19&order=0&key=0&type=1&gift=0
INFO: [ app_init ] --START--
INFO: Run Behavior\BuildLiteBehavior [ RunTime:0.000012s ]
INFO: [ app_init ] --END-- [ RunTime:0.000046s ]
ERR: 无法加载模块:Shop

[ 2018-06-24T02:53:12+08:00 ] 220.181.125.86 /index.php?m=shop&c=brand&a=list&m=shop&brand=335&area_id=0&order=2&key=1&type=1&gift=0
INFO: [ app_init ] --START--
INFO: Run Behavior\BuildLiteBehavior [ RunTime:0.000010s ]
INFO: [ app_init ] --END-- [ RunTime:0.000046s ]
ERR: 无法加载模块:Shop

[ 2018-06-24T02:53:29+08:00 ] 220.181.125.86 /index.php?m=shop&c=brand&a=list&m=shop&brand=335&area_id=21&key=0&order=0&type=0&gift=0
INFO: [ app_init ] --START--
INFO: Run Behavior\BuildLiteBehavior [ RunTime:0.000009s ]
INFO: [ app_init ] --END-- [ RunTime:0.000043s ]
ERR: 无法加载模块:Shop

[ 2018-06-24T02:53:46+08:00 ] 220.181.125.86 /index.php?m=shop&c=brand&a=list&m=shop&brand=129&area_id=33&order=1&key=1&type=0&gift=1
INFO: [ app_init ] --START--
INFO: Run Behavior\BuildLiteBehavior [ RunTime:0.000011s ]
INFO: [ app_init ] --END-- [ RunTime:0.000048s ]
ERR: 无法加载模块:Shop

[ 2018-06-24T02:54:03+08:00 ] 220.181.125.86 /index.php?m=shop&c=brand&a=list&m=shop&brand=129&area_id=35&order=1&key=1&type=1&gift=1
INFO: [ app_init ] --START--
INFO: Run Behavior\BuildLiteBehavior [ RunTime:0.000010s ]
INFO: [ app_init ] --END-- [ RunTime:0.000045s ]
ERR: 无法加载模块:Shop

[ 2018-06-24T02:54:19+08:00 ] 220.181.125.86 /index.php?m=shop&c=brand&a=list&m=shop&brand=335&area_id=16&key=0&order=0&type=0&gift=0
INFO: [ app_init ] --START--
INFO: Run Behavior\BuildLiteBehavior [ RunTime:0.000021s ]
INFO: [ app_init ] --END-- [ RunTime:0.000058s ]
ERR: 无法加载模块:Shop

[ 2018-06-24T02:54:36+08:00 ] 220.181.125.86 /index.php?m=shop&c=brand&a=list&m=shop&brand=335&area_id=1&key=1&order=2&type=1&gift=1
INFO: [ app_init ] --START--
INFO: Run Behavior\BuildLiteBehavior [ RunTime:0.000010s ]
INFO: [ app_init ] --END-- [ RunTime:0.000045s ]
ERR: 无法加载模块:Shop

[ 2018-06-24T02:54:51+08:00 ] 220.181.125.86 /index.php?m=shop&c=brand&a=list&m=shop&brand=335&area_id=5&order=0&key=0&type=1&gift=0
INFO: [ app_init ] --START--
INFO: Run Behavior\BuildLiteBehavior [ RunTime:0.000011s ]
INFO: [ app_init ] --END-- [ RunTime:0.000053s ]
ERR: 无法加载模块:Shop

[ 2018-06-24T02:55:07+08:00 ] 220.181.125.86 /index.php?m=shop&c=brand&a=list&m=shop&brand=335&area_id=33&order=0&key=0&type=1&gift=0
INFO: [ app_init ] --START--
INFO: Run Behavior\BuildLiteBehavior [ RunTime:0.000013s ]
INFO: [ app_init ] --END-- [ RunTime:0.000054s ]
ERR: 无法加载模块:Shop

[ 2018-06-24T02:55:22+08:00 ] 220.181.125.86 /index.php?m=shop&c=brand&a=list&m=shop&brand=89&key=1&order=2&area_id=0&gift=1
INFO: [ app_init ] --START--
INFO: Run Behavior\BuildLiteBehavior [ RunTime:0.000010s ]
INFO: [ app_init ] --END-- [ RunTime:0.000043s ]
ERR: 无法加载模块:Shop

[ 2018-06-24T02:55:38+08:00 ] 220.181.125.86 /index.php?m=shop&c=brand&a=list&m=shop&brand=345&type=0&area_id=22&key=2&order=2
INFO: [ app_init ] --START--
INFO: Run Behavior\BuildLiteBehavior [ RunTime:0.000010s ]
INFO: [ app_init ] --END-- [ RunTime:0.000056s ]
ERR: 无法加载模块:Shop

[ 2018-06-24T02:55:53+08:00 ] 220.181.125.86 /index.php?m=shop&c=brand&a=list&m=shop&brand=306&area_id=6&key=3&order=2&gift=0
INFO: [ app_init ] --START--
INFO: Run Behavior\BuildLiteBehavior [ RunTime:0.000010s ]
INFO: [ app_init ] --END-- [ RunTime:0.000046s ]
ERR: 无法加载模块:Shop

[ 2018-06-24T02:56:08+08:00 ] 220.181.125.86 /index.php?m=shop&c=brand&a=list&m=shop&brand=96&area_id=22&key=1&order=2&gift=1
INFO: [ app_init ] --START--
INFO: Run Behavior\BuildLiteBehavior [ RunTime:0.000010s ]
INFO: [ app_init ] --END-- [ RunTime:0.000044s ]
ERR: 无法加载模块:Shop

[ 2018-06-24T02:56:23+08:00 ] 220.181.125.86 /index.php?m=shop&c=brand&a=list&m=shop&brand=335&area_id=29&key=1&order=2&type=0&gift=1
INFO: [ app_init ] --START--
INFO: Run Behavior\BuildLiteBehavior [ RunTime:0.000011s ]
INFO: [ app_init ] --END-- [ RunTime:0.000051s ]
ERR: 无法加载模块:Shop

[ 2018-06-24T02:56:38+08:00 ] 220.181.125.86 /index.php?m=shop&c=brand&a=list&m=shop&brand=335&area_id=7&order=2&key=3&type=1&gift=0
INFO: [ app_init ] --START--
INFO: Run Behavior\BuildLiteBehavior [ RunTime:0.000030s ]
INFO: [ app_init ] --END-- [ RunTime:0.000065s ]
ERR: 无法加载模块:Shop

[ 2018-06-24T02:56:52+08:00 ] 220.181.125.86 /index.php?m=shop&c=brand&a=list&m=shop&brand=277&order=2&key=3&area_id=26&type=0&gift=1
INFO: [ app_init ] --START--
INFO: Run Behavior\BuildLiteBehavior [ RunTime:0.000011s ]
INFO: [ app_init ] --END-- [ RunTime:0.000055s ]
ERR: 无法加载模块:Shop

[ 2018-06-24T02:57:06+08:00 ] 220.181.125.86 /index.php?m=shop&c=brand&a=list&m=shop&brand=335&area_id=34&key=3&order=2&gift=0&type=1
INFO: [ app_init ] --START--
INFO: Run Behavior\BuildLiteBehavior [ RunTime:0.000010s ]
INFO: [ app_init ] --END-- [ RunTime:0.000045s ]
ERR: 无法加载模块:Shop

[ 2018-06-24T02:57:22+08:00 ] 220.181.125.86 /index.php?m=shop&c=brand&a=list&m=shop&brand=89&key=2&order=1&area_id=0&gift=1
INFO: [ app_init ] --START--
INFO: Run Behavior\BuildLiteBehavior [ RunTime:0.000012s ]
INFO: [ app_init ] --END-- [ RunTime:0.000048s ]
ERR: 无法加载模块:Shop

[ 2018-06-24T02:57:38+08:00 ] 220.181.125.86 /index.php?m=shop&c=brand&a=list&m=shop&brand=303&area_id=2&gift=0&key=2&order=2
INFO: [ app_init ] --START--
INFO: Run Behavior\BuildLiteBehavior [ RunTime:0.000010s ]
INFO: [ app_init ] --END-- [ RunTime:0.000047s ]
ERR: 无法加载模块:Shop

[ 2018-06-24T02:57:53+08:00 ] 220.181.125.86 /index.php?m=shop&c=brand&a=list&m=shop&brand=306&area_id=32&key=1&order=2&gift=0
INFO: [ app_init ] --START--
INFO: Run Behavior\BuildLiteBehavior [ RunTime:0.000011s ]
INFO: [ app_init ] --END-- [ RunTime:0.000048s ]
ERR: 无法加载模块:Shop

[ 2018-06-24T02:58:07+08:00 ] 220.181.125.86 /index.php?m=shop&c=brand&a=list&m=shop&brand=348&area_id=3&order=0&key=0&gift=0
INFO: [ app_init ] --START--
INFO: Run Behavior\BuildLiteBehavior [ RunTime:0.000009s ]
INFO: [ app_init ] --END-- [ RunTime:0.000042s ]
ERR: 无法加载模块:Shop

[ 2018-06-24T02:58:22+08:00 ] 220.181.125.86 /index.php?m=shop&c=brand&a=list&m=shop&brand=306&area_id=27&key=3&order=2&gift=1
INFO: [ app_init ] --START--
INFO: Run Behavior\BuildLiteBehavior [ RunTime:0.000010s ]
INFO: [ app_init ] --END-- [ RunTime:0.000046s ]
ERR: 无法加载模块:Shop

[ 2018-06-24T02:58:37+08:00 ] 220.181.125.86 /index.php?m=shop&c=brand&a=list&m=shop&brand=335&area_id=31&key=1&order=2&type=0&gift=1
INFO: [ app_init ] --START--
INFO: Run Behavior\BuildLiteBehavior [ RunTime:0.000009s ]
INFO: [ app_init ] --END-- [ RunTime:0.000040s ]
ERR: 无法加载模块:Shop

[ 2018-06-24T02:58:52+08:00 ] 220.181.125.86 /index.php?m=shop&c=brand&a=list&m=shop&brand=309&area_id=33&type=1&key=1&order=2
INFO: [ app_init ] --START--
INFO: Run Behavior\BuildLiteBehavior [ RunTime:0.000011s ]
INFO: [ app_init ] --END-- [ RunTime:0.000045s ]
ERR: 无法加载模块:Shop

[ 2018-06-24T02:59:06+08:00 ] 220.181.125.86 /index.php?m=shop&c=brand&a=list&m=shop&brand=335&area_id=17&order=2&key=3&type=1&gift=1
INFO: [ app_init ] --START--
INFO: Run Behavior\BuildLiteBehavior [ RunTime:0.000011s ]
INFO: [ app_init ] --END-- [ RunTime:0.000047s ]
ERR: 无法加载模块:Shop

[ 2018-06-24T02:59:20+08:00 ] 220.181.125.86 /index.php?m=shop&c=brand&a=list&m=shop&brand=303&area_id=4&gift=0&key=0&order=0
INFO: [ app_init ] --START--
INFO: Run Behavior\BuildLiteBehavior [ RunTime:0.000009s ]
INFO: [ app_init ] --END-- [ RunTime:0.000043s ]
ERR: 无法加载模块:Shop

[ 2018-06-24T02:59:34+08:00 ] 220.181.125.86 /index.php?m=shop&c=brand&a=list&m=shop&brand=317&area_id=4&type=1&gift=0&key=2&order=2
INFO: [ app_init ] --START--
INFO: Run Behavior\BuildLiteBehavior [ RunTime:0.000010s ]
INFO: [ app_init ] --END-- [ RunTime:0.000045s ]
ERR: 无法加载模块:Shop

[ 2018-06-24T02:59:48+08:00 ] 220.181.125.86 /index.php?m=shop&c=brand&a=list&m=shop&brand=335&area_id=0&key=3&order=2&type=0&gift=0
INFO: [ app_init ] --START--
INFO: Run Behavior\BuildLiteBehavior [ RunTime:0.000011s ]
INFO: [ app_init ] --END-- [ RunTime:0.000045s ]
ERR: 无法加载模块:Shop

[ 2018-06-24T03:00:02+08:00 ] 220.181.125.86 /index.php?m=shop&c=brand&a=list&m=shop&brand=335&area_id=17&key=2&order=1&type=1&gift=0
INFO: [ app_init ] --START--
INFO: Run Behavior\BuildLiteBehavior [ RunTime:0.000011s ]
INFO: [ app_init ] --END-- [ RunTime:0.000047s ]
ERR: 无法加载模块:Shop

[ 2018-06-24T03:00:17+08:00 ] 220.181.125.86 /index.php?m=shop&c=brand&a=list&m=shop&brand=335&area_id=23&key=1&order=2&type=0&gift=1
INFO: [ app_init ] --START--
INFO: Run Behavior\BuildLiteBehavior [ RunTime:0.000011s ]
INFO: [ app_init ] --END-- [ RunTime:0.000047s ]
ERR: 无法加载模块:Shop

[ 2018-06-24T03:00:30+08:00 ] 220.181.125.86 /index.php?m=shop&c=brand&a=list&m=shop&brand=348&area_id=19&order=0&key=0&gift=1&type=0
INFO: [ app_init ] --START--
INFO: Run Behavior\BuildLiteBehavior [ RunTime:0.000010s ]
INFO: [ app_init ] --END-- [ RunTime:0.000044s ]
ERR: 无法加载模块:Shop

[ 2018-06-24T03:00:44+08:00 ] 220.181.125.86 /index.php?m=shop&c=brand&a=list&m=shop&brand=303&area_id=4&gift=0&key=1&order=2
INFO: [ app_init ] --START--
INFO: Run Behavior\BuildLiteBehavior [ RunTime:0.000010s ]
INFO: [ app_init ] --END-- [ RunTime:0.000046s ]
ERR: 无法加载模块:Shop

[ 2018-06-24T03:00:58+08:00 ] 220.181.125.86 /index.php?m=shop&c=brand&a=list&m=shop&brand=306&area_id=31&key=1&order=2&gift=0
INFO: [ app_init ] --START--
INFO: Run Behavior\BuildLiteBehavior [ RunTime:0.000010s ]
INFO: [ app_init ] --END-- [ RunTime:0.000047s ]
ERR: 无法加载模块:Shop

[ 2018-06-24T03:01:11+08:00 ] 220.181.125.86 /index.php?m=shop&c=brand&a=list&m=shop&brand=317&area_id=6&type=1&key=0&order=0&gift=0
INFO: [ app_init ] --START--
INFO: Run Behavior\BuildLiteBehavior [ RunTime:0.000011s ]
INFO: [ app_init ] --END-- [ RunTime:0.000048s ]
ERR: 无法加载模块:Shop

[ 2018-06-24T03:01:24+08:00 ] 220.181.125.86 /index.php?m=shop&c=brand&a=list&m=shop&brand=317&area_id=15&type=1&gift=1&key=3&order=2
INFO: [ app_init ] --START--
INFO: Run Behavior\BuildLiteBehavior [ RunTime:0.000011s ]
INFO: [ app_init ] --END-- [ RunTime:0.000056s ]
ERR: 无法加载模块:Shop

[ 2018-06-24T03:01:39+08:00 ] 220.181.125.86 /index.php?m=shop&c=brand&a=list&m=shop&brand=309&area_id=23&type=0&key=2&order=1&gift=1
INFO: [ app_init ] --START--
INFO: Run Behavior\BuildLiteBehavior [ RunTime:0.000012s ]
INFO: [ app_init ] --END-- [ RunTime:0.000047s ]
ERR: 无法加载模块:Shop

[ 2018-06-24T03:01:52+08:00 ] 220.181.125.86 /index.php?m=shop&c=brand&a=list&m=shop&brand=335&area_id=35&key=1&order=2&type=0&gift=1
INFO: [ app_init ] --START--
INFO: Run Behavior\BuildLiteBehavior [ RunTime:0.000011s ]
INFO: [ app_init ] --END-- [ RunTime:0.000049s ]
ERR: 无法加载模块:Shop

[ 2018-06-24T03:02:06+08:00 ] 220.181.125.86 /index.php?m=shop&c=brand&a=list&m=shop&brand=317&area_id=33&type=1&gift=0&key=2&order=1
INFO: [ app_init ] --START--
INFO: Run Behavior\BuildLiteBehavior [ RunTime:0.000011s ]
INFO: [ app_init ] --END-- [ RunTime:0.000046s ]
ERR: 无法加载模块:Shop

[ 2018-06-24T03:02:20+08:00 ] 220.181.125.86 /index.php?m=shop&c=brand&a=list&m=shop&brand=303&area_id=22&gift=1&order=0&key=0&type=1
INFO: [ app_init ] --START--
INFO: Run Behavior\BuildLiteBehavior [ RunTime:0.000010s ]
INFO: [ app_init ] --END-- [ RunTime:0.000045s ]
ERR: 无法加载模块:Shop

[ 2018-06-24T03:02:33+08:00 ] 220.181.125.86 /index.php?m=shop&c=brand&a=list&m=shop&brand=309&area_id=28&type=0&key=2&order=2
INFO: [ app_init ] --START--
INFO: Run Behavior\BuildLiteBehavior [ RunTime:0.000011s ]
INFO: [ app_init ] --END-- [ RunTime:0.000045s ]
ERR: 无法加载模块:Shop

[ 2018-06-24T03:02:46+08:00 ] 220.181.125.86 /index.php?m=shop&c=brand&a=list&m=shop&brand=309&area_id=12&type=1&key=1&order=2
INFO: [ app_init ] --START--
INFO: Run Behavior\BuildLiteBehavior [ RunTime:0.000009s ]
INFO: [ app_init ] --END-- [ RunTime:0.000042s ]
ERR: 无法加载模块:Shop

[ 2018-06-24T03:02:58+08:00 ] 220.181.125.86 /index.php?m=shop&c=brand&a=list&m=shop&brand=303&area_id=23&gift=1&order=0&key=0&type=1
INFO: [ app_init ] --START--
INFO: Run Behavior\BuildLiteBehavior [ RunTime:0.000010s ]
INFO: [ app_init ] --END-- [ RunTime:0.000047s ]
ERR: 无法加载模块:Shop

[ 2018-06-24T03:03:12+08:00 ] 220.181.125.86 /index.php?m=shop&c=brand&a=list&m=shop&brand=309&area_id=24&type=0&key=0&order=0&gift=1
INFO: [ app_init ] --START--
INFO: Run Behavior\BuildLiteBehavior [ RunTime:0.000011s ]
INFO: [ app_init ] --END-- [ RunTime:0.000045s ]
ERR: 无法加载模块:Shop

[ 2018-06-24T03:03:24+08:00 ] 220.181.125.86 /index.php?m=shop&c=brand&a=list&m=shop&brand=335&area_id=10&order=2&key=2&type=0
INFO: [ app_init ] --START--
INFO: Run Behavior\BuildLiteBehavior [ RunTime:0.000011s ]
INFO: [ app_init ] --END-- [ RunTime:0.000057s ]
ERR: 无法加载模块:Shop

[ 2018-06-24T03:03:37+08:00 ] 220.181.125.86 /index.php?m=shop&c=brand&a=list&m=shop&brand=317&area_id=34&type=1&key=0&order=0&gift=1
INFO: [ app_init ] --START--
INFO: Run Behavior\BuildLiteBehavior [ RunTime:0.000010s ]
INFO: [ app_init ] --END-- [ RunTime:0.000044s ]
ERR: 无法加载模块:Shop

[ 2018-06-24T03:03:50+08:00 ] 220.181.125.86 /index.php?m=shop&c=brand&a=list&m=shop&brand=335&area_id=1&key=1&order=1&type=0&gift=1
INFO: [ app_init ] --START--
INFO: Run Behavior\BuildLiteBehavior [ RunTime:0.000013s ]
INFO: [ app_init ] --END-- [ RunTime:0.000060s ]
ERR: 无法加载模块:Shop

[ 2018-06-24T03:04:02+08:00 ] 220.181.125.86 /index.php?m=shop&c=brand&a=list&m=shop&brand=335&area_id=35&order=2&key=3&type=0
INFO: [ app_init ] --START--
INFO: Run Behavior\BuildLiteBehavior [ RunTime:0.000010s ]
INFO: [ app_init ] --END-- [ RunTime:0.000045s ]
ERR: 无法加载模块:Shop

[ 2018-06-24T03:04:15+08:00 ] 220.181.125.86 /index.php?m=shop&c=brand&a=list&m=shop&brand=335&area_id=34&gift=0&type=1&key=3&order=1
INFO: [ app_init ] --START--
INFO: Run Behavior\BuildLiteBehavior [ RunTime:0.000010s ]
INFO: [ app_init ] --END-- [ RunTime:0.000043s ]
ERR: 无法加载模块:Shop

[ 2018-06-24T03:04:27+08:00 ] 220.181.125.86 /index.php?m=shop&c=article&a=show&article_id=15
INFO: [ app_init ] --START--
INFO: Run Behavior\BuildLiteBehavior [ RunTime:0.000013s ]
INFO: [ app_init ] --END-- [ RunTime:0.000073s ]
ERR: 无法加载模块:Shop

[ 2018-06-24T03:04:40+08:00 ] 220.181.125.86 /index.php?m=shop&c=article&a=show&article_id=30
INFO: [ app_init ] --START--
INFO: Run Behavior\BuildLiteBehavior [ RunTime:0.000012s ]
INFO: [ app_init ] --END-- [ RunTime:0.000049s ]
ERR: 无法加载模块:Shop

[ 2018-06-24T03:04:52+08:00 ] 220.181.125.86 /index.php?m=shop&c=brand&a=list&brand=278
INFO: [ app_init ] --START--
INFO: Run Behavior\BuildLiteBehavior [ RunTime:0.000009s ]
INFO: [ app_init ] --END-- [ RunTime:0.000048s ]
ERR: 无法加载模块:Shop

[ 2018-06-24T03:05:03+08:00 ] 220.181.125.86 /index.php?m=shop&c=brand&a=list&brand=235
INFO: [ app_init ] --START--
INFO: Run Behavior\BuildLiteBehavior [ RunTime:0.000009s ]
INFO: [ app_init ] --END-- [ RunTime:0.000040s ]
ERR: 无法加载模块:Shop

[ 2018-06-24T03:05:15+08:00 ] 220.181.125.86 /index.php?m=shop&c=brand&a=list&m=shop&brand=268&key=3&order=2&area_id=26
INFO: [ app_init ] --START--
INFO: Run Behavior\BuildLiteBehavior [ RunTime:0.000010s ]
INFO: [ app_init ] --END-- [ RunTime:0.000044s ]
ERR: 无法加载模块:Shop

[ 2018-06-24T03:05:27+08:00 ] 220.181.125.86 /index.php?m=shop&c=brand&a=list&m=shop&brand=348&area_id=22&key=1&order=2
INFO: [ app_init ] --START--
INFO: Run Behavior\BuildLiteBehavior [ RunTime:0.000012s ]
INFO: [ app_init ] --END-- [ RunTime:0.000047s ]
ERR: 无法加载模块:Shop

[ 2018-06-24T03:05:39+08:00 ] 220.181.125.86 /index.php?m=shop&c=brand&a=list&m=shop&brand=277&area_id=20&order=0&key=0
INFO: [ app_init ] --START--
INFO: Run Behavior\BuildLiteBehavior [ RunTime:0.000010s ]
INFO: [ app_init ] --END-- [ RunTime:0.000053s ]
ERR: 无法加载模块:Shop

[ 2018-06-24T03:05:51+08:00 ] 220.181.125.86 /index.php?m=shop&c=brand&a=list&m=shop&brand=359&area_id=11&key=1&order=2
INFO: [ app_init ] --START--
INFO: Run Behavior\BuildLiteBehavior [ RunTime:0.000011s ]
INFO: [ app_init ] --END-- [ RunTime:0.000046s ]
ERR: 无法加载模块:Shop

[ 2018-06-24T03:06:04+08:00 ] 220.181.125.86 /index.php?m=shop&c=brand&a=list&m=shop&brand=345&area_id=14&key=3&order=2
INFO: [ app_init ] --START--
INFO: Run Behavior\BuildLiteBehavior [ RunTime:0.000010s ]
INFO: [ app_init ] --END-- [ RunTime:0.000043s ]
ERR: 无法加载模块:Shop

[ 2018-06-24T03:06:16+08:00 ] 220.181.125.86 /index.php?m=shop&c=brand&a=list&m=shop&brand=279&area_id=14&key=2&order=2
INFO: [ app_init ] --START--
INFO: Run Behavior\BuildLiteBehavior [ RunTime:0.000010s ]
INFO: [ app_init ] --END-- [ RunTime:0.000053s ]
ERR: 无法加载模块:Shop

[ 2018-06-24T03:06:28+08:00 ] 220.181.125.86 /index.php?m=shop&c=brand&a=list&m=shop&brand=359&area_id=31&key=1&order=2
INFO: [ app_init ] --START--
INFO: Run Behavior\BuildLiteBehavior [ RunTime:0.000009s ]
INFO: [ app_init ] --END-- [ RunTime:0.000042s ]
ERR: 无法加载模块:Shop

[ 2018-06-24T03:06:40+08:00 ] 220.181.125.86 /index.php?m=shop&c=brand&a=list&m=shop&brand=129&area_id=34&order=0&key=0
INFO: [ app_init ] --START--
INFO: Run Behavior\BuildLiteBehavior [ RunTime:0.000009s ]
INFO: [ app_init ] --END-- [ RunTime:0.000045s ]
ERR: 无法加载模块:Shop

[ 2018-06-24T03:06:53+08:00 ] 220.181.125.86 /index.php?m=shop&c=brand&a=list&m=shop&brand=333&order=0&key=0&area_id=20
INFO: [ app_init ] --START--
INFO: Run Behavior\BuildLiteBehavior [ RunTime:0.000009s ]
INFO: [ app_init ] --END-- [ RunTime:0.000043s ]
ERR: 无法加载模块:Shop

[ 2018-06-24T03:07:05+08:00 ] 220.181.125.86 /index.php?m=shop&c=brand&a=list&m=shop&brand=250&area_id=20&key=3&order=2
INFO: [ app_init ] --START--
INFO: Run Behavior\BuildLiteBehavior [ RunTime:0.000009s ]
INFO: [ app_init ] --END-- [ RunTime:0.000040s ]
ERR: 无法加载模块:Shop

[ 2018-06-24T03:07:18+08:00 ] 220.181.125.86 /index.php?m=shop&c=brand&a=list&m=shop&brand=305&key=3&order=2&area_id=14
INFO: [ app_init ] --START--
INFO: Run Behavior\BuildLiteBehavior [ RunTime:0.000010s ]
INFO: [ app_init ] --END-- [ RunTime:0.000047s ]
ERR: 无法加载模块:Shop

[ 2018-06-24T04:16:33+08:00 ] 220.181.125.86 /index.php?m=shop&c=brand&a=list&m=shop&brand=348&area_id=18&order=0&key=0
INFO: [ app_init ] --START--
INFO: Run Behavior\BuildLiteBehavior [ RunTime:0.000011s ]
INFO: [ app_init ] --END-- [ RunTime:0.000048s ]
ERR: 无法加载模块:Shop

[ 2018-06-24T04:17:15+08:00 ] 220.181.125.86 /index.php?m=shop&c=brand&a=list&m=shop&brand=306&area_id=17&key=1&order=2
INFO: [ app_init ] --START--
INFO: Run Behavior\BuildLiteBehavior [ RunTime:0.000010s ]
INFO: [ app_init ] --END-- [ RunTime:0.000045s ]
ERR: 无法加载模块:Shop

[ 2018-06-24T04:18:00+08:00 ] 220.181.125.86 /index.php?m=shop&c=brand&a=list&m=shop&brand=317&area_id=25&order=0&key=0
INFO: [ app_init ] --START--
INFO: Run Behavior\BuildLiteBehavior [ RunTime:0.000011s ]
INFO: [ app_init ] --END-- [ RunTime:0.000046s ]
ERR: 无法加载模块:Shop

[ 2018-06-24T04:18:51+08:00 ] 220.181.125.86 /index.php?m=shop&c=brand&a=list&m=shop&brand=326&area_id=33&key=3&order=2
INFO: [ app_init ] --START--
INFO: Run Behavior\BuildLiteBehavior [ RunTime:0.000012s ]
INFO: [ app_init ] --END-- [ RunTime:0.000048s ]
ERR: 无法加载模块:Shop

[ 2018-06-24T04:22:13+08:00 ] 220.181.125.86 /index.php?m=shop&c=brand&a=list&m=shop&brand=226&key=2&order=2&area_id=21
INFO: [ app_init ] --START--
INFO: Run Behavior\BuildLiteBehavior [ RunTime:0.000010s ]
INFO: [ app_init ] --END-- [ RunTime:0.000047s ]
ERR: 无法加载模块:Shop

[ 2018-06-24T04:24:58+08:00 ] 220.181.125.86 /index.php?m=shop&c=brand&a=list&m=shop&brand=277&area_id=17&key=3&order=2
INFO: [ app_init ] --START--
INFO: Run Behavior\BuildLiteBehavior [ RunTime:0.000010s ]
INFO: [ app_init ] --END-- [ RunTime:0.000045s ]
ERR: 无法加载模块:Shop

[ 2018-06-24T04:25:57+08:00 ] 220.181.125.86 /index.php?m=shop&c=brand&a=list&m=shop&brand=309&area_id=15&order=0&key=0
INFO: [ app_init ] --START--
INFO: Run Behavior\BuildLiteBehavior [ RunTime:0.000009s ]
INFO: [ app_init ] --END-- [ RunTime:0.000046s ]
ERR: 无法加载模块:Shop

[ 2018-06-24T04:26:41+08:00 ] 220.181.125.86 /index.php?m=shop&c=brand&a=list&m=shop&brand=268&key=3&order=2&area_id=21
INFO: [ app_init ] --START--
INFO: Run Behavior\BuildLiteBehavior [ RunTime:0.000010s ]
INFO: [ app_init ] --END-- [ RunTime:0.000045s ]
ERR: 无法加载模块:Shop

[ 2018-06-24T04:27:35+08:00 ] 220.181.125.86 /index.php?m=shop&c=brand&a=list&m=shop&brand=248&area_id=15&order=0&key=0
INFO: [ app_init ] --START--
INFO: Run Behavior\BuildLiteBehavior [ RunTime:0.000015s ]
INFO: [ app_init ] --END-- [ RunTime:0.000066s ]
ERR: 无法加载模块:Shop

[ 2018-06-24T04:28:13+08:00 ] 220.181.125.86 /index.php?m=shop&c=brand&a=list&m=shop&brand=277&order=0&key=0&area_id=14
INFO: [ app_init ] --START--
INFO: Run Behavior\BuildLiteBehavior [ RunTime:0.000010s ]
INFO: [ app_init ] --END-- [ RunTime:0.000047s ]
ERR: 无法加载模块:Shop

[ 2018-06-24T04:28:50+08:00 ] 220.181.125.86 /index.php?m=shop&c=brand&a=list&m=shop&brand=303&area_id=18&order=0&key=0
INFO: [ app_init ] --START--
INFO: Run Behavior\BuildLiteBehavior [ RunTime:0.000010s ]
INFO: [ app_init ] --END-- [ RunTime:0.000046s ]
ERR: 无法加载模块:Shop

[ 2018-06-24T04:29:25+08:00 ] 220.181.125.86 /index.php?m=shop&c=brand&a=list&m=shop&brand=278&area_id=21&order=0&key=0
INFO: [ app_init ] --START--
INFO: Run Behavior\BuildLiteBehavior [ RunTime:0.000011s ]
INFO: [ app_init ] --END-- [ RunTime:0.000049s ]
ERR: 无法加载模块:Shop

[ 2018-06-24T04:30:00+08:00 ] 220.181.125.86 /index.php?m=shop&c=brand&a=list&m=shop&brand=345&area_id=19&key=1&order=2
INFO: [ app_init ] --START--
INFO: Run Behavior\BuildLiteBehavior [ RunTime:0.000012s ]
INFO: [ app_init ] --END-- [ RunTime:0.000049s ]
ERR: 无法加载模块:Shop

[ 2018-06-24T04:30:33+08:00 ] 220.181.125.86 /index.php?m=shop&c=brand&a=list&m=shop&brand=129&area_id=33&key=1&order=2
INFO: [ app_init ] --START--
INFO: Run Behavior\BuildLiteBehavior [ RunTime:0.000014s ]
INFO: [ app_init ] --END-- [ RunTime:0.000065s ]
ERR: 无法加载模块:Shop

[ 2018-06-24T04:31:05+08:00 ] 220.181.125.86 /index.php?m=shop&c=brand&a=list&m=shop&brand=338&order=0&key=0&area_id=25
INFO: [ app_init ] --START--
INFO: Run Behavior\BuildLiteBehavior [ RunTime:0.000011s ]
INFO: [ app_init ] --END-- [ RunTime:0.000046s ]
ERR: 无法加载模块:Shop

[ 2018-06-24T04:31:39+08:00 ] 220.181.125.86 /index.php?m=shop&c=brand&a=list&m=shop&brand=345&key=3&order=2&area_id=16
INFO: [ app_init ] --START--
INFO: Run Behavior\BuildLiteBehavior [ RunTime:0.000010s ]
INFO: [ app_init ] --END-- [ RunTime:0.000045s ]
ERR: 无法加载模块:Shop

[ 2018-06-24T04:32:14+08:00 ] 220.181.125.86 /index.php?m=shop&c=brand&a=list&m=shop&brand=278&area_id=21&key=1&order=2
INFO: [ app_init ] --START--
INFO: Run Behavior\BuildLiteBehavior [ RunTime:0.000010s ]
INFO: [ app_init ] --END-- [ RunTime:0.000044s ]
ERR: 无法加载模块:Shop

[ 2018-06-24T04:32:49+08:00 ] 220.181.125.86 /index.php?m=shop&c=brand&a=list&m=shop&brand=268&key=3&order=2&area_id=18
INFO: [ app_init ] --START--
INFO: Run Behavior\BuildLiteBehavior [ RunTime:0.000010s ]
INFO: [ app_init ] --END-- [ RunTime:0.000044s ]
ERR: 无法加载模块:Shop

[ 2018-06-24T04:33:29+08:00 ] 220.181.125.86 /index.php?m=shop&c=brand&a=list&m=shop&brand=277&order=0&key=0&area_id=31
INFO: [ app_init ] --START--
INFO: Run Behavior\BuildLiteBehavior [ RunTime:0.000010s ]
INFO: [ app_init ] --END-- [ RunTime:0.000045s ]
ERR: 无法加载模块:Shop

[ 2018-06-24T04:33:58+08:00 ] 220.181.125.86 /index.php?m=shop&c=brand&a=list&m=shop&brand=276&area_id=21&key=2&order=2
INFO: [ app_init ] --START--
INFO: Run Behavior\BuildLiteBehavior [ RunTime:0.000010s ]
INFO: [ app_init ] --END-- [ RunTime:0.000044s ]
ERR: 无法加载模块:Shop

[ 2018-06-24T04:34:27+08:00 ] 220.181.125.86 /index.php?m=shop&c=brand&a=list&m=shop&brand=268&area_id=28&key=2&order=2
INFO: [ app_init ] --START--
INFO: Run Behavior\BuildLiteBehavior [ RunTime:0.000013s ]
INFO: [ app_init ] --END-- [ RunTime:0.000066s ]
ERR: 无法加载模块:Shop

[ 2018-06-24T04:34:55+08:00 ] 220.181.125.86 /index.php?m=shop&c=brand&a=list&m=shop&brand=305&key=3&order=2&area_id=33
INFO: [ app_init ] --START--
INFO: Run Behavior\BuildLiteBehavior [ RunTime:0.000010s ]
INFO: [ app_init ] --END-- [ RunTime:0.000046s ]
ERR: 无法加载模块:Shop

[ 2018-06-24T04:35:23+08:00 ] 220.181.125.86 /index.php?m=shop&c=brand&a=list&m=shop&brand=305&order=0&key=0&area_id=31
INFO: [ app_init ] --START--
INFO: Run Behavior\BuildLiteBehavior [ RunTime:0.000010s ]
INFO: [ app_init ] --END-- [ RunTime:0.000045s ]
ERR: 无法加载模块:Shop

[ 2018-06-24T04:35:54+08:00 ] 220.181.125.86 /index.php?m=shop&c=brand&a=list&m=shop&brand=305&order=0&key=0&area_id=34
INFO: [ app_init ] --START--
INFO: Run Behavior\BuildLiteBehavior [ RunTime:0.000010s ]
INFO: [ app_init ] --END-- [ RunTime:0.000048s ]
ERR: 无法加载模块:Shop

[ 2018-06-24T04:36:21+08:00 ] 220.181.125.86 /index.php?m=shop&c=brand&a=list&m=shop&brand=305&area_id=16&key=3&order=2
INFO: [ app_init ] --START--
INFO: Run Behavior\BuildLiteBehavior [ RunTime:0.000009s ]
INFO: [ app_init ] --END-- [ RunTime:0.000043s ]
ERR: 无法加载模块:Shop

[ 2018-06-24T04:36:50+08:00 ] 220.181.125.86 /index.php?m=shop&c=brand&a=list&m=shop&brand=100&key=3&order=2&area_id=21
INFO: [ app_init ] --START--
INFO: Run Behavior\BuildLiteBehavior [ RunTime:0.000011s ]
INFO: [ app_init ] --END-- [ RunTime:0.000046s ]
ERR: 无法加载模块:Shop

[ 2018-06-24T04:37:19+08:00 ] 220.181.125.86 /index.php?m=shop&c=brand&a=list&m=shop&brand=333&area_id=14&key=3&order=2
INFO: [ app_init ] --START--
INFO: Run Behavior\BuildLiteBehavior [ RunTime:0.000010s ]
INFO: [ app_init ] --END-- [ RunTime:0.000046s ]
ERR: 无法加载模块:Shop

[ 2018-06-24T04:37:48+08:00 ] 220.181.125.86 /index.php?m=shop&c=brand&a=list&m=shop&brand=277&area_id=20&key=3&order=2
INFO: [ app_init ] --START--
INFO: Run Behavior\BuildLiteBehavior [ RunTime:0.000010s ]
INFO: [ app_init ] --END-- [ RunTime:0.000048s ]
ERR: 无法加载模块:Shop

[ 2018-06-24T04:38:17+08:00 ] 220.181.125.86 /index.php?m=shop&c=brand&a=list&m=shop&brand=359&area_id=31&key=2&order=2
INFO: [ app_init ] --START--
INFO: Run Behavior\BuildLiteBehavior [ RunTime:0.000010s ]
INFO: [ app_init ] --END-- [ RunTime:0.000045s ]
ERR: 无法加载模块:Shop

[ 2018-06-24T04:38:48+08:00 ] 220.181.125.86 /index.php?m=shop&c=brand&a=list&m=shop&brand=305&order=0&key=0&area_id=24
INFO: [ app_init ] --START--
INFO: Run Behavior\BuildLiteBehavior [ RunTime:0.000021s ]
INFO: [ app_init ] --END-- [ RunTime:0.000053s ]
ERR: 无法加载模块:Shop

[ 2018-06-24T04:39:26+08:00 ] 220.181.125.86 /index.php?m=shop&c=brand&a=list&m=shop&brand=305&order=0&key=0&area_id=19
INFO: [ app_init ] --START--
INFO: Run Behavior\BuildLiteBehavior [ RunTime:0.000014s ]
INFO: [ app_init ] --END-- [ RunTime:0.000063s ]
ERR: 无法加载模块:Shop

[ 2018-06-24T04:40:07+08:00 ] 220.181.125.86 /index.php?m=shop&c=brand&a=list&m=shop&brand=261&area_id=28&key=1&order=2
INFO: [ app_init ] --START--
INFO: Run Behavior\BuildLiteBehavior [ RunTime:0.000010s ]
INFO: [ app_init ] --END-- [ RunTime:0.000044s ]
ERR: 无法加载模块:Shop

[ 2018-06-24T04:40:52+08:00 ] 220.181.125.86 /index.php?m=shop&c=brand&a=list&m=shop&brand=226&area_id=31&order=0&key=0
INFO: [ app_init ] --START--
INFO: Run Behavior\BuildLiteBehavior [ RunTime:0.000010s ]
INFO: [ app_init ] --END-- [ RunTime:0.000045s ]
ERR: 无法加载模块:Shop

[ 2018-06-24T04:43:19+08:00 ] 220.181.125.86 /index.php?m=shop&c=brand&a=list&m=shop&brand=335&area_id=14&order=0&key=0
INFO: [ app_init ] --START--
INFO: Run Behavior\BuildLiteBehavior [ RunTime:0.000010s ]
INFO: [ app_init ] --END-- [ RunTime:0.000046s ]
ERR: 无法加载模块:Shop

[ 2018-06-24T04:44:30+08:00 ] 220.181.125.86 /index.php?m=shop&c=brand&a=list&m=shop&brand=335&area_id=15&key=1&order=2
INFO: [ app_init ] --START--
INFO: Run Behavior\BuildLiteBehavior [ RunTime:0.000009s ]
INFO: [ app_init ] --END-- [ RunTime:0.000044s ]
ERR: 无法加载模块:Shop

[ 2018-06-24T04:45:22+08:00 ] 220.181.125.86 /index.php?m=shop&c=brand&a=list&m=shop&brand=305&order=2&key=1&area_id=34
INFO: [ app_init ] --START--
INFO: Run Behavior\BuildLiteBehavior [ RunTime:0.000011s ]
INFO: [ app_init ] --END-- [ RunTime:0.000046s ]
ERR: 无法加载模块:Shop

[ 2018-06-24T04:45:58+08:00 ] 220.181.125.86 /index.php?m=shop&c=brand&a=list&m=shop&brand=305&area_id=34&key=1&order=2
INFO: [ app_init ] --START--
INFO: Run Behavior\BuildLiteBehavior [ RunTime:0.000019s ]
INFO: [ app_init ] --END-- [ RunTime:0.000061s ]
ERR: 无法加载模块:Shop

[ 2018-06-24T04:46:34+08:00 ] 220.181.125.86 /index.php?m=shop&c=brand&a=list&m=shop&brand=268&area_id=10&key=2&order=2
INFO: [ app_init ] --START--
INFO: Run Behavior\BuildLiteBehavior [ RunTime:0.000010s ]
INFO: [ app_init ] --END-- [ RunTime:0.000044s ]
ERR: 无法加载模块:Shop

[ 2018-06-24T04:47:12+08:00 ] 220.181.125.86 /index.php?m=shop&c=brand&a=list&m=shop&brand=268&area_id=30&key=2&order=2
INFO: [ app_init ] --START--
INFO: Run Behavior\BuildLiteBehavior [ RunTime:0.000010s ]
INFO: [ app_init ] --END-- [ RunTime:0.000046s ]
ERR: 无法加载模块:Shop

[ 2018-06-24T04:47:47+08:00 ] 220.181.125.86 /index.php?m=shop&c=brand&a=list&m=shop&brand=303&area_id=26&order=0&key=0
INFO: [ app_init ] --START--
INFO: Run Behavior\BuildLiteBehavior [ RunTime:0.000011s ]
INFO: [ app_init ] --END-- [ RunTime:0.000045s ]
ERR: 无法加载模块:Shop

[ 2018-06-24T04:48:21+08:00 ] 220.181.125.86 /index.php?m=shop&c=brand&a=list&m=shop&brand=277&order=2&key=1&area_id=26
INFO: [ app_init ] --START--
INFO: Run Behavior\BuildLiteBehavior [ RunTime:0.000011s ]
INFO: [ app_init ] --END-- [ RunTime:0.000047s ]
ERR: 无法加载模块:Shop

[ 2018-06-24T04:48:55+08:00 ] 220.181.125.86 /index.php?m=shop&c=brand&a=list&m=shop&brand=268&key=3&order=2&area_id=16
INFO: [ app_init ] --START--
INFO: Run Behavior\BuildLiteBehavior [ RunTime:0.000010s ]
INFO: [ app_init ] --END-- [ RunTime:0.000044s ]
ERR: 无法加载模块:Shop

[ 2018-06-24T04:49:27+08:00 ] 220.181.125.86 /index.php?m=shop&c=brand&a=list&m=shop&brand=338&order=0&key=0&area_id=18
INFO: [ app_init ] --START--
INFO: Run Behavior\BuildLiteBehavior [ RunTime:0.000014s ]
INFO: [ app_init ] --END-- [ RunTime:0.000061s ]
ERR: 无法加载模块:Shop

[ 2018-06-24T04:49:54+08:00 ] 220.181.125.86 /index.php?m=shop&c=brand&a=list&m=shop&brand=261&area_id=33&key=2&order=2
INFO: [ app_init ] --START--
INFO: Run Behavior\BuildLiteBehavior [ RunTime:0.000011s ]
INFO: [ app_init ] --END-- [ RunTime:0.000046s ]
ERR: 无法加载模块:Shop

[ 2018-06-24T04:50:22+08:00 ] 220.181.125.86 /index.php?m=shop&c=brand&a=list&m=shop&brand=261&area_id=26&key=1&order=2
INFO: [ app_init ] --START--
INFO: Run Behavior\BuildLiteBehavior [ RunTime:0.000011s ]
INFO: [ app_init ] --END-- [ RunTime:0.000046s ]
ERR: 无法加载模块:Shop

[ 2018-06-24T04:50:50+08:00 ] 220.181.125.86 /index.php?m=shop&c=brand&a=list&m=shop&brand=305&area_id=16&key=1&order=2
INFO: [ app_init ] --START--
INFO: Run Behavior\BuildLiteBehavior [ RunTime:0.000011s ]
INFO: [ app_init ] --END-- [ RunTime:0.000045s ]
ERR: 无法加载模块:Shop

[ 2018-06-24T04:51:19+08:00 ] 220.181.125.86 /index.php?m=shop&c=goods&a=index&goods_id=100136
INFO: [ app_init ] --START--
INFO: Run Behavior\BuildLiteBehavior [ RunTime:0.000011s ]
INFO: [ app_init ] --END-- [ RunTime:0.000047s ]
ERR: 无法加载模块:Shop

[ 2018-06-24T04:51:46+08:00 ] 220.181.125.86 /index.php?m=shop&c=goods&a=index&goods_id=100195
INFO: [ app_init ] --START--
INFO: Run Behavior\BuildLiteBehavior [ RunTime:0.000010s ]
INFO: [ app_init ] --END-- [ RunTime:0.000044s ]
ERR: 无法加载模块:Shop

[ 2018-06-24T13:17:33+08:00 ] 220.181.125.86 /index.php?m=shop&c=goods&a=index&goods_id=100185
INFO: [ app_init ] --START--
INFO: Run Behavior\BuildLiteBehavior [ RunTime:0.000010s ]
INFO: [ app_init ] --END-- [ RunTime:0.000046s ]
ERR: 无法加载模块:Shop

[ 2018-06-24T13:17:55+08:00 ] 220.181.125.86 /index.php?m=shop&c=brand&a=list&m=shop&brand=345&area_id=14&key=1&order=2
INFO: [ app_init ] --START--
INFO: Run Behavior\BuildLiteBehavior [ RunTime:0.000010s ]
INFO: [ app_init ] --END-- [ RunTime:0.000043s ]
ERR: 无法加载模块:Shop

[ 2018-06-24T13:18:23+08:00 ] 220.181.125.86 /index.php?m=shop&c=brand&a=list&m=shop&brand=100&key=3&order=2&area_id=27
INFO: [ app_init ] --START--
INFO: Run Behavior\BuildLiteBehavior [ RunTime:0.000011s ]
INFO: [ app_init ] --END-- [ RunTime:0.000048s ]
ERR: 无法加载模块:Shop

[ 2018-06-24T13:18:53+08:00 ] 220.181.125.86 /index.php?m=shop&c=brand&a=list&m=shop&brand=305&key=0&order=0&area_id=13
INFO: [ app_init ] --START--
INFO: Run Behavior\BuildLiteBehavior [ RunTime:0.000011s ]
INFO: [ app_init ] --END-- [ RunTime:0.000046s ]
ERR: 无法加载模块:Shop

[ 2018-06-24T13:21:31+08:00 ] 220.181.125.86 /index.php?m=shop&c=brand&a=list&m=shop&brand=345&type=1&area_id=24&gift=1
INFO: [ app_init ] --START--
INFO: Run Behavior\BuildLiteBehavior [ RunTime:0.000013s ]
INFO: [ app_init ] --END-- [ RunTime:0.000067s ]
ERR: 无法加载模块:Shop

[ 2018-06-24T13:22:11+08:00 ] 220.181.125.86 /index.php?m=shop&c=brand&a=list&m=shop&brand=359&area_id=15&key=0&order=0
INFO: [ app_init ] --START--
INFO: Run Behavior\BuildLiteBehavior [ RunTime:0.000011s ]
INFO: [ app_init ] --END-- [ RunTime:0.000047s ]
ERR: 无法加载模块:Shop

[ 2018-06-24T13:22:40+08:00 ] 220.181.125.86 /index.php?m=shop&c=brand&a=list&m=shop&brand=305&order=2&key=2&area_id=13
INFO: [ app_init ] --START--
INFO: Run Behavior\BuildLiteBehavior [ RunTime:0.000016s ]
INFO: [ app_init ] --END-- [ RunTime:0.000067s ]
ERR: 无法加载模块:Shop

[ 2018-06-24T13:23:01+08:00 ] 220.181.125.86 /index.php?m=shop&c=brand&a=list&m=shop&brand=305&order=2&key=1&area_id=35
INFO: [ app_init ] --START--
INFO: Run Behavior\BuildLiteBehavior [ RunTime:0.000010s ]
INFO: [ app_init ] --END-- [ RunTime:0.000044s ]
ERR: 无法加载模块:Shop

[ 2018-06-24T13:23:22+08:00 ] 220.181.125.86 /index.php?m=shop&c=brand&a=list&m=shop&brand=338&order=2&key=1&area_id=13
INFO: [ app_init ] --START--
INFO: Run Behavior\BuildLiteBehavior [ RunTime:0.000010s ]
INFO: [ app_init ] --END-- [ RunTime:0.000046s ]
ERR: 无法加载模块:Shop

[ 2018-06-24T13:23:42+08:00 ] 220.181.125.86 /index.php?m=shop&c=brand&a=list&m=shop&brand=305&order=2&key=3&area_id=23
INFO: [ app_init ] --START--
INFO: Run Behavior\BuildLiteBehavior [ RunTime:0.000009s ]
INFO: [ app_init ] --END-- [ RunTime:0.000043s ]
ERR: 无法加载模块:Shop

[ 2018-06-24T13:24:01+08:00 ] 220.181.125.86 /index.php?m=shop&c=brand&a=list&m=shop&brand=345&type=0
INFO: [ app_init ] --START--
INFO: Run Behavior\BuildLiteBehavior [ RunTime:0.000010s ]
INFO: [ app_init ] --END-- [ RunTime:0.000057s ]
ERR: 无法加载模块:Shop

[ 2018-06-24T13:24:19+08:00 ] 220.181.125.86 /index.php?m=shop&c=brand&a=list&m=shop&brand=306&area_id=14&key=3&order=1
INFO: [ app_init ] --START--
INFO: Run Behavior\BuildLiteBehavior [ RunTime:0.000011s ]
INFO: [ app_init ] --END-- [ RunTime:0.000047s ]
ERR: 无法加载模块:Shop

[ 2018-06-24T13:24:36+08:00 ] 220.181.125.86 /index.php?m=shop&c=brand&a=list&m=shop&brand=250&area_id=17&key=2&order=2
INFO: [ app_init ] --START--
INFO: Run Behavior\BuildLiteBehavior [ RunTime:0.000010s ]
INFO: [ app_init ] --END-- [ RunTime:0.000045s ]
ERR: 无法加载模块:Shop

[ 2018-06-24T13:24:53+08:00 ] 220.181.125.86 /index.php?m=shop&c=brand&a=list&m=shop&brand=335&area_id=18&order=2&key=3
INFO: [ app_init ] --START--
INFO: Run Behavior\BuildLiteBehavior [ RunTime:0.000010s ]
INFO: [ app_init ] --END-- [ RunTime:0.000046s ]
ERR: 无法加载模块:Shop

[ 2018-06-24T13:25:10+08:00 ] 220.181.125.86 /index.php?m=shop&c=brand&a=list&m=shop&brand=306&area_id=30&key=1&order=1
INFO: [ app_init ] --START--
INFO: Run Behavior\BuildLiteBehavior [ RunTime:0.000011s ]
INFO: [ app_init ] --END-- [ RunTime:0.000047s ]
ERR: 无法加载模块:Shop

[ 2018-06-24T13:25:26+08:00 ] 220.181.125.86 /index.php?m=shop&c=brand&a=list&m=shop&brand=335&area_id=24&key=2&order=2
INFO: [ app_init ] --START--
INFO: Run Behavior\BuildLiteBehavior [ RunTime:0.000010s ]
INFO: [ app_init ] --END-- [ RunTime:0.000043s ]
ERR: 无法加载模块:Shop

[ 2018-06-24T13:25:40+08:00 ] 220.181.125.86 /index.php?m=shop&c=brand&a=list&m=shop&brand=317&area_id=12&type=1&gift=0
INFO: [ app_init ] --START--
INFO: Run Behavior\BuildLiteBehavior [ RunTime:0.000010s ]
INFO: [ app_init ] --END-- [ RunTime:0.000043s ]
ERR: 无法加载模块:Shop

[ 2018-06-24T13:25:55+08:00 ] 220.181.125.86 /index.php?m=shop&c=brand&a=list&m=shop&brand=226&key=3&order=2&area_id=20
INFO: [ app_init ] --START--
INFO: Run Behavior\BuildLiteBehavior [ RunTime:0.000010s ]
INFO: [ app_init ] --END-- [ RunTime:0.000046s ]
ERR: 无法加载模块:Shop

[ 2018-06-24T13:26:10+08:00 ] 220.181.125.86 /index.php?m=shop&c=brand&a=list&m=shop&brand=317&area_id=22&type=1&gift=1
INFO: [ app_init ] --START--
INFO: Run Behavior\BuildLiteBehavior [ RunTime:0.000010s ]
INFO: [ app_init ] --END-- [ RunTime:0.000046s ]
ERR: 无法加载模块:Shop

[ 2018-06-24T13:26:25+08:00 ] 220.181.125.86 /index.php?m=shop&c=brand&a=list&m=shop&brand=268&key=1&order=2&area_id=20
INFO: [ app_init ] --START--
INFO: Run Behavior\BuildLiteBehavior [ RunTime:0.000011s ]
INFO: [ app_init ] --END-- [ RunTime:0.000047s ]
ERR: 无法加载模块:Shop

[ 2018-06-24T13:26:40+08:00 ] 220.181.125.86 /index.php?m=shop&c=brand&a=list&m=shop&brand=305&order=2&key=2&area_id=19
INFO: [ app_init ] --START--
INFO: Run Behavior\BuildLiteBehavior [ RunTime:0.000009s ]
INFO: [ app_init ] --END-- [ RunTime:0.000057s ]
ERR: 无法加载模块:Shop

[ 2018-06-24T13:26:54+08:00 ] 220.181.125.86 /index.php?m=shop&c=brand&a=list&m=shop&brand=129&area_id=35&order=0&key=0
INFO: [ app_init ] --START--
INFO: Run Behavior\BuildLiteBehavior [ RunTime:0.000011s ]
INFO: [ app_init ] --END-- [ RunTime:0.000046s ]
ERR: 无法加载模块:Shop

[ 2018-06-24T13:27:08+08:00 ] 220.181.125.86 /index.php?m=shop&c=brand&a=list&m=shop&brand=305&order=2&key=3&area_id=29
INFO: [ app_init ] --START--
INFO: Run Behavior\BuildLiteBehavior [ RunTime:0.000011s ]
INFO: [ app_init ] --END-- [ RunTime:0.000045s ]
ERR: 无法加载模块:Shop

[ 2018-06-24T13:27:20+08:00 ] 220.181.125.86 /index.php?m=shop&c=brand&a=list&m=shop&brand=335&area_id=22&order=2&key=3
INFO: [ app_init ] --START--
INFO: Run Behavior\BuildLiteBehavior [ RunTime:0.000011s ]
INFO: [ app_init ] --END-- [ RunTime:0.000049s ]
ERR: 无法加载模块:Shop

[ 2018-06-24T13:27:32+08:00 ] 220.181.125.86 /index.php?m=shop&c=show_groupbuy&a=vr_groupbuy_list&m=shop&vr_class=26&groupbuy_price=0&groupbuy_order_key=1&groupbuy_order=2&vr_s_class=43
INFO: [ app_init ] --START--
INFO: Run Behavior\BuildLiteBehavior [ RunTime:0.000010s ]
INFO: [ app_init ] --END-- [ RunTime:0.000045s ]
ERR: 无法加载模块:Shop

[ 2018-06-24T13:27:44+08:00 ] 220.181.125.86 /index.php?m=shop&c=brand&a=list&m=shop&brand=335&area_id=14&order=2&key=3
INFO: [ app_init ] --START--
INFO: Run Behavior\BuildLiteBehavior [ RunTime:0.000010s ]
INFO: [ app_init ] --END-- [ RunTime:0.000046s ]
ERR: 无法加载模块:Shop

[ 2018-06-24T13:27:55+08:00 ] 220.181.125.86 /index.php?m=shop&c=brand&a=list&m=shop&brand=250&area_id=21&key=2&order=2
INFO: [ app_init ] --START--
INFO: Run Behavior\BuildLiteBehavior [ RunTime:0.000010s ]
INFO: [ app_init ] --END-- [ RunTime:0.000043s ]
ERR: 无法加载模块:Shop

[ 2018-06-24T13:28:07+08:00 ] 220.181.125.86 /index.php?m=shop&c=brand&a=list&m=shop&brand=306&area_id=16&key=3&order=1
INFO: [ app_init ] --START--
INFO: Run Behavior\BuildLiteBehavior [ RunTime:0.000011s ]
INFO: [ app_init ] --END-- [ RunTime:0.000047s ]
ERR: 无法加载模块:Shop

[ 2018-06-24T13:28:19+08:00 ] 220.181.125.86 /index.php?m=shop&c=brand&a=list&m=shop&brand=348&area_id=28&order=2&key=1
INFO: [ app_init ] --START--
INFO: Run Behavior\BuildLiteBehavior [ RunTime:0.000011s ]
INFO: [ app_init ] --END-- [ RunTime:0.000048s ]
ERR: 无法加载模块:Shop

[ 2018-06-24T13:28:30+08:00 ] 220.181.125.86 /index.php?m=shop&c=brand&a=list&m=shop&brand=277&order=2&key=1&area_id=32
INFO: [ app_init ] --START--
INFO: Run Behavior\BuildLiteBehavior [ RunTime:0.000010s ]
INFO: [ app_init ] --END-- [ RunTime:0.000045s ]
ERR: 无法加载模块:Shop

[ 2018-06-24T13:28:41+08:00 ] 220.181.125.86 /index.php?m=shop&c=brand&a=list&m=shop&brand=226&key=3&order=2&area_id=32
INFO: [ app_init ] --START--
INFO: Run Behavior\BuildLiteBehavior [ RunTime:0.000011s ]
INFO: [ app_init ] --END-- [ RunTime:0.000048s ]
ERR: 无法加载模块:Shop

[ 2018-06-24T13:28:52+08:00 ] 220.181.125.86 /index.php?m=shop&c=brand&a=list&m=shop&brand=348&area_id=13&order=2&key=1
INFO: [ app_init ] --START--
INFO: Run Behavior\BuildLiteBehavior [ RunTime:0.000011s ]
INFO: [ app_init ] --END-- [ RunTime:0.000049s ]
ERR: 无法加载模块:Shop

[ 2018-06-24T13:29:02+08:00 ] 220.181.125.86 /index.php?m=shop&c=brand&a=list&m=shop&brand=305&order=2&key=2&area_id=25
INFO: [ app_init ] --START--
INFO: Run Behavior\BuildLiteBehavior [ RunTime:0.000010s ]
INFO: [ app_init ] --END-- [ RunTime:0.000057s ]
ERR: 无法加载模块:Shop

[ 2018-06-24T13:29:14+08:00 ] 220.181.125.86 /index.php?m=shop&c=brand&a=list&m=shop&brand=335&area_id=17&order=2&key=3
INFO: [ app_init ] --START--
INFO: Run Behavior\BuildLiteBehavior [ RunTime:0.000011s ]
INFO: [ app_init ] --END-- [ RunTime:0.000045s ]
ERR: 无法加载模块:Shop

[ 2018-06-24T13:29:24+08:00 ] 220.181.125.86 /index.php?m=shop&c=brand&a=list&m=shop&brand=250&area_id=10&key=2&order=2
INFO: [ app_init ] --START--
INFO: Run Behavior\BuildLiteBehavior [ RunTime:0.000010s ]
INFO: [ app_init ] --END-- [ RunTime:0.000047s ]
ERR: 无法加载模块:Shop

[ 2018-06-24T13:29:36+08:00 ] 220.181.125.86 /index.php?m=shop&c=brand&a=list&m=shop&brand=317&area_id=34&type=1&gift=1
INFO: [ app_init ] --START--
INFO: Run Behavior\BuildLiteBehavior [ RunTime:0.000011s ]
INFO: [ app_init ] --END-- [ RunTime:0.000047s ]
ERR: 无法加载模块:Shop

[ 2018-06-24T13:29:47+08:00 ] 220.181.125.86 /index.php?m=shop&c=brand&a=list&m=shop&brand=335&area_id=35&key=2&order=2
INFO: [ app_init ] --START--
INFO: Run Behavior\BuildLiteBehavior [ RunTime:0.000010s ]
INFO: [ app_init ] --END-- [ RunTime:0.000043s ]
ERR: 无法加载模块:Shop

[ 2018-06-24T13:29:59+08:00 ] 220.181.125.86 /index.php?m=shop&c=brand&a=list&m=shop&brand=317&area_id=20&type=1&gift=1
INFO: [ app_init ] --START--
INFO: Run Behavior\BuildLiteBehavior [ RunTime:0.000010s ]
INFO: [ app_init ] --END-- [ RunTime:0.000046s ]
ERR: 无法加载模块:Shop

[ 2018-06-24T13:30:10+08:00 ] 220.181.125.86 /index.php?m=shop&c=brand&a=list&m=shop&brand=306&area_id=34&gift=1&type=1
INFO: [ app_init ] --START--
INFO: Run Behavior\BuildLiteBehavior [ RunTime:0.000009s ]
INFO: [ app_init ] --END-- [ RunTime:0.000044s ]
ERR: 无法加载模块:Shop

[ 2018-06-24T13:30:21+08:00 ] 220.181.125.86 /index.php?m=shop&c=brand&a=list&m=shop&brand=335&area_id=14&key=2&order=2
INFO: [ app_init ] --START--
INFO: Run Behavior\BuildLiteBehavior [ RunTime:0.000010s ]
INFO: [ app_init ] --END-- [ RunTime:0.000045s ]
ERR: 无法加载模块:Shop

[ 2018-06-24T13:30:32+08:00 ] 220.181.125.86 /index.php?m=shop&c=brand&a=list&m=shop&brand=348&area_id=5&order=2&key=2&gift=0&type=1
INFO: [ app_init ] --START--
INFO: Run Behavior\BuildLiteBehavior [ RunTime:0.000010s ]
INFO: [ app_init ] --END-- [ RunTime:0.000047s ]
ERR: 无法加载模块:Shop

[ 2018-06-24T13:30:42+08:00 ] 220.181.125.86 /index.php?m=shop&c=brand&a=list&m=shop&brand=348&area_id=7&order=2&key=2&gift=0&type=1
INFO: [ app_init ] --START--
INFO: Run Behavior\BuildLiteBehavior [ RunTime:0.000010s ]
INFO: [ app_init ] --END-- [ RunTime:0.000045s ]
ERR: 无法加载模块:Shop

[ 2018-06-24T13:30:53+08:00 ] 220.181.125.86 /index.php?m=shop&c=brand&a=list&m=shop&brand=348&area_id=29&order=2&key=2&gift=0&type=1
INFO: [ app_init ] --START--
INFO: Run Behavior\BuildLiteBehavior [ RunTime:0.000012s ]
INFO: [ app_init ] --END-- [ RunTime:0.000070s ]
ERR: 无法加载模块:Shop

[ 2018-06-24T13:31:04+08:00 ] 220.181.125.86 /index.php?m=shop&c=show_groupbuy&a=vr_groupbuy_list&m=shop&vr_class=84&groupbuy_order_key=1&groupbuy_order=2&groupbuy_price=2&vr_s_class=0
INFO: [ app_init ] --START--
INFO: Run Behavior\BuildLiteBehavior [ RunTime:0.000011s ]
INFO: [ app_init ] --END-- [ RunTime:0.000058s ]
ERR: 无法加载模块:Shop

[ 2018-06-24T13:31:15+08:00 ] 220.181.125.86 /index.php?m=shop&c=article&a=show&article_id=6
INFO: [ app_init ] --START--
INFO: Run Behavior\BuildLiteBehavior [ RunTime:0.000011s ]
INFO: [ app_init ] --END-- [ RunTime:0.000047s ]
ERR: 无法加载模块:Shop

[ 2018-06-24T13:31:25+08:00 ] 220.181.125.86 /index.php?m=shop&c=brand&a=list&brand=250
INFO: [ app_init ] --START--
INFO: Run Behavior\BuildLiteBehavior [ RunTime:0.000010s ]
INFO: [ app_init ] --END-- [ RunTime:0.000048s ]
ERR: 无法加载模块:Shop

[ 2018-06-24T13:31:35+08:00 ] 220.181.125.86 /index.php?m=shop&c=brand&a=list&brand=305
INFO: [ app_init ] --START--
INFO: Run Behavior\BuildLiteBehavior [ RunTime:0.000011s ]
INFO: [ app_init ] --END-- [ RunTime:0.000044s ]
ERR: 无法加载模块:Shop

[ 2018-06-24T13:31:47+08:00 ] 220.181.125.86 /index.php?m=shop&c=brand&a=list&brand=309
INFO: [ app_init ] --START--
INFO: Run Behavior\BuildLiteBehavior [ RunTime:0.000009s ]
INFO: [ app_init ] --END-- [ RunTime:0.000042s ]
ERR: 无法加载模块:Shop

[ 2018-06-24T13:31:58+08:00 ] 220.181.125.86 /index.php?m=shop&c=brand&a=list&brand=348
INFO: [ app_init ] --START--
INFO: Run Behavior\BuildLiteBehavior [ RunTime:0.000010s ]
INFO: [ app_init ] --END-- [ RunTime:0.000047s ]
ERR: 无法加载模块:Shop

[ 2018-06-24T13:32:10+08:00 ] 220.181.125.86 /index.php?m=shop&c=brand&a=list&brand=276
INFO: [ app_init ] --START--
INFO: Run Behavior\BuildLiteBehavior [ RunTime:0.000013s ]
INFO: [ app_init ] --END-- [ RunTime:0.006117s ]
ERR: 无法加载模块:Shop

[ 2018-06-24T13:32:20+08:00 ] 220.181.125.86 /index.php?m=shop&c=brand&a=list&m=shop&brand=129&area_id=9&order=2&key=1
INFO: [ app_init ] --START--
INFO: Run Behavior\BuildLiteBehavior [ RunTime:0.000011s ]
INFO: [ app_init ] --END-- [ RunTime:0.000060s ]
ERR: 无法加载模块:Shop

[ 2018-06-24T13:32:30+08:00 ] 220.181.125.86 /index.php?m=shop&c=brand&a=list&m=shop&brand=305&area_id=31&key=2&order=2
INFO: [ app_init ] --START--
INFO: Run Behavior\BuildLiteBehavior [ RunTime:0.000010s ]
INFO: [ app_init ] --END-- [ RunTime:0.000043s ]
ERR: 无法加载模块:Shop

[ 2018-06-24T13:32:40+08:00 ] 220.181.125.86 /index.php?m=shop&c=brand&a=list&m=shop&brand=305&type=1&area_id=3
INFO: [ app_init ] --START--
INFO: Run Behavior\BuildLiteBehavior [ RunTime:0.000010s ]
INFO: [ app_init ] --END-- [ RunTime:0.000055s ]
ERR: 无法加载模块:Shop

[ 2018-06-24T13:32:50+08:00 ] 220.181.125.86 /index.php?m=shop&c=brand&a=list&m=shop&brand=305&order=1&key=3&area_id=18
INFO: [ app_init ] --START--
INFO: Run Behavior\BuildLiteBehavior [ RunTime:0.000010s ]
INFO: [ app_init ] --END-- [ RunTime:0.000045s ]
ERR: 无法加载模块:Shop

[ 2018-06-24T13:33:00+08:00 ] 220.181.125.86 /index.php?m=shop&c=brand&a=list&m=shop&brand=277&order=0&key=0&area_id=12
INFO: [ app_init ] --START--
INFO: Run Behavior\BuildLiteBehavior [ RunTime:0.000012s ]
INFO: [ app_init ] --END-- [ RunTime:0.000049s ]
ERR: 无法加载模块:Shop

[ 2018-06-24T13:33:10+08:00 ] 220.181.125.86 /index.php?m=shop&c=brand&a=list&m=shop&brand=226&key=2&order=2&area_id=33
INFO: [ app_init ] --START--
INFO: Run Behavior\BuildLiteBehavior [ RunTime:0.000010s ]
INFO: [ app_init ] --END-- [ RunTime:0.000050s ]
ERR: 无法加载模块:Shop

[ 2018-06-24T13:33:20+08:00 ] 220.181.125.86 /index.php?m=shop&c=brand&a=list&m=shop&brand=309&area_id=15&key=1&order=2
INFO: [ app_init ] --START--
INFO: Run Behavior\BuildLiteBehavior [ RunTime:0.000011s ]
INFO: [ app_init ] --END-- [ RunTime:0.000046s ]
ERR: 无法加载模块:Shop

[ 2018-06-24T13:33:30+08:00 ] 220.181.125.86 /index.php?m=shop&c=article&a=show&article_id=16
INFO: [ app_init ] --START--
INFO: Run Behavior\BuildLiteBehavior [ RunTime:0.000010s ]
INFO: [ app_init ] --END-- [ RunTime:0.000045s ]
ERR: 无法加载模块:Shop

[ 2018-06-24T13:33:44+08:00 ] 220.181.125.86 /index.php?m=shop&c=article&a=show&article_id=28
INFO: [ app_init ] --START--
INFO: Run Behavior\BuildLiteBehavior [ RunTime:0.000010s ]
INFO: [ app_init ] --END-- [ RunTime:0.000047s ]
ERR: 无法加载模块:Shop

[ 2018-06-24T13:33:54+08:00 ] 220.181.125.86 /index.php?m=shop&c=brand&a=list&m=shop&brand=303&area_id=31&gift=0&key=2&order=1
INFO: [ app_init ] --START--
INFO: Run Behavior\BuildLiteBehavior [ RunTime:0.000014s ]
INFO: [ app_init ] --END-- [ RunTime:0.000075s ]
ERR: 无法加载模块:Shop

[ 2018-06-24T13:34:04+08:00 ] 220.181.125.86 /index.php?m=shop&c=brand&a=list&m=shop&brand=359&type=1&area_id=4
INFO: [ app_init ] --START--
INFO: Run Behavior\BuildLiteBehavior [ RunTime:0.000010s ]
INFO: [ app_init ] --END-- [ RunTime:0.000043s ]
ERR: 无法加载模块:Shop

[ 2018-06-24T13:34:14+08:00 ] 220.181.125.86 /index.php?m=shop&c=brand&a=list&m=shop&brand=348&area_id=2&type=1
INFO: [ app_init ] --START--
INFO: Run Behavior\BuildLiteBehavior [ RunTime:0.000012s ]
INFO: [ app_init ] --END-- [ RunTime:0.000047s ]
ERR: 无法加载模块:Shop

[ 2018-06-24T13:34:24+08:00 ] 220.181.125.86 /index.php?m=shop&c=brand&a=list&m=shop&brand=338&area_id=2&type=1
INFO: [ app_init ] --START--
INFO: Run Behavior\BuildLiteBehavior [ RunTime:0.000011s ]
INFO: [ app_init ] --END-- [ RunTime:0.000057s ]
ERR: 无法加载模块:Shop

[ 2018-06-24T13:34:34+08:00 ] 220.181.125.86 /index.php?m=shop&c=brand&a=list&m=shop&brand=335&area_id=5&gift=1
INFO: [ app_init ] --START--
INFO: Run Behavior\BuildLiteBehavior [ RunTime:0.000010s ]
INFO: [ app_init ] --END-- [ RunTime:0.000045s ]
ERR: 无法加载模块:Shop

[ 2018-06-24T13:34:44+08:00 ] 220.181.125.86 /index.php?m=shop&c=brand&a=index
INFO: [ app_init ] --START--
INFO: Run Behavior\BuildLiteBehavior [ RunTime:0.000016s ]
INFO: [ app_init ] --END-- [ RunTime:0.000066s ]
ERR: 无法加载模块:Shop

[ 2018-06-24T13:34:54+08:00 ] 220.181.125.86 /index.php?m=shop&c=article&a=show&article_id=23
INFO: [ app_init ] --START--
INFO: Run Behavior\BuildLiteBehavior [ RunTime:0.000010s ]
INFO: [ app_init ] --END-- [ RunTime:0.000046s ]
ERR: 无法加载模块:Shop

[ 2018-06-24T13:35:04+08:00 ] 220.181.125.86 /index.php?m=shop&c=brand&a=list&brand=209
INFO: [ app_init ] --START--
INFO: Run Behavior\BuildLiteBehavior [ RunTime:0.000023s ]
INFO: [ app_init ] --END-- [ RunTime:0.000059s ]
ERR: 无法加载模块:Shop

[ 2018-06-24T13:35:14+08:00 ] 220.181.125.86 /index.php?m=shop&c=brand&a=list&brand=323
INFO: [ app_init ] --START--
INFO: Run Behavior\BuildLiteBehavior [ RunTime:0.000014s ]
INFO: [ app_init ] --END-- [ RunTime:0.000067s ]
ERR: 无法加载模块:Shop

[ 2018-06-24T13:35:24+08:00 ] 220.181.125.86 /index.php?m=shop&c=brand&a=list&brand=277
INFO: [ app_init ] --START--
INFO: Run Behavior\BuildLiteBehavior [ RunTime:0.000010s ]
INFO: [ app_init ] --END-- [ RunTime:0.000055s ]
ERR: 无法加载模块:Shop

[ 2018-06-24T13:35:34+08:00 ] 220.181.125.86 /index.php?m=shop&c=brand&a=list&brand=176
INFO: [ app_init ] --START--
INFO: Run Behavior\BuildLiteBehavior [ RunTime:0.000010s ]
INFO: [ app_init ] --END-- [ RunTime:0.000044s ]
ERR: 无法加载模块:Shop

[ 2018-06-24T13:35:44+08:00 ] 220.181.125.86 /index.php?m=shop&c=brand&a=list&brand=129
INFO: [ app_init ] --START--
INFO: Run Behavior\BuildLiteBehavior [ RunTime:0.000010s ]
INFO: [ app_init ] --END-- [ RunTime:0.000047s ]
ERR: 无法加载模块:Shop

[ 2018-06-24T13:35:54+08:00 ] 220.181.125.86 /index.php?m=shop&c=brand&a=list&brand=290
INFO: [ app_init ] --START--
INFO: Run Behavior\BuildLiteBehavior [ RunTime:0.000011s ]
INFO: [ app_init ] --END-- [ RunTime:0.000047s ]
ERR: 无法加载模块:Shop

[ 2018-06-24T13:36:04+08:00 ] 220.181.125.86 /index.php?m=shop&c=brand&a=list&brand=226
INFO: [ app_init ] --START--
INFO: Run Behavior\BuildLiteBehavior [ RunTime:0.000011s ]
INFO: [ app_init ] --END-- [ RunTime:0.000046s ]
ERR: 无法加载模块:Shop

[ 2018-06-24T13:36:14+08:00 ] 220.181.125.86 /index.php?m=shop&c=brand&a=list&brand=317
INFO: [ app_init ] --START--
INFO: Run Behavior\BuildLiteBehavior [ RunTime:0.000011s ]
INFO: [ app_init ] --END-- [ RunTime:0.000046s ]
ERR: 无法加载模块:Shop

[ 2018-06-24T13:36:24+08:00 ] 220.181.125.86 /index.php?m=shop&c=brand&a=list&brand=135
INFO: [ app_init ] --START--
INFO: Run Behavior\BuildLiteBehavior [ RunTime:0.000010s ]
INFO: [ app_init ] --END-- [ RunTime:0.000045s ]
ERR: 无法加载模块:Shop

[ 2018-06-24T13:36:34+08:00 ] 220.181.125.86 /index.php?m=shop&c=brand&a=list&brand=333
INFO: [ app_init ] --START--
INFO: Run Behavior\BuildLiteBehavior [ RunTime:0.000011s ]
INFO: [ app_init ] --END-- [ RunTime:0.000057s ]
ERR: 无法加载模块:Shop

[ 2018-06-24T13:36:44+08:00 ] 220.181.125.86 /index.php?m=shop&c=brand&a=list&m=shop&brand=306&area_id=10&key=3&order=1
INFO: [ app_init ] --START--
INFO: Run Behavior\BuildLiteBehavior [ RunTime:0.000010s ]
INFO: [ app_init ] --END-- [ RunTime:0.000046s ]
ERR: 无法加载模块:Shop

[ 2018-06-24T13:36:54+08:00 ] 220.181.125.86 /index.php?m=shop&c=brand&a=list&m=shop&brand=317&area_id=12&type=1&gift=1
INFO: [ app_init ] --START--
INFO: Run Behavior\BuildLiteBehavior [ RunTime:0.000011s ]
INFO: [ app_init ] --END-- [ RunTime:0.000049s ]
ERR: 无法加载模块:Shop

[ 2018-06-24T13:37:04+08:00 ] 220.181.125.86 /index.php?m=shop&c=brand&a=list&m=shop&brand=305&key=3&order=1
INFO: [ app_init ] --START--
INFO: Run Behavior\BuildLiteBehavior [ RunTime:0.000010s ]
INFO: [ app_init ] --END-- [ RunTime:0.000045s ]
ERR: 无法加载模块:Shop

[ 2018-06-24T13:37:14+08:00 ] 220.181.125.86 /index.php?m=shop&c=article&a=article&ac_id=5
INFO: [ app_init ] --START--
INFO: Run Behavior\BuildLiteBehavior [ RunTime:0.000011s ]
INFO: [ app_init ] --END-- [ RunTime:0.000046s ]
ERR: 无法加载模块:Shop

[ 2018-06-24T13:37:24+08:00 ] 220.181.125.86 /index.php?m=shop&c=brand&a=list&m=shop&brand=305&order=2&key=3
INFO: [ app_init ] --START--
INFO: Run Behavior\BuildLiteBehavior [ RunTime:0.000011s ]
INFO: [ app_init ] --END-- [ RunTime:0.000047s ]
ERR: 无法加载模块:Shop

[ 2018-06-24T13:37:34+08:00 ] 220.181.125.86 /index.php?m=shop&c=brand&a=list&m=shop&brand=359&type=1&area_id=26
INFO: [ app_init ] --START--
INFO: Run Behavior\BuildLiteBehavior [ RunTime:0.000011s ]
INFO: [ app_init ] --END-- [ RunTime:0.000044s ]
ERR: 无法加载模块:Shop

[ 2018-06-24T13:37:44+08:00 ] 220.181.125.86 /index.php?m=shop&c=brand&a=list&m=shop&brand=303&area_id=29&gift=1
INFO: [ app_init ] --START--
INFO: Run Behavior\BuildLiteBehavior [ RunTime:0.000010s ]
INFO: [ app_init ] --END-- [ RunTime:0.000046s ]
ERR: 无法加载模块:Shop

[ 2018-06-24T13:37:54+08:00 ] 220.181.125.86 /index.php?m=shop&c=brand&a=list&m=shop&brand=277&gift=1&area_id=24
INFO: [ app_init ] --START--
INFO: Run Behavior\BuildLiteBehavior [ RunTime:0.000011s ]
INFO: [ app_init ] --END-- [ RunTime:0.000046s ]
ERR: 无法加载模块:Shop

[ 2018-06-24T13:38:04+08:00 ] 220.181.125.86 /index.php?m=shop&c=brand&a=list&m=shop&brand=226&key=0&order=0
INFO: [ app_init ] --START--
INFO: Run Behavior\BuildLiteBehavior [ RunTime:0.000011s ]
INFO: [ app_init ] --END-- [ RunTime:0.000045s ]
ERR: 无法加载模块:Shop

[ 2018-06-24T13:38:16+08:00 ] 220.181.125.86 /index.php?m=shop&c=brand&a=list&m=shop&brand=335&area_id=13&gift=1
INFO: [ app_init ] --START--
INFO: Run Behavior\BuildLiteBehavior [ RunTime:0.000011s ]
INFO: [ app_init ] --END-- [ RunTime:0.000050s ]
ERR: 无法加载模块:Shop

[ 2018-06-24T13:38:26+08:00 ] 220.181.125.86 /index.php?m=shop&c=brand&a=list&m=shop&brand=305&area_id=10&gift=1
INFO: [ app_init ] --START--
INFO: Run Behavior\BuildLiteBehavior [ RunTime:0.000011s ]
INFO: [ app_init ] --END-- [ RunTime:0.000046s ]
ERR: 无法加载模块:Shop

[ 2018-06-24T13:38:36+08:00 ] 220.181.125.86 /index.php?m=shop&c=brand&a=list&m=shop&brand=345&type=1&area_id=29
INFO: [ app_init ] --START--
INFO: Run Behavior\BuildLiteBehavior [ RunTime:0.000010s ]
INFO: [ app_init ] --END-- [ RunTime:0.000042s ]
ERR: 无法加载模块:Shop

[ 2018-06-24T13:38:46+08:00 ] 220.181.125.86 /index.php?m=shop&c=brand&a=list&m=shop&brand=277&area_id=20&gift=1
INFO: [ app_init ] --START--
INFO: Run Behavior\BuildLiteBehavior [ RunTime:0.000011s ]
INFO: [ app_init ] --END-- [ RunTime:0.000048s ]
ERR: 无法加载模块:Shop

[ 2018-06-24T13:38:56+08:00 ] 220.181.125.86 /index.php?m=shop&c=brand&a=list&m=shop&brand=277&area_id=20&type=1
INFO: [ app_init ] --START--
INFO: Run Behavior\BuildLiteBehavior [ RunTime:0.000010s ]
INFO: [ app_init ] --END-- [ RunTime:0.000045s ]
ERR: 无法加载模块:Shop

[ 2018-06-24T13:39:06+08:00 ] 220.181.125.86 /index.php?m=shop&c=brand&a=list&m=shop&brand=335&area_id=28&gift=1
INFO: [ app_init ] --START--
INFO: Run Behavior\BuildLiteBehavior [ RunTime:0.000009s ]
INFO: [ app_init ] --END-- [ RunTime:0.000043s ]
ERR: 无法加载模块:Shop

[ 2018-06-24T13:39:16+08:00 ] 220.181.125.86 /index.php?m=shop&c=brand&a=list&m=shop&brand=338&area_id=29&type=1
INFO: [ app_init ] --START--
INFO: Run Behavior\BuildLiteBehavior [ RunTime:0.000010s ]
INFO: [ app_init ] --END-- [ RunTime:0.000044s ]
ERR: 无法加载模块:Shop

[ 2018-06-24T13:39:26+08:00 ] 220.181.125.86 /index.php?m=shop&c=brand&a=list&m=shop&brand=303&area_id=18&type=1
INFO: [ app_init ] --START--
INFO: Run Behavior\BuildLiteBehavior [ RunTime:0.000011s ]
INFO: [ app_init ] --END-- [ RunTime:0.000047s ]
ERR: 无法加载模块:Shop

[ 2018-06-24T13:39:36+08:00 ] 220.181.125.86 /index.php?m=shop&c=brand&a=list&m=shop&brand=277&gift=1&area_id=28
INFO: [ app_init ] --START--
INFO: Run Behavior\BuildLiteBehavior [ RunTime:0.000011s ]
INFO: [ app_init ] --END-- [ RunTime:0.000049s ]
ERR: 无法加载模块:Shop

[ 2018-06-24T13:39:46+08:00 ] 220.181.125.86 /index.php?m=shop&c=article&a=show&article_id=9
INFO: [ app_init ] --START--
INFO: Run Behavior\BuildLiteBehavior [ RunTime:0.000009s ]
INFO: [ app_init ] --END-- [ RunTime:0.000043s ]
ERR: 无法加载模块:Shop

[ 2018-06-24T13:39:56+08:00 ] 220.181.125.86 /index.php?m=shop&c=brand&a=list&m=shop&brand=303&area_id=33&order=0&key=0
INFO: [ app_init ] --START--
INFO: Run Behavior\BuildLiteBehavior [ RunTime:0.000011s ]
INFO: [ app_init ] --END-- [ RunTime:0.000046s ]
ERR: 无法加载模块:Shop

[ 2018-06-24T13:40:06+08:00 ] 220.181.125.86 /index.php?m=shop&c=brand&a=list&m=shop&brand=303&area_id=22&order=0&key=0
INFO: [ app_init ] --START--
INFO: Run Behavior\BuildLiteBehavior [ RunTime:0.000010s ]
INFO: [ app_init ] --END-- [ RunTime:0.000046s ]
ERR: 无法加载模块:Shop

[ 2018-06-24T13:40:16+08:00 ] 220.181.125.86 /index.php?m=shop&c=brand&a=list&m=shop&brand=268&area_id=24&key=2&order=2
INFO: [ app_init ] --START--
INFO: Run Behavior\BuildLiteBehavior [ RunTime:0.000011s ]
INFO: [ app_init ] --END-- [ RunTime:0.000046s ]
ERR: 无法加载模块:Shop

[ 2018-06-24T13:40:26+08:00 ] 220.181.125.86 /index.php?m=shop&c=brand&a=list&m=shop&brand=359&type=1&area_id=1
INFO: [ app_init ] --START--
INFO: Run Behavior\BuildLiteBehavior [ RunTime:0.000010s ]
INFO: [ app_init ] --END-- [ RunTime:0.000044s ]
ERR: 无法加载模块:Shop

[ 2018-06-24T13:40:36+08:00 ] 220.181.125.86 /index.php?m=shop&c=brand&a=list&m=shop&brand=359&area_id=8&gift=1
INFO: [ app_init ] --START--
INFO: Run Behavior\BuildLiteBehavior [ RunTime:0.000010s ]
INFO: [ app_init ] --END-- [ RunTime:0.000057s ]
ERR: 无法加载模块:Shop

[ 2018-06-24T13:40:46+08:00 ] 220.181.125.86 /index.php?m=shop&c=brand&a=list&m=shop&brand=303&area_id=2&gift=1
INFO: [ app_init ] --START--
INFO: Run Behavior\BuildLiteBehavior [ RunTime:0.000010s ]
INFO: [ app_init ] --END-- [ RunTime:0.000045s ]
ERR: 无法加载模块:Shop

[ 2018-06-24T13:40:56+08:00 ] 220.181.125.86 /index.php?m=shop&c=brand&a=list&m=shop&brand=345&area_id=14&type=1
INFO: [ app_init ] --START--
INFO: Run Behavior\BuildLiteBehavior [ RunTime:0.000010s ]
INFO: [ app_init ] --END-- [ RunTime:0.000046s ]
ERR: 无法加载模块:Shop

[ 2018-06-24T13:41:06+08:00 ] 220.181.125.86 /index.php?m=shop&c=brand&a=list&m=shop&brand=250&area_id=33&gift=1
INFO: [ app_init ] --START--
INFO: Run Behavior\BuildLiteBehavior [ RunTime:0.000009s ]
INFO: [ app_init ] --END-- [ RunTime:0.000044s ]
ERR: 无法加载模块:Shop

[ 2018-06-24T13:41:16+08:00 ] 220.181.125.86 /index.php?m=shop&c=brand&a=list&m=shop&brand=277&gift=1&area_id=30
INFO: [ app_init ] --START--
INFO: Run Behavior\BuildLiteBehavior [ RunTime:0.000011s ]
INFO: [ app_init ] --END-- [ RunTime:0.000045s ]
ERR: 无法加载模块:Shop

[ 2018-06-24T13:41:26+08:00 ] 220.181.125.86 /index.php?m=shop&c=brand&a=list&m=shop&brand=277&gift=1&area_id=26
INFO: [ app_init ] --START--
INFO: Run Behavior\BuildLiteBehavior [ RunTime:0.000010s ]
INFO: [ app_init ] --END-- [ RunTime:0.000046s ]
ERR: 无法加载模块:Shop

[ 2018-06-24T13:41:36+08:00 ] 220.181.125.86 /index.php?m=shop&c=brand&a=list&m=shop&brand=226&area_id=31&type=1
INFO: [ app_init ] --START--
INFO: Run Behavior\BuildLiteBehavior [ RunTime:0.000011s ]
INFO: [ app_init ] --END-- [ RunTime:0.000043s ]
ERR: 无法加载模块:Shop

[ 2018-06-24T13:41:46+08:00 ] 220.181.125.86 /index.php?m=shop&c=brand&a=list&m=shop&brand=359&area_id=27&gift=1
INFO: [ app_init ] --START--
INFO: Run Behavior\BuildLiteBehavior [ RunTime:0.000011s ]
INFO: [ app_init ] --END-- [ RunTime:0.000048s ]
ERR: 无法加载模块:Shop

[ 2018-06-24T13:41:56+08:00 ] 220.181.125.86 /index.php?m=shop&c=brand&a=list&m=shop&brand=277&gift=1&area_id=29
INFO: [ app_init ] --START--
INFO: Run Behavior\BuildLiteBehavior [ RunTime:0.000019s ]
INFO: [ app_init ] --END-- [ RunTime:0.000056s ]
ERR: 无法加载模块:Shop

[ 2018-06-24T13:42:06+08:00 ] 220.181.125.86 /index.php?m=shop&c=brand&a=list&m=shop&brand=359&type=1&area_id=25
INFO: [ app_init ] --START--
INFO: Run Behavior\BuildLiteBehavior [ RunTime:0.000010s ]
INFO: [ app_init ] --END-- [ RunTime:0.000045s ]
ERR: 无法加载模块:Shop

[ 2018-06-24T13:42:16+08:00 ] 220.181.125.86 /index.php?m=shop&c=brand&a=list&m=shop&brand=309&area_id=24&type=1
INFO: [ app_init ] --START--
INFO: Run Behavior\BuildLiteBehavior [ RunTime:0.000011s ]
INFO: [ app_init ] --END-- [ RunTime:0.000046s ]
ERR: 无法加载模块:Shop

[ 2018-06-24T13:42:26+08:00 ] 220.181.125.86 /index.php?m=shop&c=brand&a=list&m=shop&brand=335&area_id=12&gift=1
INFO: [ app_init ] --START--
INFO: Run Behavior\BuildLiteBehavior [ RunTime:0.000010s ]
INFO: [ app_init ] --END-- [ RunTime:0.000045s ]
ERR: 无法加载模块:Shop

[ 2018-06-24T13:42:36+08:00 ] 220.181.125.86 /index.php?m=shop&c=brand&a=list&m=shop&brand=335&area_id=26&gift=1
INFO: [ app_init ] --START--
INFO: Run Behavior\BuildLiteBehavior [ RunTime:0.000009s ]
INFO: [ app_init ] --END-- [ RunTime:0.000056s ]
ERR: 无法加载模块:Shop

[ 2018-06-24T13:42:46+08:00 ] 220.181.125.86 /index.php?m=shop&c=brand&a=list&m=shop&brand=335&area_id=34&gift=1
INFO: [ app_init ] --START--
INFO: Run Behavior\BuildLiteBehavior [ RunTime:0.000011s ]
INFO: [ app_init ] --END-- [ RunTime:0.000048s ]
ERR: 无法加载模块:Shop

[ 2018-06-24T13:42:56+08:00 ] 220.181.125.86 /index.php?m=shop&c=brand&a=list&m=shop&brand=335&area_id=35&gift=1
INFO: [ app_init ] --START--
INFO: Run Behavior\BuildLiteBehavior [ RunTime:0.000011s ]
INFO: [ app_init ] --END-- [ RunTime:0.000049s ]
ERR: 无法加载模块:Shop

[ 2018-06-24T13:43:06+08:00 ] 220.181.125.86 /index.php?m=shop&c=brand&a=list&brand=279
INFO: [ app_init ] --START--
INFO: Run Behavior\BuildLiteBehavior [ RunTime:0.000013s ]
INFO: [ app_init ] --END-- [ RunTime:0.000055s ]
ERR: 无法加载模块:Shop

[ 2018-06-24T13:43:16+08:00 ] 220.181.125.86 /index.php?m=shop&c=brand&a=list&brand=248
INFO: [ app_init ] --START--
INFO: Run Behavior\BuildLiteBehavior [ RunTime:0.000011s ]
INFO: [ app_init ] --END-- [ RunTime:0.000049s ]
ERR: 无法加载模块:Shop

[ 2018-06-24T13:43:26+08:00 ] 220.181.125.86 /index.php?m=shop&c=brand&a=list&brand=321
INFO: [ app_init ] --START--
INFO: Run Behavior\BuildLiteBehavior [ RunTime:0.000011s ]
INFO: [ app_init ] --END-- [ RunTime:0.000047s ]
ERR: 无法加载模块:Shop

[ 2018-06-24T13:43:36+08:00 ] 220.181.125.86 /index.php?m=shop&c=brand&a=list&brand=306
INFO: [ app_init ] --START--
INFO: Run Behavior\BuildLiteBehavior [ RunTime:0.000012s ]
INFO: [ app_init ] --END-- [ RunTime:0.000045s ]
ERR: 无法加载模块:Shop

[ 2018-06-24T13:43:46+08:00 ] 220.181.125.86 /index.php?m=shop&c=brand&a=list&brand=330
INFO: [ app_init ] --START--
INFO: Run Behavior\BuildLiteBehavior [ RunTime:0.000010s ]
INFO: [ app_init ] --END-- [ RunTime:0.000056s ]
ERR: 无法加载模块:Shop

[ 2018-06-24T13:43:56+08:00 ] 220.181.125.86 /index.php?m=shop&c=brand&a=list&brand=359
INFO: [ app_init ] --START--
INFO: Run Behavior\BuildLiteBehavior [ RunTime:0.000010s ]
INFO: [ app_init ] --END-- [ RunTime:0.000046s ]
ERR: 无法加载模块:Shop

[ 2018-06-24T13:44:06+08:00 ] 220.181.125.86 /index.php?m=shop&c=brand&a=list&brand=121
INFO: [ app_init ] --START--
INFO: Run Behavior\BuildLiteBehavior [ RunTime:0.000011s ]
INFO: [ app_init ] --END-- [ RunTime:0.000045s ]
ERR: 无法加载模块:Shop

[ 2018-06-24T13:44:16+08:00 ] 220.181.125.86 /index.php?m=shop&c=brand&a=list&brand=268
INFO: [ app_init ] --START--
INFO: Run Behavior\BuildLiteBehavior [ RunTime:0.000011s ]
INFO: [ app_init ] --END-- [ RunTime:0.000056s ]
ERR: 无法加载模块:Shop

[ 2018-06-24T13:44:26+08:00 ] 220.181.125.86 /index.php?m=shop&c=brand&a=list&m=shop&brand=359&type=1
INFO: [ app_init ] --START--
INFO: Run Behavior\BuildLiteBehavior [ RunTime:0.000011s ]
INFO: [ app_init ] --END-- [ RunTime:0.000049s ]
ERR: 无法加载模块:Shop

[ 2018-06-24T13:44:36+08:00 ] 220.181.125.86 /index.php?m=shop&c=brand&a=list&m=shop&brand=335&area_id=31&order=1&key=2&gift=1&type=0
INFO: [ app_init ] --START--
INFO: Run Behavior\BuildLiteBehavior [ RunTime:0.000010s ]
INFO: [ app_init ] --END-- [ RunTime:0.000046s ]
ERR: 无法加载模块:Shop

[ 2018-06-24T13:44:46+08:00 ] 220.181.125.86 /index.php?m=shop&c=brand&a=list&m=shop&brand=335&area_id=34&order=1&key=2&gift=1&type=0
INFO: [ app_init ] --START--
INFO: Run Behavior\BuildLiteBehavior [ RunTime:0.000010s ]
INFO: [ app_init ] --END-- [ RunTime:0.000047s ]
ERR: 无法加载模块:Shop

[ 2018-06-24T13:44:56+08:00 ] 220.181.125.86 /index.php?m=shop&c=brand&a=list&m=shop&brand=305&key=3&order=2&area_id=11&type=0&gift=0
INFO: [ app_init ] --START--
INFO: Run Behavior\BuildLiteBehavior [ RunTime:0.000011s ]
INFO: [ app_init ] --END-- [ RunTime:0.000050s ]
ERR: 无法加载模块:Shop

[ 2018-06-24T13:45:06+08:00 ] 220.181.125.86 /index.php?m=shop&c=brand&a=list&m=shop&brand=335&area_id=26&order=1&key=2&gift=1&type=0
INFO: [ app_init ] --START--
INFO: Run Behavior\BuildLiteBehavior [ RunTime:0.000010s ]
INFO: [ app_init ] --END-- [ RunTime:0.000044s ]
ERR: 无法加载模块:Shop

[ 2018-06-24T13:45:16+08:00 ] 220.181.125.86 /index.php?m=shop&c=brand&a=list&m=shop&brand=196&area_id=33&gift=1&order=0&key=0
INFO: [ app_init ] --START--
INFO: Run Behavior\BuildLiteBehavior [ RunTime:0.000011s ]
INFO: [ app_init ] --END-- [ RunTime:0.000048s ]
ERR: 无法加载模块:Shop

[ 2018-06-24T13:45:26+08:00 ] 220.181.125.86 /index.php?m=shop&c=brand&a=list&m=shop&brand=306&area_id=12&key=3&order=2&gift=1&type=1
INFO: [ app_init ] --START--
INFO: Run Behavior\BuildLiteBehavior [ RunTime:0.000011s ]
INFO: [ app_init ] --END-- [ RunTime:0.000047s ]
ERR: 无法加载模块:Shop

[ 2018-06-24T15:16:40+08:00 ] 207.46.13.110 /index.php?m=shop&c=goods&a=index&goods_id=100190
INFO: [ app_init ] --START--
INFO: Run Behavior\BuildLiteBehavior [ RunTime:0.000010s ]
INFO: [ app_init ] --END-- [ RunTime:0.000045s ]
ERR: 无法加载模块:Shop

[ 2018-06-24T15:30:06+08:00 ] 103.7.30.69 /index.php?m=mobile&c=weixin_base&a=index&signature=2ebd16ae9c282338c542d36fbe931f84635a1fc3&timestamp=1529825406&nonce=1033432603&openid=ow6-tv4QBobN-asX8k6W9DAGHUOo
INFO: [ app_init ] --START--
INFO: Run Behavior\BuildLiteBehavior [ RunTime:0.000008s ]
INFO: [ app_init ] --END-- [ RunTime:0.000041s ]
ERR: 无法加载模块:Mobile

[ 2018-06-24T15:30:08+08:00 ] 103.7.30.69 /index.php?m=mobile&c=weixin_base&a=index&signature=5fbd44d969b6dcb59417d0cef0af0e56acb600a0&timestamp=1529825408&nonce=901065809&openid=ow6-tv4QBobN-asX8k6W9DAGHUOo
INFO: [ app_init ] --START--
INFO: Run Behavior\BuildLiteBehavior [ RunTime:0.000010s ]
INFO: [ app_init ] --END-- [ RunTime:0.000046s ]
ERR: 无法加载模块:Mobile

[ 2018-06-24T15:31:30+08:00 ] 103.7.30.69 /index.php?m=mobile&c=weixin_base&a=index&signature=cf9fe957672a324bde911299445296adfc2022c0&timestamp=1529825490&nonce=109027368&openid=ow6-tv4QBobN-asX8k6W9DAGHUOo
INFO: [ app_init ] --START--
INFO: Run Behavior\BuildLiteBehavior [ RunTime:0.000010s ]
INFO: [ app_init ] --END-- [ RunTime:0.000046s ]
ERR: 无法加载模块:Mobile

[ 2018-06-24T17:46:33+08:00 ] 203.208.60.160 /index.php?m=shop&c=search&a=index&m=shop&cate_id=1105&area_id=13
INFO: [ app_init ] --START--
INFO: Run Behavior\BuildLiteBehavior [ RunTime:0.000009s ]
INFO: [ app_init ] --END-- [ RunTime:0.000043s ]
ERR: 无法加载模块:Shop

[ 2018-06-24T17:46:45+08:00 ] 203.208.60.160 /index.php?m=shop&c=goods&a=comments_list&goods_id=100188
INFO: [ app_init ] --START--
INFO: Run Behavior\BuildLiteBehavior [ RunTime:0.000012s ]
INFO: [ app_init ] --END-- [ RunTime:0.000047s ]
ERR: 无法加载模块:Shop

[ 2018-06-24T17:46:56+08:00 ] 203.208.60.160 /index.php?m=shop&c=search&a=get_booth_goods&cate_id=1105
INFO: [ app_init ] --START--
INFO: Run Behavior\BuildLiteBehavior [ RunTime:0.000009s ]
INFO: [ app_init ] --END-- [ RunTime:0.000044s ]
ERR: 无法加载模块:Shop

[ 2018-06-24T17:47:09+08:00 ] 203.208.60.161 /index.php?m=shop&c=search&a=index&m=shop&cate_id=1105&area_id=12
INFO: [ app_init ] --START--
INFO: Run Behavior\BuildLiteBehavior [ RunTime:0.000011s ]
INFO: [ app_init ] --END-- [ RunTime:0.000047s ]
ERR: 无法加载模块:Shop

[ 2018-06-24T17:47:22+08:00 ] 203.208.60.160 /index.php?m=shop&c=goods&a=index&goods_id=100188
INFO: [ app_init ] --START--
INFO: Run Behavior\BuildLiteBehavior [ RunTime:0.000010s ]
INFO: [ app_init ] --END-- [ RunTime:0.000044s ]
ERR: 无法加载模块:Shop

[ 2018-06-24T17:47:36+08:00 ] 203.208.60.160 /index.php?m=shop&c=goods&a=index&goods_id=100136
INFO: [ app_init ] --START--
INFO: Run Behavior\BuildLiteBehavior [ RunTime:0.000009s ]
INFO: [ app_init ] --END-- [ RunTime:0.000046s ]
ERR: 无法加载模块:Shop

[ 2018-06-24T17:48:16+08:00 ] 203.208.60.162 /index.php?m=shop&c=goods&a=comments_list&goods_id=100186
INFO: [ app_init ] --START--
INFO: Run Behavior\BuildLiteBehavior [ RunTime:0.000011s ]
INFO: [ app_init ] --END-- [ RunTime:0.000047s ]
ERR: 无法加载模块:Shop

[ 2018-06-24T17:48:46+08:00 ] 203.208.60.161 /index.php?m=shop&c=search&a=index&m=shop&cate_id=1105&area_id=15
INFO: [ app_init ] --START--
INFO: Run Behavior\BuildLiteBehavior [ RunTime:0.000010s ]
INFO: [ app_init ] --END-- [ RunTime:0.000046s ]
ERR: 无法加载模块:Shop

[ 2018-06-24T17:49:15+08:00 ] 203.208.60.161 /index.php?m=shop&c=goods&a=comments_list&goods_id=100184
INFO: [ app_init ] --START--
INFO: Run Behavior\BuildLiteBehavior [ RunTime:0.000012s ]
INFO: [ app_init ] --END-- [ RunTime:0.000050s ]
ERR: 无法加载模块:Shop

[ 2018-06-24T17:49:43+08:00 ] 203.208.60.161 /index.php?m=shop&c=search&a=index&m=shop&cate_id=1105&area_id=25
INFO: [ app_init ] --START--
INFO: Run Behavior\BuildLiteBehavior [ RunTime:0.000011s ]
INFO: [ app_init ] --END-- [ RunTime:0.000050s ]
ERR: 无法加载模块:Shop

[ 2018-06-24T17:50:14+08:00 ] 203.208.60.161 /index.php?m=shop&c=search&a=index&m=shop&cate_id=1105&gift=1
INFO: [ app_init ] --START--
INFO: Run Behavior\BuildLiteBehavior [ RunTime:0.000010s ]
INFO: [ app_init ] --END-- [ RunTime:0.000046s ]
ERR: 无法加载模块:Shop

