[ 2018-06-27T01:55:34+08:00 ] 203.208.60.161 /index.php?m=shop&c=search&a=index&cate_id=1127
INFO: [ app_init ] --START--
INFO: Run Behavior\BuildLiteBehavior [ RunTime:0.000011s ]
INFO: [ app_init ] --END-- [ RunTime:0.000044s ]
ERR: 无法加载模块:Shop

[ 2018-06-27T07:01:27+08:00 ] 220.181.125.86 /index.php?m=shop&c=brand&a=list&m=shop&brand=305&area_id=23&key=2&order=2&type=1&gift=0
INFO: [ app_init ] --START--
INFO: Run Behavior\BuildLiteBehavior [ RunTime:0.000012s ]
INFO: [ app_init ] --END-- [ RunTime:0.000048s ]
ERR: 无法加载模块:Shop

[ 2018-06-27T07:02:50+08:00 ] 220.181.125.86 /index.php?m=shop&c=brand&a=list&m=shop&brand=305&area_id=33&key=3&order=2&type=1&gift=0
INFO: [ app_init ] --START--
INFO: Run Behavior\BuildLiteBehavior [ RunTime:0.000011s ]
INFO: [ app_init ] --END-- [ RunTime:0.000047s ]
ERR: 无法加载模块:Shop

[ 2018-06-27T07:03:46+08:00 ] 220.181.125.86 /index.php?m=shop&c=brand&a=list&m=shop&brand=359&type=1&area_id=19&key=1&order=2&gift=0
INFO: [ app_init ] --START--
INFO: Run Behavior\BuildLiteBehavior [ RunTime:0.000011s ]
INFO: [ app_init ] --END-- [ RunTime:0.000046s ]
ERR: 无法加载模块:Shop

[ 2018-06-27T07:04:34+08:00 ] 220.181.125.86 /index.php?m=shop&c=brand&a=list&m=shop&brand=345&type=0&area_id=22&key=0&order=0&gift=1
INFO: [ app_init ] --START--
INFO: Run Behavior\BuildLiteBehavior [ RunTime:0.000010s ]
INFO: [ app_init ] --END-- [ RunTime:0.000046s ]
ERR: 无法加载模块:Shop

[ 2018-06-27T07:07:42+08:00 ] 220.181.125.86 /index.php?m=shop&c=brand&a=list&m=shop&brand=89&key=2&order=2&area_id=9&gift=0&type=1
INFO: [ app_init ] --START--
INFO: Run Behavior\BuildLiteBehavior [ RunTime:0.000010s ]
INFO: [ app_init ] --END-- [ RunTime:0.000058s ]
ERR: 无法加载模块:Shop

[ 2018-06-27T07:08:32+08:00 ] 220.181.125.86 /index.php?m=shop&c=brand&a=list&m=shop&brand=309&area_id=30&type=1&key=3&order=1&gift=1
INFO: [ app_init ] --START--
INFO: Run Behavior\BuildLiteBehavior [ RunTime:0.000010s ]
INFO: [ app_init ] --END-- [ RunTime:0.000045s ]
ERR: 无法加载模块:Shop

[ 2018-06-27T07:09:21+08:00 ] 220.181.125.86 /index.php?m=shop&c=brand&a=list&m=shop&brand=335&area_id=19&key=1&order=1&gift=0
INFO: [ app_init ] --START--
INFO: Run Behavior\BuildLiteBehavior [ RunTime:0.000011s ]
INFO: [ app_init ] --END-- [ RunTime:0.000046s ]
ERR: 无法加载模块:Shop

[ 2018-06-27T07:10:03+08:00 ] 220.181.125.86 /index.php?m=shop&c=brand&a=list&m=shop&brand=306&area_id=1&key=1&order=2&gift=0&type=1
INFO: [ app_init ] --START--
INFO: Run Behavior\BuildLiteBehavior [ RunTime:0.000010s ]
INFO: [ app_init ] --END-- [ RunTime:0.000046s ]
ERR: 无法加载模块:Shop

[ 2018-06-27T07:10:39+08:00 ] 220.181.125.86 /index.php?m=shop&c=brand&a=list&m=shop&brand=345&type=0&area_id=11&key=0&order=0&gift=1
INFO: [ app_init ] --START--
INFO: Run Behavior\BuildLiteBehavior [ RunTime:0.000010s ]
INFO: [ app_init ] --END-- [ RunTime:0.000048s ]
ERR: 无法加载模块:Shop

[ 2018-06-27T07:11:14+08:00 ] 220.181.125.86 /index.php?m=shop&c=brand&a=list&m=shop&brand=277&order=1&key=3&area_id=2&type=1&gift=1
INFO: [ app_init ] --START--
INFO: Run Behavior\BuildLiteBehavior [ RunTime:0.000012s ]
INFO: [ app_init ] --END-- [ RunTime:0.000060s ]
ERR: 无法加载模块:Shop

[ 2018-06-27T07:11:47+08:00 ] 220.181.125.86 /index.php?m=shop&c=brand&a=list&m=shop&brand=309&area_id=19&type=1&key=1&order=2
INFO: [ app_init ] --START--
INFO: Run Behavior\BuildLiteBehavior [ RunTime:0.000016s ]
INFO: [ app_init ] --END-- [ RunTime:0.000064s ]
ERR: 无法加载模块:Shop

[ 2018-06-27T07:12:20+08:00 ] 220.181.125.86 /index.php?m=shop&c=brand&a=list&m=shop&brand=89&area_id=0&order=2&key=1&gift=1
INFO: [ app_init ] --START--
INFO: Run Behavior\BuildLiteBehavior [ RunTime:0.000011s ]
INFO: [ app_init ] --END-- [ RunTime:0.000047s ]
ERR: 无法加载模块:Shop

[ 2018-06-27T07:12:56+08:00 ] 220.181.125.86 /index.php?m=shop&c=brand&a=list&m=shop&brand=345&type=0&area_id=9&key=1&order=2&gift=1
INFO: [ app_init ] --START--
INFO: Run Behavior\BuildLiteBehavior [ RunTime:0.000010s ]
INFO: [ app_init ] --END-- [ RunTime:0.000045s ]
ERR: 无法加载模块:Shop

[ 2018-06-27T07:13:23+08:00 ] 220.181.125.86 /index.php?m=shop&c=brand&a=list&m=shop&brand=306&area_id=13&key=3&order=2&gift=1&type=0
INFO: [ app_init ] --START--
INFO: Run Behavior\BuildLiteBehavior [ RunTime:0.000011s ]
INFO: [ app_init ] --END-- [ RunTime:0.000047s ]
ERR: 无法加载模块:Shop

[ 2018-06-27T07:13:56+08:00 ] 220.181.125.86 /index.php?m=shop&c=brand&a=list&m=shop&brand=129&area_id=3&order=2&key=3&type=0&gift=1
INFO: [ app_init ] --START--
INFO: Run Behavior\BuildLiteBehavior [ RunTime:0.000010s ]
INFO: [ app_init ] --END-- [ RunTime:0.000047s ]
ERR: 无法加载模块:Shop

[ 2018-06-27T07:14:25+08:00 ] 220.181.125.86 /index.php?m=shop&c=brand&a=list&m=shop&brand=317&area_id=2&type=0&key=3&order=2&gift=1
INFO: [ app_init ] --START--
INFO: Run Behavior\BuildLiteBehavior [ RunTime:0.000011s ]
INFO: [ app_init ] --END-- [ RunTime:0.000046s ]
ERR: 无法加载模块:Shop

[ 2018-06-27T07:14:56+08:00 ] 220.181.125.86 /index.php?m=shop&c=brand&a=list&m=shop&brand=306&area_id=13&key=0&order=0&type=0&gift=0
INFO: [ app_init ] --START--
INFO: Run Behavior\BuildLiteBehavior [ RunTime:0.000010s ]
INFO: [ app_init ] --END-- [ RunTime:0.000047s ]
ERR: 无法加载模块:Shop

[ 2018-06-27T07:15:23+08:00 ] 220.181.125.86 /index.php?m=shop&c=brand&a=list&m=shop&brand=345&type=0&area_id=28&key=0&order=0&gift=1
INFO: [ app_init ] --START--
INFO: Run Behavior\BuildLiteBehavior [ RunTime:0.000010s ]
INFO: [ app_init ] --END-- [ RunTime:0.000046s ]
ERR: 无法加载模块:Shop

[ 2018-06-27T07:15:54+08:00 ] 220.181.125.86 /index.php?m=shop&c=brand&a=list&m=shop&brand=277&order=2&key=3&area_id=9&gift=0
INFO: [ app_init ] --START--
INFO: Run Behavior\BuildLiteBehavior [ RunTime:0.000010s ]
INFO: [ app_init ] --END-- [ RunTime:0.000046s ]
ERR: 无法加载模块:Shop

[ 2018-06-27T07:16:21+08:00 ] 220.181.125.86 /index.php?m=shop&c=brand&a=list&m=shop&brand=305&key=3&order=2&area_id=13
INFO: [ app_init ] --START--
INFO: Run Behavior\BuildLiteBehavior [ RunTime:0.000013s ]
INFO: [ app_init ] --END-- [ RunTime:0.000050s ]
ERR: 无法加载模块:Shop

[ 2018-06-27T07:16:49+08:00 ] 220.181.125.86 /index.php?m=shop&c=brand&a=list&m=shop&brand=305&key=3&order=2&area_id=15
INFO: [ app_init ] --START--
INFO: Run Behavior\BuildLiteBehavior [ RunTime:0.000011s ]
INFO: [ app_init ] --END-- [ RunTime:0.000046s ]
ERR: 无法加载模块:Shop

[ 2018-06-27T07:17:17+08:00 ] 220.181.125.86 /index.php?m=shop&c=brand&a=list&m=shop&brand=305&key=3&order=2&area_id=28
INFO: [ app_init ] --START--
INFO: Run Behavior\BuildLiteBehavior [ RunTime:0.000012s ]
INFO: [ app_init ] --END-- [ RunTime:0.000048s ]
ERR: 无法加载模块:Shop

[ 2018-06-27T07:17:45+08:00 ] 220.181.125.86 /index.php?m=shop&c=brand&a=list&m=shop&brand=268&key=3&order=2&area_id=23
INFO: [ app_init ] --START--
INFO: Run Behavior\BuildLiteBehavior [ RunTime:0.000012s ]
INFO: [ app_init ] --END-- [ RunTime:0.000050s ]
ERR: 无法加载模块:Shop

[ 2018-06-27T07:18:11+08:00 ] 220.181.125.86 /index.php?m=shop&c=brand&a=list&m=shop&brand=226&key=2&order=2&area_id=27
INFO: [ app_init ] --START--
INFO: Run Behavior\BuildLiteBehavior [ RunTime:0.000011s ]
INFO: [ app_init ] --END-- [ RunTime:0.000048s ]
ERR: 无法加载模块:Shop

[ 2018-06-27T07:18:37+08:00 ] 220.181.125.86 /index.php?m=shop&c=brand&a=list&brand=326
INFO: [ app_init ] --START--
INFO: Run Behavior\BuildLiteBehavior [ RunTime:0.000011s ]
INFO: [ app_init ] --END-- [ RunTime:0.000048s ]
ERR: 无法加载模块:Shop

[ 2018-06-27T07:19:03+08:00 ] 220.181.125.86 /index.php?m=shop&c=brand&a=list&brand=261
INFO: [ app_init ] --START--
INFO: Run Behavior\BuildLiteBehavior [ RunTime:0.000012s ]
INFO: [ app_init ] --END-- [ RunTime:0.000056s ]
ERR: 无法加载模块:Shop

[ 2018-06-27T07:19:30+08:00 ] 220.181.125.86 /index.php?m=shop&c=brand&a=list&m=shop&brand=348&area_id=18&order=1&key=2
INFO: [ app_init ] --START--
INFO: Run Behavior\BuildLiteBehavior [ RunTime:0.000011s ]
INFO: [ app_init ] --END-- [ RunTime:0.000056s ]
ERR: 无法加载模块:Shop

[ 2018-06-27T07:19:55+08:00 ] 220.181.125.86 /index.php?m=shop&c=brand&a=list&m=shop&brand=345&type=1&area_id=4&gift=1&key=2&order=2
INFO: [ app_init ] --START--
INFO: Run Behavior\BuildLiteBehavior [ RunTime:0.000011s ]
INFO: [ app_init ] --END-- [ RunTime:0.000048s ]
ERR: 无法加载模块:Shop

[ 2018-06-27T07:20:22+08:00 ] 220.181.125.86 /index.php?m=shop&c=brand&a=list&m=shop&brand=89&area_id=1&order=2&key=3
INFO: [ app_init ] --START--
INFO: Run Behavior\BuildLiteBehavior [ RunTime:0.000010s ]
INFO: [ app_init ] --END-- [ RunTime:0.000046s ]
ERR: 无法加载模块:Shop

[ 2018-06-27T07:20:48+08:00 ] 220.181.125.86 /index.php?m=shop&c=brand&a=list&m=shop&brand=129&area_id=32&order=2&key=2&type=1&gift=0
INFO: [ app_init ] --START--
INFO: Run Behavior\BuildLiteBehavior [ RunTime:0.000010s ]
INFO: [ app_init ] --END-- [ RunTime:0.000047s ]
ERR: 无法加载模块:Shop

[ 2018-06-27T07:21:12+08:00 ] 220.181.125.86 /index.php?m=shop&c=brand&a=list&m=shop&brand=305&area_id=8&key=3&order=2&type=1&gift=0
INFO: [ app_init ] --START--
INFO: Run Behavior\BuildLiteBehavior [ RunTime:0.000010s ]
INFO: [ app_init ] --END-- [ RunTime:0.000043s ]
ERR: 无法加载模块:Shop

[ 2018-06-27T07:21:35+08:00 ] 220.181.125.86 /index.php?m=shop&c=brand&a=list&m=shop&brand=196&area_id=20&gift=1&key=3&order=1
INFO: [ app_init ] --START--
INFO: Run Behavior\BuildLiteBehavior [ RunTime:0.000010s ]
INFO: [ app_init ] --END-- [ RunTime:0.000045s ]
ERR: 无法加载模块:Shop

[ 2018-06-27T07:21:56+08:00 ] 220.181.125.86 /index.php?m=shop&c=brand&a=list&m=shop&brand=306&area_id=9&key=0&order=0&type=0&gift=0
INFO: [ app_init ] --START--
INFO: Run Behavior\BuildLiteBehavior [ RunTime:0.000011s ]
INFO: [ app_init ] --END-- [ RunTime:0.000056s ]
ERR: 无法加载模块:Shop

[ 2018-06-27T07:22:19+08:00 ] 220.181.125.86 /index.php?m=shop&c=brand&a=list&m=shop&brand=277&order=1&key=3&area_id=21&type=1&gift=1
INFO: [ app_init ] --START--
INFO: Run Behavior\BuildLiteBehavior [ RunTime:0.000014s ]
INFO: [ app_init ] --END-- [ RunTime:0.000066s ]
ERR: 无法加载模块:Shop

[ 2018-06-27T07:22:42+08:00 ] 220.181.125.86 /index.php?m=shop&c=brand&a=list&m=shop&brand=89&area_id=7&order=2&key=1&gift=1
INFO: [ app_init ] --START--
INFO: Run Behavior\BuildLiteBehavior [ RunTime:0.000014s ]
INFO: [ app_init ] --END-- [ RunTime:0.000063s ]
ERR: 无法加载模块:Shop

[ 2018-06-27T07:23:05+08:00 ] 220.181.125.86 /index.php?m=shop&c=brand&a=list&m=shop&brand=129&area_id=15&order=2&key=3&type=0&gift=0
INFO: [ app_init ] --START--
INFO: Run Behavior\BuildLiteBehavior [ RunTime:0.000012s ]
INFO: [ app_init ] --END-- [ RunTime:0.000047s ]
ERR: 无法加载模块:Shop

[ 2018-06-27T07:23:28+08:00 ] 220.181.125.86 /index.php?m=shop&c=brand&a=list&m=shop&brand=309&area_id=4&type=1&key=2&order=2&gift=0
INFO: [ app_init ] --START--
INFO: Run Behavior\BuildLiteBehavior [ RunTime:0.000010s ]
INFO: [ app_init ] --END-- [ RunTime:0.000048s ]
ERR: 无法加载模块:Shop

[ 2018-06-27T07:23:51+08:00 ] 220.181.125.86 /index.php?m=shop&c=brand&a=list&m=shop&brand=306&area_id=25&key=3&order=2&gift=1&type=0
INFO: [ app_init ] --START--
INFO: Run Behavior\BuildLiteBehavior [ RunTime:0.000012s ]
INFO: [ app_init ] --END-- [ RunTime:0.000052s ]
ERR: 无法加载模块:Shop

[ 2018-06-27T07:24:13+08:00 ] 220.181.125.86 /index.php?m=shop&c=brand&a=list&m=shop&brand=305&area_id=25&key=3&order=2&type=1&gift=0
INFO: [ app_init ] --START--
INFO: Run Behavior\BuildLiteBehavior [ RunTime:0.000011s ]
INFO: [ app_init ] --END-- [ RunTime:0.000056s ]
ERR: 无法加载模块:Shop

[ 2018-06-27T07:24:35+08:00 ] 220.181.125.86 /index.php?m=shop&c=brand&a=list&m=shop&brand=89&area_id=12&order=2&key=1&gift=1
INFO: [ app_init ] --START--
INFO: Run Behavior\BuildLiteBehavior [ RunTime:0.000011s ]
INFO: [ app_init ] --END-- [ RunTime:0.000045s ]
ERR: 无法加载模块:Shop

[ 2018-06-27T07:24:57+08:00 ] 220.181.125.86 /index.php?m=shop&c=brand&a=list&m=shop&brand=309&area_id=15&type=1&key=3&order=2&gift=0
INFO: [ app_init ] --START--
INFO: Run Behavior\BuildLiteBehavior [ RunTime:0.000011s ]
INFO: [ app_init ] --END-- [ RunTime:0.000045s ]
ERR: 无法加载模块:Shop

[ 2018-06-27T07:25:18+08:00 ] 220.181.125.86 /index.php?m=shop&c=brand&a=list&m=shop&brand=96&area_id=2&key=1&order=2&gift=1
INFO: [ app_init ] --START--
INFO: Run Behavior\BuildLiteBehavior [ RunTime:0.000011s ]
INFO: [ app_init ] --END-- [ RunTime:0.000046s ]
ERR: 无法加载模块:Shop

[ 2018-06-27T07:25:39+08:00 ] 220.181.125.86 /index.php?m=shop&c=brand&a=list&m=shop&brand=345&type=0&area_id=9&key=2&order=1
INFO: [ app_init ] --START--
INFO: Run Behavior\BuildLiteBehavior [ RunTime:0.000012s ]
INFO: [ app_init ] --END-- [ RunTime:0.000057s ]
ERR: 无法加载模块:Shop

[ 2018-06-27T07:26:00+08:00 ] 220.181.125.86 /index.php?m=shop&c=brand&a=list&m=shop&brand=277&order=2&key=3&area_id=32&gift=0
INFO: [ app_init ] --START--
INFO: Run Behavior\BuildLiteBehavior [ RunTime:0.000009s ]
INFO: [ app_init ] --END-- [ RunTime:0.000044s ]
ERR: 无法加载模块:Shop

[ 2018-06-27T07:26:22+08:00 ] 220.181.125.86 /index.php?m=shop&c=brand&a=list&m=shop&brand=345&type=0&area_id=24&key=0&order=0&gift=1
INFO: [ app_init ] --START--
INFO: Run Behavior\BuildLiteBehavior [ RunTime:0.000012s ]
INFO: [ app_init ] --END-- [ RunTime:0.000048s ]
ERR: 无法加载模块:Shop

[ 2018-06-27T07:26:44+08:00 ] 220.181.125.86 /index.php?m=shop&c=brand&a=list&m=shop&brand=306&area_id=20&key=3&order=2&gift=1&type=0
INFO: [ app_init ] --START--
INFO: Run Behavior\BuildLiteBehavior [ RunTime:0.000010s ]
INFO: [ app_init ] --END-- [ RunTime:0.000053s ]
ERR: 无法加载模块:Shop

[ 2018-06-27T07:27:05+08:00 ] 220.181.125.86 /index.php?m=shop&c=brand&a=list&m=shop&brand=187&order=1&key=2&area_id=19&gift=1&type=1
INFO: [ app_init ] --START--
INFO: Run Behavior\BuildLiteBehavior [ RunTime:0.000011s ]
INFO: [ app_init ] --END-- [ RunTime:0.000050s ]
ERR: 无法加载模块:Shop

[ 2018-06-27T07:27:25+08:00 ] 220.181.125.86 /index.php?m=shop&c=brand&a=list&m=shop&brand=305&area_id=13&key=3&order=2&type=1&gift=0
INFO: [ app_init ] --START--
INFO: Run Behavior\BuildLiteBehavior [ RunTime:0.000010s ]
INFO: [ app_init ] --END-- [ RunTime:0.000044s ]
ERR: 无法加载模块:Shop

[ 2018-06-27T07:27:46+08:00 ] 220.181.125.86 /index.php?m=shop&c=brand&a=list&m=shop&brand=96&area_id=5&key=3&order=1&gift=0
INFO: [ app_init ] --START--
INFO: Run Behavior\BuildLiteBehavior [ RunTime:0.000011s ]
INFO: [ app_init ] --END-- [ RunTime:0.000046s ]
ERR: 无法加载模块:Shop

[ 2018-06-27T07:28:07+08:00 ] 220.181.125.86 /index.php?m=shop&c=brand&a=list&m=shop&brand=129&area_id=33&order=2&key=3&type=0&gift=1
INFO: [ app_init ] --START--
INFO: Run Behavior\BuildLiteBehavior [ RunTime:0.000011s ]
INFO: [ app_init ] --END-- [ RunTime:0.000044s ]
ERR: 无法加载模块:Shop

[ 2018-06-27T07:28:28+08:00 ] 220.181.125.86 /index.php?m=shop&c=brand&a=list&m=shop&brand=305&area_id=27&key=3&order=2&type=1&gift=1
INFO: [ app_init ] --START--
INFO: Run Behavior\BuildLiteBehavior [ RunTime:0.000011s ]
INFO: [ app_init ] --END-- [ RunTime:0.000048s ]
ERR: 无法加载模块:Shop

[ 2018-06-27T07:28:48+08:00 ] 220.181.125.86 /index.php?m=shop&c=brand&a=list&m=shop&brand=305&area_id=11&key=2&order=2&type=1&gift=1
INFO: [ app_init ] --START--
INFO: Run Behavior\BuildLiteBehavior [ RunTime:0.000009s ]
INFO: [ app_init ] --END-- [ RunTime:0.000044s ]
ERR: 无法加载模块:Shop

[ 2018-06-27T07:29:07+08:00 ] 220.181.125.86 /index.php?m=shop&c=brand&a=list&m=shop&brand=277&order=2&key=3&area_id=18&gift=0
INFO: [ app_init ] --START--
INFO: Run Behavior\BuildLiteBehavior [ RunTime:0.000012s ]
INFO: [ app_init ] --END-- [ RunTime:0.000047s ]
ERR: 无法加载模块:Shop

[ 2018-06-27T07:29:26+08:00 ] 220.181.125.86 /index.php?m=shop&c=brand&a=list&m=shop&brand=306&area_id=35&gift=1&type=1&order=1&key=1
INFO: [ app_init ] --START--
INFO: Run Behavior\BuildLiteBehavior [ RunTime:0.000010s ]
INFO: [ app_init ] --END-- [ RunTime:0.000045s ]
ERR: 无法加载模块:Shop

[ 2018-06-27T07:29:46+08:00 ] 220.181.125.86 /index.php?m=shop&c=brand&a=list&m=shop&brand=306&area_id=23&key=2&order=2&gift=1&type=0
INFO: [ app_init ] --START--
INFO: Run Behavior\BuildLiteBehavior [ RunTime:0.000010s ]
INFO: [ app_init ] --END-- [ RunTime:0.000044s ]
ERR: 无法加载模块:Shop

[ 2018-06-27T07:30:06+08:00 ] 220.181.125.86 /index.php?m=shop&c=brand&a=list&m=shop&brand=305&area_id=33&key=3&order=1&type=0&gift=0
INFO: [ app_init ] --START--
INFO: Run Behavior\BuildLiteBehavior [ RunTime:0.000011s ]
INFO: [ app_init ] --END-- [ RunTime:0.000049s ]
ERR: 无法加载模块:Shop

[ 2018-06-27T07:30:24+08:00 ] 220.181.125.86 /index.php?m=shop&c=brand&a=list&m=shop&brand=277&order=2&key=3&area_id=16&gift=1
INFO: [ app_init ] --START--
INFO: Run Behavior\BuildLiteBehavior [ RunTime:0.000011s ]
INFO: [ app_init ] --END-- [ RunTime:0.000047s ]
ERR: 无法加载模块:Shop

[ 2018-06-27T07:30:43+08:00 ] 220.181.125.86 /index.php?m=shop&c=brand&a=list&m=shop&brand=309&area_id=22&type=1&key=1&order=1&gift=0
INFO: [ app_init ] --START--
INFO: Run Behavior\BuildLiteBehavior [ RunTime:0.000010s ]
INFO: [ app_init ] --END-- [ RunTime:0.000047s ]
ERR: 无法加载模块:Shop

[ 2018-06-27T07:31:05+08:00 ] 220.181.125.86 /index.php?m=shop&c=brand&a=list&m=shop&brand=196&area_id=33&gift=1&key=3&order=2
INFO: [ app_init ] --START--
INFO: Run Behavior\BuildLiteBehavior [ RunTime:0.000010s ]
INFO: [ app_init ] --END-- [ RunTime:0.000045s ]
ERR: 无法加载模块:Shop

[ 2018-06-27T07:31:22+08:00 ] 220.181.125.86 /index.php?m=shop&c=brand&a=list&m=shop&brand=305&area_id=23&key=0&order=0&type=1&gift=1
INFO: [ app_init ] --START--
INFO: Run Behavior\BuildLiteBehavior [ RunTime:0.000010s ]
INFO: [ app_init ] --END-- [ RunTime:0.000042s ]
ERR: 无法加载模块:Shop

[ 2018-06-27T07:31:40+08:00 ] 220.181.125.86 /index.php?m=shop&c=brand&a=list&m=shop&brand=187&order=1&key=2&area_id=15&gift=1&type=1
INFO: [ app_init ] --START--
INFO: Run Behavior\BuildLiteBehavior [ RunTime:0.000010s ]
INFO: [ app_init ] --END-- [ RunTime:0.000045s ]
ERR: 无法加载模块:Shop

[ 2018-06-27T07:31:59+08:00 ] 220.181.125.86 /index.php?m=shop&c=brand&a=list&m=shop&brand=309&area_id=26&type=1&key=2&order=2&gift=0
INFO: [ app_init ] --START--
INFO: Run Behavior\BuildLiteBehavior [ RunTime:0.000011s ]
INFO: [ app_init ] --END-- [ RunTime:0.000045s ]
ERR: 无法加载模块:Shop

[ 2018-06-27T07:32:17+08:00 ] 220.181.125.86 /index.php?m=shop&c=brand&a=list&m=shop&brand=129&area_id=16&order=0&key=0&type=0&gift=1
INFO: [ app_init ] --START--
INFO: Run Behavior\BuildLiteBehavior [ RunTime:0.000023s ]
INFO: [ app_init ] --END-- [ RunTime:0.000073s ]
ERR: 无法加载模块:Shop

[ 2018-06-27T07:32:37+08:00 ] 220.181.125.86 /index.php?m=shop&c=brand&a=list&m=shop&brand=96&area_id=16&key=3&order=1&gift=0
INFO: [ app_init ] --START--
INFO: Run Behavior\BuildLiteBehavior [ RunTime:0.000009s ]
INFO: [ app_init ] --END-- [ RunTime:0.000040s ]
ERR: 无法加载模块:Shop

[ 2018-06-27T07:32:54+08:00 ] 220.181.125.86 /index.php?m=shop&c=brand&a=list&m=shop&brand=305&key=1&order=2&area_id=24&type=0&gift=0
INFO: [ app_init ] --START--
INFO: Run Behavior\BuildLiteBehavior [ RunTime:0.000010s ]
INFO: [ app_init ] --END-- [ RunTime:0.000042s ]
ERR: 无法加载模块:Shop

[ 2018-06-27T07:33:14+08:00 ] 220.181.125.86 /index.php?m=shop&c=brand&a=list&m=shop&brand=277&order=2&key=3&area_id=24&gift=0
INFO: [ app_init ] --START--
INFO: Run Behavior\BuildLiteBehavior [ RunTime:0.000011s ]
INFO: [ app_init ] --END-- [ RunTime:0.000047s ]
ERR: 无法加载模块:Shop

[ 2018-06-27T07:33:32+08:00 ] 220.181.125.86 /index.php?m=shop&c=brand&a=list&m=shop&brand=306&area_id=0&gift=1&type=1&order=1&key=1
INFO: [ app_init ] --START--
INFO: Run Behavior\BuildLiteBehavior [ RunTime:0.000010s ]
INFO: [ app_init ] --END-- [ RunTime:0.000047s ]
ERR: 无法加载模块:Shop

[ 2018-06-27T07:33:50+08:00 ] 220.181.125.86 /index.php?m=shop&c=brand&a=list&m=shop&brand=306&area_id=12&key=3&order=1&gift=0&type=0
INFO: [ app_init ] --START--
INFO: Run Behavior\BuildLiteBehavior [ RunTime:0.000011s ]
INFO: [ app_init ] --END-- [ RunTime:0.000056s ]
ERR: 无法加载模块:Shop

[ 2018-06-27T07:34:07+08:00 ] 220.181.125.86 /index.php?m=shop&c=brand&a=list&m=shop&brand=305&area_id=6&key=3&order=1&type=1&gift=0
INFO: [ app_init ] --START--
INFO: Run Behavior\BuildLiteBehavior [ RunTime:0.000014s ]
INFO: [ app_init ] --END-- [ RunTime:0.000061s ]
ERR: 无法加载模块:Shop

[ 2018-06-27T07:34:24+08:00 ] 220.181.125.86 /index.php?m=shop&c=brand&a=list&m=shop&brand=196&area_id=25&key=0&order=0&gift=1
INFO: [ app_init ] --START--
INFO: Run Behavior\BuildLiteBehavior [ RunTime:0.000010s ]
INFO: [ app_init ] --END-- [ RunTime:0.000058s ]
ERR: 无法加载模块:Shop

[ 2018-06-27T07:34:40+08:00 ] 220.181.125.86 /index.php?m=shop&c=brand&a=list&m=shop&brand=309&area_id=25&type=0&key=0&order=0
INFO: [ app_init ] --START--
INFO: Run Behavior\BuildLiteBehavior [ RunTime:0.000010s ]
INFO: [ app_init ] --END-- [ RunTime:0.000044s ]
ERR: 无法加载模块:Shop

[ 2018-06-27T07:34:56+08:00 ] 220.181.125.86 /index.php?m=shop&c=brand&a=list&m=shop&brand=306&area_id=21&gift=1&type=1&order=1&key=1
INFO: [ app_init ] --START--
INFO: Run Behavior\BuildLiteBehavior [ RunTime:0.000011s ]
INFO: [ app_init ] --END-- [ RunTime:0.000048s ]
ERR: 无法加载模块:Shop

[ 2018-06-27T07:35:13+08:00 ] 220.181.125.86 /index.php?m=shop&c=brand&a=list&m=shop&brand=306&area_id=1&gift=1&type=1&order=1&key=1
INFO: [ app_init ] --START--
INFO: Run Behavior\BuildLiteBehavior [ RunTime:0.000009s ]
INFO: [ app_init ] --END-- [ RunTime:0.000055s ]
ERR: 无法加载模块:Shop

[ 2018-06-27T07:35:29+08:00 ] 220.181.125.86 /index.php?m=shop&c=brand&a=list&m=shop&brand=306&area_id=13&key=1&order=2&gift=0&type=1
INFO: [ app_init ] --START--
INFO: Run Behavior\BuildLiteBehavior [ RunTime:0.000011s ]
INFO: [ app_init ] --END-- [ RunTime:0.000047s ]
ERR: 无法加载模块:Shop

[ 2018-06-27T07:35:45+08:00 ] 220.181.125.86 /index.php?m=shop&c=brand&a=list&m=shop&brand=306&area_id=29&key=3&order=2&type=0&gift=1
INFO: [ app_init ] --START--
INFO: Run Behavior\BuildLiteBehavior [ RunTime:0.000012s ]
INFO: [ app_init ] --END-- [ RunTime:0.000049s ]
ERR: 无法加载模块:Shop

[ 2018-06-27T07:36:01+08:00 ] 220.181.125.86 /index.php?m=shop&c=brand&a=list&m=shop&brand=305&area_id=1&key=3&order=1&type=1&gift=0
INFO: [ app_init ] --START--
INFO: Run Behavior\BuildLiteBehavior [ RunTime:0.000011s ]
INFO: [ app_init ] --END-- [ RunTime:0.000045s ]
ERR: 无法加载模块:Shop

[ 2018-06-27T07:36:17+08:00 ] 220.181.125.86 /index.php?m=shop&c=brand&a=list&m=shop&brand=309&area_id=26&type=1&key=0&order=0
INFO: [ app_init ] --START--
INFO: Run Behavior\BuildLiteBehavior [ RunTime:0.000011s ]
INFO: [ app_init ] --END-- [ RunTime:0.000048s ]
ERR: 无法加载模块:Shop

[ 2018-06-27T07:36:33+08:00 ] 220.181.125.86 /index.php?m=shop&c=brand&a=list&m=shop&brand=305&area_id=17&key=1&order=2&type=1&gift=1
INFO: [ app_init ] --START--
INFO: Run Behavior\BuildLiteBehavior [ RunTime:0.000009s ]
INFO: [ app_init ] --END-- [ RunTime:0.000045s ]
ERR: 无法加载模块:Shop

[ 2018-06-27T07:36:49+08:00 ] 220.181.125.86 /index.php?m=shop&c=brand&a=list&m=shop&brand=187&order=1&key=1&area_id=20&gift=0&type=1
INFO: [ app_init ] --START--
INFO: Run Behavior\BuildLiteBehavior [ RunTime:0.000010s ]
INFO: [ app_init ] --END-- [ RunTime:0.000045s ]
ERR: 无法加载模块:Shop

[ 2018-06-27T07:37:04+08:00 ] 220.181.125.86 /index.php?m=shop&c=brand&a=list&m=shop&brand=309&area_id=16&type=1&key=1&order=2
INFO: [ app_init ] --START--
INFO: Run Behavior\BuildLiteBehavior [ RunTime:0.000010s ]
INFO: [ app_init ] --END-- [ RunTime:0.000045s ]
ERR: 无法加载模块:Shop

[ 2018-06-27T07:37:23+08:00 ] 220.181.125.86 /index.php?m=shop&c=brand&a=list&m=shop&brand=196&area_id=2&gift=1&order=2&key=2
INFO: [ app_init ] --START--
INFO: Run Behavior\BuildLiteBehavior [ RunTime:0.000010s ]
INFO: [ app_init ] --END-- [ RunTime:0.000056s ]
ERR: 无法加载模块:Shop

[ 2018-06-27T07:37:39+08:00 ] 220.181.125.86 /index.php?m=shop&c=brand&a=list&m=shop&brand=305&area_id=2&key=2&order=2&type=1&gift=1
INFO: [ app_init ] --START--
INFO: Run Behavior\BuildLiteBehavior [ RunTime:0.000011s ]
INFO: [ app_init ] --END-- [ RunTime:0.000048s ]
ERR: 无法加载模块:Shop

[ 2018-06-27T07:37:55+08:00 ] 220.181.125.86 /index.php?m=shop&c=brand&a=list&m=shop&brand=335&area_id=17&order=2&key=1&gift=1
INFO: [ app_init ] --START--
INFO: Run Behavior\BuildLiteBehavior [ RunTime:0.000011s ]
INFO: [ app_init ] --END-- [ RunTime:0.000046s ]
ERR: 无法加载模块:Shop

[ 2018-06-27T07:38:12+08:00 ] 220.181.125.86 /index.php?m=shop&c=brand&a=list&m=shop&brand=317&area_id=3&type=1&order=2&key=2&gift=0
INFO: [ app_init ] --START--
INFO: Run Behavior\BuildLiteBehavior [ RunTime:0.000011s ]
INFO: [ app_init ] --END-- [ RunTime:0.000048s ]
ERR: 无法加载模块:Shop

[ 2018-06-27T07:38:27+08:00 ] 220.181.125.86 /index.php?m=shop&c=brand&a=list&m=shop&brand=277&order=1&key=1&area_id=8&gift=0&type=0
INFO: [ app_init ] --START--
INFO: Run Behavior\BuildLiteBehavior [ RunTime:0.000010s ]
INFO: [ app_init ] --END-- [ RunTime:0.000045s ]
ERR: 无法加载模块:Shop

[ 2018-06-27T07:38:41+08:00 ] 220.181.125.86 /index.php?m=shop&c=brand&a=list&m=shop&brand=196&area_id=13&key=0&order=0&gift=1
INFO: [ app_init ] --START--
INFO: Run Behavior\BuildLiteBehavior [ RunTime:0.000009s ]
INFO: [ app_init ] --END-- [ RunTime:0.000043s ]
ERR: 无法加载模块:Shop

[ 2018-06-27T07:38:56+08:00 ] 220.181.125.86 /index.php?m=shop&c=brand&a=list&m=shop&brand=89&key=1&order=1&area_id=27&gift=1&type=1
INFO: [ app_init ] --START--
INFO: Run Behavior\BuildLiteBehavior [ RunTime:0.000010s ]
INFO: [ app_init ] --END-- [ RunTime:0.000053s ]
ERR: 无法加载模块:Shop

[ 2018-06-27T07:39:12+08:00 ] 220.181.125.86 /index.php?m=shop&c=brand&a=list&m=shop&brand=306&area_id=1&gift=1&type=0&order=2&key=1
INFO: [ app_init ] --START--
INFO: Run Behavior\BuildLiteBehavior [ RunTime:0.000010s ]
INFO: [ app_init ] --END-- [ RunTime:0.000044s ]
ERR: 无法加载模块:Shop

[ 2018-06-27T07:39:27+08:00 ] 220.181.125.86 /index.php?m=shop&c=brand&a=list&m=shop&brand=96&area_id=34&key=2&order=2&gift=1
INFO: [ app_init ] --START--
INFO: Run Behavior\BuildLiteBehavior [ RunTime:0.000012s ]
INFO: [ app_init ] --END-- [ RunTime:0.000059s ]
ERR: 无法加载模块:Shop

[ 2018-06-27T07:39:41+08:00 ] 220.181.125.86 /index.php?m=shop&c=brand&a=list&m=shop&brand=348&area_id=12&order=1&key=2&gift=1&type=0
INFO: [ app_init ] --START--
INFO: Run Behavior\BuildLiteBehavior [ RunTime:0.000010s ]
INFO: [ app_init ] --END-- [ RunTime:0.000044s ]
ERR: 无法加载模块:Shop

[ 2018-06-27T07:39:56+08:00 ] 220.181.125.86 /index.php?m=shop&c=brand&a=list&m=shop&brand=96&area_id=17&key=2&order=2&gift=1
INFO: [ app_init ] --START--
INFO: Run Behavior\BuildLiteBehavior [ RunTime:0.000010s ]
INFO: [ app_init ] --END-- [ RunTime:0.000048s ]
ERR: 无法加载模块:Shop

[ 2018-06-27T07:40:11+08:00 ] 220.181.125.86 /index.php?m=shop&c=brand&a=list&m=shop&brand=277&order=0&key=0&area_id=34
INFO: [ app_init ] --START--
INFO: Run Behavior\BuildLiteBehavior [ RunTime:0.000012s ]
INFO: [ app_init ] --END-- [ RunTime:0.000056s ]
ERR: 无法加载模块:Shop

[ 2018-06-27T07:40:25+08:00 ] 220.181.125.86 /index.php?m=shop&c=brand&a=list&m=shop&brand=250&area_id=25&key=3&order=2
INFO: [ app_init ] --START--
INFO: Run Behavior\BuildLiteBehavior [ RunTime:0.000010s ]
INFO: [ app_init ] --END-- [ RunTime:0.000045s ]
ERR: 无法加载模块:Shop

[ 2018-06-27T07:40:39+08:00 ] 220.181.125.86 /index.php?m=shop&c=brand&a=list&m=shop&brand=278&area_id=33&order=0&key=0
INFO: [ app_init ] --START--
INFO: Run Behavior\BuildLiteBehavior [ RunTime:0.000021s ]
INFO: [ app_init ] --END-- [ RunTime:0.000057s ]
ERR: 无法加载模块:Shop

[ 2018-06-27T07:40:54+08:00 ] 220.181.125.86 /index.php?m=shop&c=brand&a=list&m=shop&brand=250&area_id=21&key=3&order=2
INFO: [ app_init ] --START--
INFO: Run Behavior\BuildLiteBehavior [ RunTime:0.000011s ]
INFO: [ app_init ] --END-- [ RunTime:0.000051s ]
ERR: 无法加载模块:Shop

[ 2018-06-27T07:41:08+08:00 ] 220.181.125.86 /index.php?m=shop&c=brand&a=list&m=shop&brand=248&area_id=17&order=0&key=0
INFO: [ app_init ] --START--
INFO: Run Behavior\BuildLiteBehavior [ RunTime:0.000010s ]
INFO: [ app_init ] --END-- [ RunTime:0.000044s ]
ERR: 无法加载模块:Shop

[ 2018-06-27T08:46:14+08:00 ] 203.208.60.162 /index.php?m=shop&c=goods&a=comments_list&goods_id=100135
INFO: [ app_init ] --START--
INFO: Run Behavior\BuildLiteBehavior [ RunTime:0.000012s ]
INFO: [ app_init ] --END-- [ RunTime:0.000047s ]
ERR: 无法加载模块:Shop

[ 2018-06-27T17:32:54+08:00 ] 220.181.125.86 /index.php?m=shop&c=brand&a=list&m=shop&brand=268&key=3&order=2&gift=0&area_id=25&type=1
INFO: [ app_init ] --START--
INFO: Run Behavior\BuildLiteBehavior [ RunTime:0.000011s ]
INFO: [ app_init ] --END-- [ RunTime:0.000046s ]
ERR: 无法加载模块:Shop

[ 2018-06-27T17:33:27+08:00 ] 220.181.125.86 /index.php?m=shop&c=brand&a=list&m=shop&brand=335&area_id=29&key=1&order=1&type=1
INFO: [ app_init ] --START--
INFO: Run Behavior\BuildLiteBehavior [ RunTime:0.000010s ]
INFO: [ app_init ] --END-- [ RunTime:0.000044s ]
ERR: 无法加载模块:Shop

[ 2018-06-27T17:34:02+08:00 ] 220.181.125.86 /index.php?m=shop&c=brand&a=list&m=shop&brand=317&area_id=1&type=1&key=1&order=2
INFO: [ app_init ] --START--
INFO: Run Behavior\BuildLiteBehavior [ RunTime:0.000021s ]
INFO: [ app_init ] --END-- [ RunTime:0.000055s ]
ERR: 无法加载模块:Shop

[ 2018-06-27T17:34:40+08:00 ] 220.181.125.86 /index.php?m=shop&c=brand&a=list&m=shop&brand=268&key=3&order=1&gift=0&area_id=33
INFO: [ app_init ] --START--
INFO: Run Behavior\BuildLiteBehavior [ RunTime:0.000011s ]
INFO: [ app_init ] --END-- [ RunTime:0.000049s ]
ERR: 无法加载模块:Shop

[ 2018-06-27T17:35:23+08:00 ] 220.181.125.86 /index.php?m=shop&c=brand&a=list&m=shop&brand=317&area_id=26&type=1&key=1&order=2
INFO: [ app_init ] --START--
INFO: Run Behavior\BuildLiteBehavior [ RunTime:0.000011s ]
INFO: [ app_init ] --END-- [ RunTime:0.000048s ]
ERR: 无法加载模块:Shop

[ 2018-06-27T17:38:53+08:00 ] 220.181.125.86 /index.php?m=shop&c=brand&a=list&m=shop&brand=277&order=2&key=2&area_id=15&gift=1
INFO: [ app_init ] --START--
INFO: Run Behavior\BuildLiteBehavior [ RunTime:0.000010s ]
INFO: [ app_init ] --END-- [ RunTime:0.000046s ]
ERR: 无法加载模块:Shop

[ 2018-06-27T17:39:53+08:00 ] 220.181.125.86 /index.php?m=shop&c=brand&a=list&m=shop&brand=277&order=0&key=0&area_id=19&gift=0
INFO: [ app_init ] --START--
INFO: Run Behavior\BuildLiteBehavior [ RunTime:0.000011s ]
INFO: [ app_init ] --END-- [ RunTime:0.000045s ]
ERR: 无法加载模块:Shop

[ 2018-06-27T17:40:32+08:00 ] 220.181.125.86 /index.php?m=shop&c=brand&a=list&m=shop&brand=335&area_id=12&key=1&order=2&type=1
INFO: [ app_init ] --START--
INFO: Run Behavior\BuildLiteBehavior [ RunTime:0.000011s ]
INFO: [ app_init ] --END-- [ RunTime:0.000046s ]
ERR: 无法加载模块:Shop

[ 2018-06-27T17:41:08+08:00 ] 220.181.125.86 /index.php?m=shop&c=brand&a=list&m=shop&brand=348&area_id=13&order=2&key=1&gift=1
INFO: [ app_init ] --START--
INFO: Run Behavior\BuildLiteBehavior [ RunTime:0.000012s ]
INFO: [ app_init ] --END-- [ RunTime:0.000055s ]
ERR: 无法加载模块:Shop

[ 2018-06-27T17:41:45+08:00 ] 220.181.125.86 /index.php?m=shop&c=brand&a=list&m=shop&brand=335&area_id=21&key=1&order=2&type=1
INFO: [ app_init ] --START--
INFO: Run Behavior\BuildLiteBehavior [ RunTime:0.000011s ]
INFO: [ app_init ] --END-- [ RunTime:0.000049s ]
ERR: 无法加载模块:Shop

[ 2018-06-27T17:42:18+08:00 ] 220.181.125.86 /index.php?m=shop&c=brand&a=list&m=shop&brand=335&area_id=34&key=1&order=2&type=1
INFO: [ app_init ] --START--
INFO: Run Behavior\BuildLiteBehavior [ RunTime:0.000011s ]
INFO: [ app_init ] --END-- [ RunTime:0.000047s ]
ERR: 无法加载模块:Shop

[ 2018-06-27T17:42:54+08:00 ] 220.181.125.86 /index.php?m=shop&c=brand&a=list&m=shop&brand=345&key=3&order=2&area_id=21&gift=1
INFO: [ app_init ] --START--
INFO: Run Behavior\BuildLiteBehavior [ RunTime:0.000010s ]
INFO: [ app_init ] --END-- [ RunTime:0.000059s ]
ERR: 无法加载模块:Shop

[ 2018-06-27T17:43:27+08:00 ] 220.181.125.86 /index.php?m=shop&c=brand&a=list&m=shop&brand=345&type=1&area_id=25&key=2&order=2
INFO: [ app_init ] --START--
INFO: Run Behavior\BuildLiteBehavior [ RunTime:0.000009s ]
INFO: [ app_init ] --END-- [ RunTime:0.000046s ]
ERR: 无法加载模块:Shop

[ 2018-06-27T17:43:56+08:00 ] 220.181.125.86 /index.php?m=shop&c=brand&a=list&m=shop&brand=89&area_id=2&order=0&key=0&gift=0
INFO: [ app_init ] --START--
INFO: Run Behavior\BuildLiteBehavior [ RunTime:0.000014s ]
INFO: [ app_init ] --END-- [ RunTime:0.000063s ]
ERR: 无法加载模块:Shop

[ 2018-06-27T17:44:27+08:00 ] 220.181.125.86 /index.php?m=shop&c=brand&a=list&m=shop&brand=345&key=3&order=2&area_id=2&gift=1
INFO: [ app_init ] --START--
INFO: Run Behavior\BuildLiteBehavior [ RunTime:0.000011s ]
INFO: [ app_init ] --END-- [ RunTime:0.000047s ]
ERR: 无法加载模块:Shop

[ 2018-06-27T17:44:55+08:00 ] 220.181.125.86 /index.php?m=shop&c=brand&a=list&m=shop&brand=359&type=1&area_id=5&key=2&order=2&gift=1
INFO: [ app_init ] --START--
INFO: Run Behavior\BuildLiteBehavior [ RunTime:0.000010s ]
INFO: [ app_init ] --END-- [ RunTime:0.000046s ]
ERR: 无法加载模块:Shop

[ 2018-06-27T17:45:26+08:00 ] 220.181.125.86 /index.php?m=shop&c=brand&a=list&m=shop&brand=96&area_id=22&key=3&order=1&type=1
INFO: [ app_init ] --START--
INFO: Run Behavior\BuildLiteBehavior [ RunTime:0.000011s ]
INFO: [ app_init ] --END-- [ RunTime:0.000046s ]
ERR: 无法加载模块:Shop

[ 2018-06-27T17:45:51+08:00 ] 220.181.125.86 /index.php?m=shop&c=brand&a=list&m=shop&brand=338&order=0&key=0&area_id=24&type=1
INFO: [ app_init ] --START--
INFO: Run Behavior\BuildLiteBehavior [ RunTime:0.000011s ]
INFO: [ app_init ] --END-- [ RunTime:0.000047s ]
ERR: 无法加载模块:Shop

[ 2018-06-27T17:46:17+08:00 ] 220.181.125.86 /index.php?m=shop&c=brand&a=list&m=shop&brand=89&area_id=3&order=0&key=0&type=1
INFO: [ app_init ] --START--
INFO: Run Behavior\BuildLiteBehavior [ RunTime:0.000010s ]
INFO: [ app_init ] --END-- [ RunTime:0.000045s ]
ERR: 无法加载模块:Shop

[ 2018-06-27T17:46:44+08:00 ] 220.181.125.86 /index.php?m=shop&c=brand&a=list&m=shop&brand=359&area_id=3&key=1&order=2&gift=1&type=1
INFO: [ app_init ] --START--
INFO: Run Behavior\BuildLiteBehavior [ RunTime:0.000009s ]
INFO: [ app_init ] --END-- [ RunTime:0.000045s ]
ERR: 无法加载模块:Shop

[ 2018-06-27T17:47:09+08:00 ] 220.181.125.86 /index.php?m=shop&c=brand&a=list&m=shop&brand=305&type=1
INFO: [ app_init ] --START--
INFO: Run Behavior\BuildLiteBehavior [ RunTime:0.000010s ]
INFO: [ app_init ] --END-- [ RunTime:0.000042s ]
ERR: 无法加载模块:Shop

[ 2018-06-27T17:47:35+08:00 ] 220.181.125.86 /index.php?m=shop&c=brand&a=list&m=shop&brand=277&gift=1
INFO: [ app_init ] --START--
INFO: Run Behavior\BuildLiteBehavior [ RunTime:0.000011s ]
INFO: [ app_init ] --END-- [ RunTime:0.000046s ]
ERR: 无法加载模块:Shop

[ 2018-06-27T17:48:01+08:00 ] 220.181.125.86 /index.php?m=shop&c=brand&a=list&m=shop&brand=89&area_id=7&order=0&key=0&gift=0
INFO: [ app_init ] --START--
INFO: Run Behavior\BuildLiteBehavior [ RunTime:0.000012s ]
INFO: [ app_init ] --END-- [ RunTime:0.000061s ]
ERR: 无法加载模块:Shop

[ 2018-06-27T17:48:27+08:00 ] 220.181.125.86 /index.php?m=shop&c=brand&a=list&m=shop&brand=338&order=2&key=3&area_id=2&type=1
INFO: [ app_init ] --START--
INFO: Run Behavior\BuildLiteBehavior [ RunTime:0.000009s ]
INFO: [ app_init ] --END-- [ RunTime:0.000040s ]
ERR: 无法加载模块:Shop

[ 2018-06-27T17:48:54+08:00 ] 220.181.125.86 /index.php?m=shop&c=brand&a=list&m=shop&brand=89&area_id=30&order=0&key=0&gift=0
INFO: [ app_init ] --START--
INFO: Run Behavior\BuildLiteBehavior [ RunTime:0.000011s ]
INFO: [ app_init ] --END-- [ RunTime:0.000059s ]
ERR: 无法加载模块:Shop

[ 2018-06-27T17:49:17+08:00 ] 220.181.125.86 /index.php?m=shop&c=brand&a=list&m=shop&brand=335&area_id=14&order=2&key=3&type=1
INFO: [ app_init ] --START--
INFO: Run Behavior\BuildLiteBehavior [ RunTime:0.000010s ]
INFO: [ app_init ] --END-- [ RunTime:0.000045s ]
ERR: 无法加载模块:Shop

[ 2018-06-27T17:49:40+08:00 ] 220.181.125.86 /index.php?m=shop&c=brand&a=list&m=shop&brand=89&area_id=18&order=0&key=0&gift=0
INFO: [ app_init ] --START--
INFO: Run Behavior\BuildLiteBehavior [ RunTime:0.000010s ]
INFO: [ app_init ] --END-- [ RunTime:0.000042s ]
ERR: 无法加载模块:Shop

[ 2018-06-27T17:50:02+08:00 ] 220.181.125.86 /index.php?m=shop&c=brand&a=list&m=shop&brand=359&area_id=4&key=1&order=2&gift=0
INFO: [ app_init ] --START--
INFO: Run Behavior\BuildLiteBehavior [ RunTime:0.000010s ]
INFO: [ app_init ] --END-- [ RunTime:0.000046s ]
ERR: 无法加载模块:Shop

[ 2018-06-27T17:50:26+08:00 ] 220.181.125.86 /index.php?m=shop&c=brand&a=list&m=shop&brand=277&gift=1&area_id=16&key=3&order=2
INFO: [ app_init ] --START--
INFO: Run Behavior\BuildLiteBehavior [ RunTime:0.000011s ]
INFO: [ app_init ] --END-- [ RunTime:0.000050s ]
ERR: 无法加载模块:Shop

[ 2018-06-27T17:50:48+08:00 ] 220.181.125.86 /index.php?m=shop&c=brand&a=list&m=shop&brand=277&gift=1&area_id=33&key=3&order=2&type=1
INFO: [ app_init ] --START--
INFO: Run Behavior\BuildLiteBehavior [ RunTime:0.000011s ]
INFO: [ app_init ] --END-- [ RunTime:0.000045s ]
ERR: 无法加载模块:Shop

[ 2018-06-27T17:51:12+08:00 ] 220.181.125.86 /index.php?m=shop&c=brand&a=list&m=shop&brand=333&order=2&key=3&area_id=4&gift=1
INFO: [ app_init ] --START--
INFO: Run Behavior\BuildLiteBehavior [ RunTime:0.000010s ]
INFO: [ app_init ] --END-- [ RunTime:0.000045s ]
ERR: 无法加载模块:Shop

[ 2018-06-27T17:51:33+08:00 ] 220.181.125.86 /index.php?m=shop&c=brand&a=list&m=shop&brand=89&key=1&order=2&area_id=22&gift=1
INFO: [ app_init ] --START--
INFO: Run Behavior\BuildLiteBehavior [ RunTime:0.000010s ]
INFO: [ app_init ] --END-- [ RunTime:0.000045s ]
ERR: 无法加载模块:Shop

[ 2018-06-27T17:51:55+08:00 ] 220.181.125.86 /index.php?m=shop&c=brand&a=list&m=shop&brand=359&area_id=3&key=3&order=2&gift=1
INFO: [ app_init ] --START--
INFO: Run Behavior\BuildLiteBehavior [ RunTime:0.000010s ]
INFO: [ app_init ] --END-- [ RunTime:0.000048s ]
ERR: 无法加载模块:Shop

[ 2018-06-27T17:52:19+08:00 ] 220.181.125.86 /index.php?m=shop&c=brand&a=list&m=shop&brand=89&area_id=8&order=0&key=0&gift=1&type=1
INFO: [ app_init ] --START--
INFO: Run Behavior\BuildLiteBehavior [ RunTime:0.000013s ]
INFO: [ app_init ] --END-- [ RunTime:0.000049s ]
ERR: 无法加载模块:Shop

[ 2018-06-27T17:52:42+08:00 ] 220.181.125.86 /index.php?m=shop&c=brand&a=list&m=shop&brand=348&area_id=20&type=1&key=2&order=2
INFO: [ app_init ] --START--
INFO: Run Behavior\BuildLiteBehavior [ RunTime:0.000013s ]
INFO: [ app_init ] --END-- [ RunTime:0.000074s ]
ERR: 无法加载模块:Shop

[ 2018-06-27T17:53:06+08:00 ] 220.181.125.86 /index.php?m=shop&c=brand&a=list&m=shop&brand=305&area_id=8&key=0&order=0&type=1
INFO: [ app_init ] --START--
INFO: Run Behavior\BuildLiteBehavior [ RunTime:0.000011s ]
INFO: [ app_init ] --END-- [ RunTime:0.000049s ]
ERR: 无法加载模块:Shop

[ 2018-06-27T17:53:28+08:00 ] 220.181.125.86 /index.php?m=shop&c=brand&a=list&m=shop&brand=305&key=3&order=2&area_id=5&type=1
INFO: [ app_init ] --START--
INFO: Run Behavior\BuildLiteBehavior [ RunTime:0.000011s ]
INFO: [ app_init ] --END-- [ RunTime:0.000045s ]
ERR: 无法加载模块:Shop

[ 2018-06-27T17:53:50+08:00 ] 220.181.125.86 /index.php?m=shop&c=brand&a=list&m=shop&brand=359&type=0&key=1&order=2&area_id=27
INFO: [ app_init ] --START--
INFO: Run Behavior\BuildLiteBehavior [ RunTime:0.000011s ]
INFO: [ app_init ] --END-- [ RunTime:0.000054s ]
ERR: 无法加载模块:Shop

[ 2018-06-27T17:54:11+08:00 ] 220.181.125.86 /index.php?m=shop&c=brand&a=list&m=shop&brand=277&order=0&key=0&area_id=30&gift=1
INFO: [ app_init ] --START--
INFO: Run Behavior\BuildLiteBehavior [ RunTime:0.000011s ]
INFO: [ app_init ] --END-- [ RunTime:0.000055s ]
ERR: 无法加载模块:Shop

[ 2018-06-27T17:54:33+08:00 ] 220.181.125.86 /index.php?m=shop&c=brand&a=list&m=shop&brand=277&gift=1&area_id=30&key=3&order=2
INFO: [ app_init ] --START--
INFO: Run Behavior\BuildLiteBehavior [ RunTime:0.000010s ]
INFO: [ app_init ] --END-- [ RunTime:0.000048s ]
ERR: 无法加载模块:Shop

[ 2018-06-27T17:54:54+08:00 ] 220.181.125.86 /index.php?m=shop&c=brand&a=list&m=shop&brand=306&area_id=14&key=3&order=1&type=1
INFO: [ app_init ] --START--
INFO: Run Behavior\BuildLiteBehavior [ RunTime:0.000009s ]
INFO: [ app_init ] --END-- [ RunTime:0.000044s ]
ERR: 无法加载模块:Shop

[ 2018-06-27T17:55:16+08:00 ] 220.181.125.86 /index.php?m=shop&c=brand&a=list&m=shop&brand=359&type=1&area_id=21&key=2&order=1
INFO: [ app_init ] --START--
INFO: Run Behavior\BuildLiteBehavior [ RunTime:0.000011s ]
INFO: [ app_init ] --END-- [ RunTime:0.000046s ]
ERR: 无法加载模块:Shop

[ 2018-06-27T17:55:37+08:00 ] 220.181.125.86 /index.php?m=shop&c=brand&a=list&m=shop&brand=317&area_id=18&type=0&key=3&order=2
INFO: [ app_init ] --START--
INFO: Run Behavior\BuildLiteBehavior [ RunTime:0.000009s ]
INFO: [ app_init ] --END-- [ RunTime:0.000043s ]
ERR: 无法加载模块:Shop

[ 2018-06-27T17:55:57+08:00 ] 220.181.125.86 /index.php?m=shop&c=brand&a=list&m=shop&brand=348&area_id=9&order=2&key=1
INFO: [ app_init ] --START--
INFO: Run Behavior\BuildLiteBehavior [ RunTime:0.000022s ]
INFO: [ app_init ] --END-- [ RunTime:0.000072s ]
ERR: 无法加载模块:Shop

[ 2018-06-27T17:56:17+08:00 ] 220.181.125.86 /index.php?m=shop&c=brand&a=list&m=shop&brand=306&area_id=7&key=3&order=1
INFO: [ app_init ] --START--
INFO: Run Behavior\BuildLiteBehavior [ RunTime:0.000011s ]
INFO: [ app_init ] --END-- [ RunTime:0.000055s ]
ERR: 无法加载模块:Shop

[ 2018-06-27T17:56:36+08:00 ] 220.181.125.86 /index.php?m=shop&c=brand&a=list&m=shop&brand=226&key=3&order=2&area_id=3
INFO: [ app_init ] --START--
INFO: Run Behavior\BuildLiteBehavior [ RunTime:0.000011s ]
INFO: [ app_init ] --END-- [ RunTime:0.000054s ]
ERR: 无法加载模块:Shop

[ 2018-06-27T17:56:57+08:00 ] 220.181.125.86 /index.php?m=shop&c=brand&a=list&m=shop&brand=305&key=3&order=2&type=1&area_id=10
INFO: [ app_init ] --START--
INFO: Run Behavior\BuildLiteBehavior [ RunTime:0.000011s ]
INFO: [ app_init ] --END-- [ RunTime:0.000046s ]
ERR: 无法加载模块:Shop

[ 2018-06-27T17:57:17+08:00 ] 220.181.125.86 /index.php?m=shop&c=brand&a=list&m=shop&brand=317&area_id=6&type=1&gift=1
INFO: [ app_init ] --START--
INFO: Run Behavior\BuildLiteBehavior [ RunTime:0.000011s ]
INFO: [ app_init ] --END-- [ RunTime:0.000045s ]
ERR: 无法加载模块:Shop

[ 2018-06-27T17:57:37+08:00 ] 220.181.125.86 /index.php?m=shop&c=brand&a=list&m=shop&brand=277&order=2&key=3&area_id=0
INFO: [ app_init ] --START--
INFO: Run Behavior\BuildLiteBehavior [ RunTime:0.000011s ]
INFO: [ app_init ] --END-- [ RunTime:0.000048s ]
ERR: 无法加载模块:Shop

[ 2018-06-27T17:57:57+08:00 ] 220.181.125.86 /index.php?m=shop&c=brand&a=list&m=shop&brand=226&key=3&order=2&area_id=2
INFO: [ app_init ] --START--
INFO: Run Behavior\BuildLiteBehavior [ RunTime:0.000010s ]
INFO: [ app_init ] --END-- [ RunTime:0.000044s ]
ERR: 无法加载模块:Shop

[ 2018-06-27T17:58:16+08:00 ] 220.181.125.86 /index.php?m=shop&c=brand&a=list&m=shop&brand=306&area_id=6&gift=1&type=1
INFO: [ app_init ] --START--
INFO: Run Behavior\BuildLiteBehavior [ RunTime:0.000011s ]
INFO: [ app_init ] --END-- [ RunTime:0.000046s ]
ERR: 无法加载模块:Shop

[ 2018-06-27T17:58:34+08:00 ] 220.181.125.86 /index.php?m=shop&c=brand&a=list&m=shop&brand=305&area_id=8&key=2&order=2
INFO: [ app_init ] --START--
INFO: Run Behavior\BuildLiteBehavior [ RunTime:0.000009s ]
INFO: [ app_init ] --END-- [ RunTime:0.000043s ]
ERR: 无法加载模块:Shop

[ 2018-06-27T17:58:52+08:00 ] 220.181.125.86 /index.php?m=shop&c=brand&a=list&m=shop&brand=335&area_id=6&gift=1&type=1
INFO: [ app_init ] --START--
INFO: Run Behavior\BuildLiteBehavior [ RunTime:0.000011s ]
INFO: [ app_init ] --END-- [ RunTime:0.000045s ]
ERR: 无法加载模块:Shop

[ 2018-06-27T17:59:10+08:00 ] 220.181.125.86 /index.php?m=shop&c=brand&a=list&m=shop&brand=338&order=2&key=3&area_id=2
INFO: [ app_init ] --START--
INFO: Run Behavior\BuildLiteBehavior [ RunTime:0.000010s ]
INFO: [ app_init ] --END-- [ RunTime:0.000049s ]
ERR: 无法加载模块:Shop

[ 2018-06-27T17:59:27+08:00 ] 220.181.125.86 /index.php?m=shop&c=brand&a=list&m=shop&brand=187&order=1&key=1&area_id=28&gift=0&type=1
INFO: [ app_init ] --START--
INFO: Run Behavior\BuildLiteBehavior [ RunTime:0.000010s ]
INFO: [ app_init ] --END-- [ RunTime:0.000047s ]
ERR: 无法加载模块:Shop

[ 2018-06-27T17:59:45+08:00 ] 220.181.125.86 /index.php?m=shop&c=brand&a=list&m=shop&brand=196&area_id=19&key=0&order=0&gift=1
INFO: [ app_init ] --START--
INFO: Run Behavior\BuildLiteBehavior [ RunTime:0.000010s ]
INFO: [ app_init ] --END-- [ RunTime:0.000056s ]
ERR: 无法加载模块:Shop

[ 2018-06-27T18:00:02+08:00 ] 220.181.125.86 /index.php?m=shop&c=brand&a=list&m=shop&brand=196&area_id=6&key=1&order=2&gift=1
INFO: [ app_init ] --START--
INFO: Run Behavior\BuildLiteBehavior [ RunTime:0.000011s ]
INFO: [ app_init ] --END-- [ RunTime:0.000060s ]
ERR: 无法加载模块:Shop

[ 2018-06-27T18:00:20+08:00 ] 220.181.125.86 /index.php?m=shop&c=brand&a=list&m=shop&brand=196&area_id=33&key=1&order=1&gift=1
INFO: [ app_init ] --START--
INFO: Run Behavior\BuildLiteBehavior [ RunTime:0.000010s ]
INFO: [ app_init ] --END-- [ RunTime:0.000046s ]
ERR: 无法加载模块:Shop

[ 2018-06-27T18:00:39+08:00 ] 220.181.125.86 /index.php?m=shop&c=brand&a=list&m=shop&brand=96&area_id=13&key=2&order=2&gift=0
INFO: [ app_init ] --START--
INFO: Run Behavior\BuildLiteBehavior [ RunTime:0.000009s ]
INFO: [ app_init ] --END-- [ RunTime:0.000043s ]
ERR: 无法加载模块:Shop

[ 2018-06-27T18:00:55+08:00 ] 220.181.125.86 /index.php?m=shop&c=brand&a=list&m=shop&brand=306&area_id=10&gift=1&type=1&order=1&key=1
INFO: [ app_init ] --START--
INFO: Run Behavior\BuildLiteBehavior [ RunTime:0.000011s ]
INFO: [ app_init ] --END-- [ RunTime:0.000043s ]
ERR: 无法加载模块:Shop

[ 2018-06-27T18:01:11+08:00 ] 220.181.125.86 /index.php?m=shop&c=brand&a=list&m=shop&brand=306&area_id=10&gift=1&type=1
INFO: [ app_init ] --START--
INFO: Run Behavior\BuildLiteBehavior [ RunTime:0.000009s ]
INFO: [ app_init ] --END-- [ RunTime:0.000042s ]
ERR: 无法加载模块:Shop

[ 2018-06-27T18:01:29+08:00 ] 220.181.125.86 /index.php?m=shop&c=brand&a=list&m=shop&brand=306&area_id=20&key=2&order=1&gift=0&type=0
INFO: [ app_init ] --START--
INFO: Run Behavior\BuildLiteBehavior [ RunTime:0.000011s ]
INFO: [ app_init ] --END-- [ RunTime:0.000047s ]
ERR: 无法加载模块:Shop

[ 2018-06-27T18:01:46+08:00 ] 220.181.125.86 /index.php?m=shop&c=brand&a=list&m=shop&brand=196&area_id=19&key=1&order=2&gift=1
INFO: [ app_init ] --START--
INFO: Run Behavior\BuildLiteBehavior [ RunTime:0.000010s ]
INFO: [ app_init ] --END-- [ RunTime:0.000044s ]
ERR: 无法加载模块:Shop

[ 2018-06-27T18:02:05+08:00 ] 220.181.125.86 /index.php?m=shop&c=brand&a=list&m=shop&brand=129&area_id=20&order=1&key=3&type=0&gift=1
INFO: [ app_init ] --START--
INFO: Run Behavior\BuildLiteBehavior [ RunTime:0.000010s ]
INFO: [ app_init ] --END-- [ RunTime:0.000045s ]
ERR: 无法加载模块:Shop

[ 2018-06-27T18:02:23+08:00 ] 220.181.125.86 /index.php?m=shop&c=brand&a=list&m=shop&brand=306&area_id=32&key=0&order=0&gift=0&type=0
INFO: [ app_init ] --START--
INFO: Run Behavior\BuildLiteBehavior [ RunTime:0.000010s ]
INFO: [ app_init ] --END-- [ RunTime:0.000046s ]
ERR: 无法加载模块:Shop

[ 2018-06-27T18:02:42+08:00 ] 220.181.125.86 /index.php?m=shop&c=brand&a=list&m=shop&brand=335&area_id=7&order=2&key=1&gift=1&type=0
INFO: [ app_init ] --START--
INFO: Run Behavior\BuildLiteBehavior [ RunTime:0.000010s ]
INFO: [ app_init ] --END-- [ RunTime:0.000045s ]
ERR: 无法加载模块:Shop

[ 2018-06-27T18:03:00+08:00 ] 220.181.125.86 /index.php?m=shop&c=brand&a=list&m=shop&brand=306&area_id=7&key=0&order=0&gift=0&type=0
INFO: [ app_init ] --START--
INFO: Run Behavior\BuildLiteBehavior [ RunTime:0.000011s ]
INFO: [ app_init ] --END-- [ RunTime:0.000047s ]
ERR: 无法加载模块:Shop

[ 2018-06-27T18:03:18+08:00 ] 220.181.125.86 /index.php?m=shop&c=brand&a=list&m=shop&brand=359&area_id=1&key=2&order=2&gift=0&type=1
INFO: [ app_init ] --START--
INFO: Run Behavior\BuildLiteBehavior [ RunTime:0.000010s ]
INFO: [ app_init ] --END-- [ RunTime:0.000045s ]
ERR: 无法加载模块:Shop

[ 2018-06-27T18:03:37+08:00 ] 220.181.125.86 /index.php?m=shop&c=brand&a=list&m=shop&brand=129&area_id=12&order=1&key=3&type=0&gift=1
INFO: [ app_init ] --START--
INFO: Run Behavior\BuildLiteBehavior [ RunTime:0.000008s ]
INFO: [ app_init ] --END-- [ RunTime:0.000038s ]
ERR: 无法加载模块:Shop

[ 2018-06-27T18:03:57+08:00 ] 220.181.125.86 /index.php?m=shop&c=brand&a=list&m=shop&brand=305&key=2&order=2&area_id=4&type=1&gift=1
INFO: [ app_init ] --START--
INFO: Run Behavior\BuildLiteBehavior [ RunTime:0.000009s ]
INFO: [ app_init ] --END-- [ RunTime:0.000041s ]
ERR: 无法加载模块:Shop

[ 2018-06-27T18:04:19+08:00 ] 220.181.125.86 /index.php?m=shop&c=brand&a=list&m=shop&brand=305&key=2&order=2&area_id=1&type=1&gift=1
INFO: [ app_init ] --START--
INFO: Run Behavior\BuildLiteBehavior [ RunTime:0.000011s ]
INFO: [ app_init ] --END-- [ RunTime:0.000055s ]
ERR: 无法加载模块:Shop

[ 2018-06-27T18:04:43+08:00 ] 220.181.125.86 /index.php?m=shop&c=brand&a=list&m=shop&brand=359&area_id=7&key=2&order=2&gift=0&type=1
INFO: [ app_init ] --START--
INFO: Run Behavior\BuildLiteBehavior [ RunTime:0.000012s ]
INFO: [ app_init ] --END-- [ RunTime:0.000057s ]
ERR: 无法加载模块:Shop

[ 2018-06-27T18:05:19+08:00 ] 220.181.125.86 /index.php?m=shop&c=brand&a=list&m=shop&brand=305&key=2&order=2&area_id=8&type=1&gift=1
INFO: [ app_init ] --START--
INFO: Run Behavior\BuildLiteBehavior [ RunTime:0.000011s ]
INFO: [ app_init ] --END-- [ RunTime:0.000045s ]
ERR: 无法加载模块:Shop

[ 2018-06-27T18:05:36+08:00 ] 220.181.125.86 /index.php?m=shop&c=brand&a=list&m=shop&brand=335&area_id=13&order=2&key=1&gift=1&type=0
INFO: [ app_init ] --START--
INFO: Run Behavior\BuildLiteBehavior [ RunTime:0.000011s ]
INFO: [ app_init ] --END-- [ RunTime:0.000045s ]
ERR: 无法加载模块:Shop

[ 2018-06-27T18:05:56+08:00 ] 220.181.125.86 /index.php?m=shop&c=brand&a=list&m=shop&brand=335&area_id=29&order=2&key=1&gift=1&type=0
INFO: [ app_init ] --START--
INFO: Run Behavior\BuildLiteBehavior [ RunTime:0.000012s ]
INFO: [ app_init ] --END-- [ RunTime:0.000047s ]
ERR: 无法加载模块:Shop

[ 2018-06-27T18:06:16+08:00 ] 220.181.125.86 /index.php?m=shop&c=brand&a=list&m=shop&brand=359&area_id=5&key=2&order=2&gift=0&type=1
INFO: [ app_init ] --START--
INFO: Run Behavior\BuildLiteBehavior [ RunTime:0.000010s ]
INFO: [ app_init ] --END-- [ RunTime:0.000044s ]
ERR: 无法加载模块:Shop

[ 2018-06-27T18:06:41+08:00 ] 220.181.125.86 /index.php?m=shop&c=brand&a=list&m=shop&brand=306&area_id=20&gift=1&type=1&order=1&key=1
INFO: [ app_init ] --START--
INFO: Run Behavior\BuildLiteBehavior [ RunTime:0.000011s ]
INFO: [ app_init ] --END-- [ RunTime:0.000048s ]
ERR: 无法加载模块:Shop

[ 2018-06-27T18:06:50+08:00 ] 220.181.125.86 /index.php?m=shop&c=brand&a=list&m=shop&brand=89&key=1&order=2&area_id=17&gift=0&type=1
INFO: [ app_init ] --START--
INFO: Run Behavior\BuildLiteBehavior [ RunTime:0.000010s ]
INFO: [ app_init ] --END-- [ RunTime:0.000047s ]
ERR: 无法加载模块:Shop

[ 2018-06-27T18:07:09+08:00 ] 220.181.125.86 /index.php?m=shop&c=brand&a=list&m=shop&brand=305&key=2&order=2&area_id=7&type=1&gift=1
INFO: [ app_init ] --START--
INFO: Run Behavior\BuildLiteBehavior [ RunTime:0.000011s ]
INFO: [ app_init ] --END-- [ RunTime:0.000048s ]
ERR: 无法加载模块:Shop

[ 2018-06-27T18:07:27+08:00 ] 220.181.125.86 /index.php?m=shop&c=brand&a=list&m=shop&brand=306&area_id=26&gift=1&type=0&order=2&key=1
INFO: [ app_init ] --START--
INFO: Run Behavior\BuildLiteBehavior [ RunTime:0.000009s ]
INFO: [ app_init ] --END-- [ RunTime:0.000041s ]
ERR: 无法加载模块:Shop

[ 2018-06-27T18:07:45+08:00 ] 220.181.125.86 /index.php?m=shop&c=brand&a=list&m=shop&brand=277&order=2&key=3&area_id=27&gift=1&type=1
INFO: [ app_init ] --START--
INFO: Run Behavior\BuildLiteBehavior [ RunTime:0.000012s ]
INFO: [ app_init ] --END-- [ RunTime:0.000057s ]
ERR: 无法加载模块:Shop

[ 2018-06-27T18:08:01+08:00 ] 157.55.39.212 /index.php?m=shop&c=seller_login&a=show_login
INFO: [ app_init ] --START--
INFO: Run Behavior\BuildLiteBehavior [ RunTime:0.000013s ]
INFO: [ app_init ] --END-- [ RunTime:0.000064s ]
ERR: 无法加载模块:Shop

[ 2018-06-27T18:08:03+08:00 ] 220.181.125.86 /index.php?m=shop&c=brand&a=list&m=shop&brand=317&area_id=14&type=1&order=1&key=1&gift=1
INFO: [ app_init ] --START--
INFO: Run Behavior\BuildLiteBehavior [ RunTime:0.000015s ]
INFO: [ app_init ] --END-- [ RunTime:0.000064s ]
ERR: 无法加载模块:Shop

[ 2018-06-27T18:08:19+08:00 ] 220.181.125.86 /index.php?m=shop&c=brand&a=list&m=shop&brand=335&area_id=9&key=3&order=2&type=1&gift=0
INFO: [ app_init ] --START--
INFO: Run Behavior\BuildLiteBehavior [ RunTime:0.000010s ]
INFO: [ app_init ] --END-- [ RunTime:0.000042s ]
ERR: 无法加载模块:Shop

[ 2018-06-27T18:08:35+08:00 ] 220.181.125.86 /index.php?m=shop&c=brand&a=list&m=shop&brand=305&key=2&order=2&area_id=10&type=1&gift=1
INFO: [ app_init ] --START--
INFO: Run Behavior\BuildLiteBehavior [ RunTime:0.000011s ]
INFO: [ app_init ] --END-- [ RunTime:0.000045s ]
ERR: 无法加载模块:Shop

[ 2018-06-27T18:08:51+08:00 ] 220.181.125.86 /index.php?m=shop&c=brand&a=list&m=shop&brand=317&area_id=32&type=1&order=1&key=1&gift=1
INFO: [ app_init ] --START--
INFO: Run Behavior\BuildLiteBehavior [ RunTime:0.000009s ]
INFO: [ app_init ] --END-- [ RunTime:0.000044s ]
ERR: 无法加载模块:Shop

[ 2018-06-27T18:09:07+08:00 ] 220.181.125.86 /index.php?m=shop&c=brand&a=list&m=shop&brand=317&area_id=23&type=1&gift=1&key=1&order=2
INFO: [ app_init ] --START--
INFO: Run Behavior\BuildLiteBehavior [ RunTime:0.000013s ]
INFO: [ app_init ] --END-- [ RunTime:0.000061s ]
ERR: 无法加载模块:Shop

[ 2018-06-27T18:09:22+08:00 ] 220.181.125.86 /index.php?m=shop&c=brand&a=list&m=shop&brand=317&area_id=15&type=1&order=1&key=1&gift=1
INFO: [ app_init ] --START--
INFO: Run Behavior\BuildLiteBehavior [ RunTime:0.000010s ]
INFO: [ app_init ] --END-- [ RunTime:0.000047s ]
ERR: 无法加载模块:Shop

[ 2018-06-27T18:09:38+08:00 ] 220.181.125.86 /index.php?m=shop&c=brand&a=list&m=shop&brand=305&area_id=35&key=2&order=2&type=0&gift=0
INFO: [ app_init ] --START--
INFO: Run Behavior\BuildLiteBehavior [ RunTime:0.000011s ]
INFO: [ app_init ] --END-- [ RunTime:0.000050s ]
ERR: 无法加载模块:Shop

[ 2018-06-27T18:09:54+08:00 ] 220.181.125.86 /index.php?m=shop&c=brand&a=list&m=shop&brand=305&area_id=14&key=2&order=2&type=1&gift=0
INFO: [ app_init ] --START--
INFO: Run Behavior\BuildLiteBehavior [ RunTime:0.000009s ]
INFO: [ app_init ] --END-- [ RunTime:0.000044s ]
ERR: 无法加载模块:Shop

[ 2018-06-27T18:10:09+08:00 ] 220.181.125.86 /index.php?m=shop&c=brand&a=list&m=shop&brand=348&area_id=23&order=1&key=1&gift=0&type=1
INFO: [ app_init ] --START--
INFO: Run Behavior\BuildLiteBehavior [ RunTime:0.000014s ]
INFO: [ app_init ] --END-- [ RunTime:0.000062s ]
ERR: 无法加载模块:Shop

[ 2018-06-27T18:10:25+08:00 ] 220.181.125.86 /index.php?m=shop&c=brand&a=list&m=shop&brand=250&area_id=33&key=1&order=1&type=1&gift=1
INFO: [ app_init ] --START--
INFO: Run Behavior\BuildLiteBehavior [ RunTime:0.000010s ]
INFO: [ app_init ] --END-- [ RunTime:0.000043s ]
ERR: 无法加载模块:Shop

