[ 2018-06-23T23:59:56+08:00 ] 59.148.200.237 /Admin_Tikuan_checkNotice.html?_=1529766695749
INFO: [ app_init ] --START--
INFO: Run Behavior\BuildLiteBehavior [ RunTime:0.000022s ]
INFO: [ app_init ] --END-- [ RunTime:0.000076s ]
INFO: [ app_begin ] --START--
INFO: Run Behavior\ReadHtmlCacheBehavior [ RunTime:0.000374s ]
INFO: Run Behavior\CheckLangBehavior [ RunTime:0.000545s ]
INFO: [ app_begin ] --END-- [ RunTime:0.000970s ]
SQL: SHOW COLUMNS FROM `pay_tklist` [ RunTime:0.0005s ]
SQL: SELECT COUNT(*) AS tp_count FROM `pay_tklist` WHERE `status` = 0 LIMIT 1   [ RunTime:0.0002s ]
SQL: SHOW COLUMNS FROM `pay_wttklist` [ RunTime:0.0004s ]
SQL: SELECT COUNT(*) AS tp_count FROM `pay_wttklist` WHERE `status` = 0 LIMIT 1   [ RunTime:0.0002s ]

[ 2018-06-23T23:59:58+08:00 ] 59.148.200.238 /Admin_Tikuan_checkNotice.html?_=1529756795708
INFO: [ app_init ] --START--
INFO: Run Behavior\BuildLiteBehavior [ RunTime:0.000010s ]
INFO: [ app_init ] --END-- [ RunTime:0.000045s ]
INFO: [ app_begin ] --START--
INFO: Run Behavior\ReadHtmlCacheBehavior [ RunTime:0.000364s ]
INFO: Run Behavior\CheckLangBehavior [ RunTime:0.000545s ]
INFO: [ app_begin ] --END-- [ RunTime:0.000958s ]
SQL: SHOW COLUMNS FROM `pay_tklist` [ RunTime:0.0005s ]
SQL: SELECT COUNT(*) AS tp_count FROM `pay_tklist` WHERE `status` = 0 LIMIT 1   [ RunTime:0.0002s ]
SQL: SHOW COLUMNS FROM `pay_wttklist` [ RunTime:0.0004s ]
SQL: SELECT COUNT(*) AS tp_count FROM `pay_wttklist` WHERE `status` = 0 LIMIT 1   [ RunTime:0.0002s ]

[ 2018-06-23T23:59:59+08:00 ] 59.148.200.238 /Admin_Tikuan_checkNotice.html?_=1529756872863
INFO: [ app_init ] --START--
INFO: Run Behavior\BuildLiteBehavior [ RunTime:0.000010s ]
INFO: [ app_init ] --END-- [ RunTime:0.000044s ]
INFO: [ app_begin ] --START--
INFO: Run Behavior\ReadHtmlCacheBehavior [ RunTime:0.000348s ]
INFO: Run Behavior\CheckLangBehavior [ RunTime:0.000530s ]
INFO: [ app_begin ] --END-- [ RunTime:0.000925s ]
SQL: SHOW COLUMNS FROM `pay_tklist` [ RunTime:0.0005s ]
SQL: SELECT COUNT(*) AS tp_count FROM `pay_tklist` WHERE `status` = 0 LIMIT 1   [ RunTime:0.0002s ]
SQL: SHOW COLUMNS FROM `pay_wttklist` [ RunTime:0.0004s ]
SQL: SELECT COUNT(*) AS tp_count FROM `pay_wttklist` WHERE `status` = 0 LIMIT 1   [ RunTime:0.0002s ]

